{"/home/travis/build/npmtest/node-npmtest-yauzl/test.js":{"path":"/home/travis/build/npmtest/node-npmtest-yauzl/test.js","s":{"1":2,"2":2,"3":2,"4":2,"5":2,"6":2,"7":2,"8":1,"9":2,"10":2,"11":1,"12":1,"13":1,"14":1,"15":2,"16":2,"17":2,"18":2,"19":1,"20":1,"21":2,"22":2,"23":2,"24":1,"25":1,"26":1,"27":1,"28":1,"29":1,"30":1,"31":1,"32":1,"33":1,"34":1,"35":1,"36":1,"37":1,"38":1,"39":2,"40":2,"41":1,"42":2,"43":2,"44":1,"45":2,"46":2,"47":1,"48":2,"49":2,"50":1,"51":1,"52":1,"53":1,"54":1},"b":{"1":[2,1,1,1],"2":[1,1,1,1],"3":[1,1],"4":[1,1],"5":[1,1],"6":[1,1],"7":[1,1],"8":[1,1],"9":[1,1],"10":[1,1,1],"11":[1,1],"12":[1,1],"13":[1,1],"14":[1,1],"15":[1,1],"16":[1,1],"17":[1,1]},"f":{"1":2,"2":2,"3":2,"4":2,"5":2,"6":1,"7":1,"8":1,"9":2,"10":2,"11":2,"12":2,"13":1},"fnMap":{"1":{"name":"(anonymous_1)","line":12,"loc":{"start":{"line":12,"column":1},"end":{"line":12,"column":13}}},"2":{"name":"(anonymous_2)","line":19,"loc":{"start":{"line":19,"column":5},"end":{"line":19,"column":17}}},"3":{"name":"(anonymous_3)","line":23,"loc":{"start":{"line":23,"column":24},"end":{"line":23,"column":36}}},"4":{"name":"(anonymous_4)","line":61,"loc":{"start":{"line":61,"column":5},"end":{"line":61,"column":17}}},"5":{"name":"(anonymous_5)","line":82,"loc":{"start":{"line":82,"column":5},"end":{"line":82,"column":17}}},"6":{"name":"(anonymous_6)","line":91,"loc":{"start":{"line":91,"column":77},"end":{"line":94,"column":10}}},"7":{"name":"(anonymous_7)","line":112,"loc":{"start":{"line":112,"column":83},"end":{"line":115,"column":10}},"skip":true},"8":{"name":"(anonymous_8)","line":123,"loc":{"start":{"line":123,"column":77},"end":{"line":126,"column":10}},"skip":true},"9":{"name":"(anonymous_9)","line":139,"loc":{"start":{"line":139,"column":12},"end":{"line":139,"column":40}},"skip":true},"10":{"name":"(anonymous_10)","line":147,"loc":{"start":{"line":147,"column":77},"end":{"line":150,"column":10}},"skip":true},"11":{"name":"(anonymous_11)","line":158,"loc":{"start":{"line":158,"column":83},"end":{"line":161,"column":10}},"skip":true},"12":{"name":"(anonymous_12)","line":169,"loc":{"start":{"line":169,"column":79},"end":{"line":172,"column":10}},"skip":true},"13":{"name":"(anonymous_13)","line":180,"loc":{"start":{"line":180,"column":75},"end":{"line":183,"column":10}},"skip":true}},"statementMap":{"1":{"start":{"line":12,"column":0},"end":{"line":195,"column":5}},"2":{"start":{"line":14,"column":4},"end":{"line":14,"column":14}},"3":{"start":{"line":19,"column":4},"end":{"line":56,"column":9}},"4":{"start":{"line":21,"column":8},"end":{"line":21,"column":19}},"5":{"start":{"line":23,"column":8},"end":{"line":35,"column":13}},"6":{"start":{"line":24,"column":12},"end":{"line":34,"column":13}},"7":{"start":{"line":25,"column":16},"end":{"line":28,"column":30}},"8":{"start":{"line":30,"column":16},"end":{"line":33,"column":27}},"9":{"start":{"line":37,"column":8},"end":{"line":39,"column":21}},"10":{"start":{"line":40,"column":8},"end":{"line":53,"column":9}},"11":{"start":{"line":43,"column":12},"end":{"line":46,"column":14}},"12":{"start":{"line":47,"column":12},"end":{"line":47,"column":18}},"13":{"start":{"line":50,"column":12},"end":{"line":51,"column":33}},"14":{"start":{"line":52,"column":12},"end":{"line":52,"column":18}},"15":{"start":{"line":55,"column":8},"end":{"line":55,"column":35}},"16":{"start":{"line":61,"column":4},"end":{"line":63,"column":9}},"17":{"start":{"line":62,"column":8},"end":{"line":62,"column":15}},"18":{"start":{"line":64,"column":4},"end":{"line":77,"column":5}},"19":{"start":{"line":70,"column":8},"end":{"line":70,"column":14}},"20":{"start":{"line":76,"column":8},"end":{"line":76,"column":14}},"21":{"start":{"line":82,"column":4},"end":{"line":84,"column":9}},"22":{"start":{"line":83,"column":8},"end":{"line":83,"column":15}},"23":{"start":{"line":85,"column":4},"end":{"line":194,"column":5}},"24":{"start":{"line":91,"column":8},"end":{"line":99,"column":10}},"25":{"start":{"line":98,"column":12},"end":{"line":98,"column":35}},"26":{"start":{"line":102,"column":8},"end":{"line":104,"column":63}},"27":{"start":{"line":105,"column":8},"end":{"line":105,"column":14}},"28":{"start":{"line":112,"column":8},"end":{"line":121,"column":10},"skip":true},"29":{"start":{"line":119,"column":12},"end":{"line":119,"column":55},"skip":true},"30":{"start":{"line":120,"column":12},"end":{"line":120,"column":48},"skip":true},"31":{"start":{"line":123,"column":8},"end":{"line":136,"column":10},"skip":true},"32":{"start":{"line":130,"column":12},"end":{"line":130,"column":76},"skip":true},"33":{"start":{"line":131,"column":12},"end":{"line":131,"column":73},"skip":true},"34":{"start":{"line":132,"column":12},"end":{"line":132,"column":74},"skip":true},"35":{"start":{"line":133,"column":12},"end":{"line":133,"column":79},"skip":true},"36":{"start":{"line":134,"column":12},"end":{"line":134,"column":25},"skip":true},"37":{"start":{"line":135,"column":12},"end":{"line":135,"column":45},"skip":true},"38":{"start":{"line":138,"column":8},"end":{"line":145,"column":14},"skip":true},"39":{"start":{"line":143,"column":16},"end":{"line":143,"column":29},"skip":true},"40":{"start":{"line":144,"column":16},"end":{"line":144,"column":55},"skip":true},"41":{"start":{"line":147,"column":8},"end":{"line":156,"column":10},"skip":true},"42":{"start":{"line":154,"column":12},"end":{"line":154,"column":25},"skip":true},"43":{"start":{"line":155,"column":12},"end":{"line":155,"column":45},"skip":true},"44":{"start":{"line":158,"column":8},"end":{"line":167,"column":10},"skip":true},"45":{"start":{"line":165,"column":12},"end":{"line":165,"column":25},"skip":true},"46":{"start":{"line":166,"column":12},"end":{"line":166,"column":48},"skip":true},"47":{"start":{"line":169,"column":8},"end":{"line":178,"column":10},"skip":true},"48":{"start":{"line":176,"column":12},"end":{"line":176,"column":25},"skip":true},"49":{"start":{"line":177,"column":12},"end":{"line":177,"column":46},"skip":true},"50":{"start":{"line":180,"column":8},"end":{"line":189,"column":10},"skip":true},"51":{"start":{"line":187,"column":12},"end":{"line":187,"column":94},"skip":true},"52":{"start":{"line":188,"column":12},"end":{"line":188,"column":48},"skip":true},"53":{"start":{"line":192,"column":8},"end":{"line":192,"column":35},"skip":true},"54":{"start":{"line":193,"column":8},"end":{"line":193,"column":14},"skip":true}},"branchMap":{"1":{"line":25,"type":"binary-expr","locations":[{"start":{"line":25,"column":23},"end":{"line":25,"column":62}},{"start":{"line":26,"column":20},"end":{"line":26,"column":70}},{"start":{"line":27,"column":20},"end":{"line":27,"column":71}},{"start":{"line":28,"column":20},"end":{"line":28,"column":29}}]},"2":{"line":30,"type":"binary-expr","locations":[{"start":{"line":30,"column":23},"end":{"line":30,"column":37}},{"start":{"line":31,"column":20},"end":{"line":31,"column":61}},{"start":{"line":32,"column":20},"end":{"line":32,"column":70}},{"start":{"line":33,"column":20},"end":{"line":33,"column":26}}]},"3":{"line":37,"type":"cond-expr","locations":[{"start":{"line":38,"column":14},"end":{"line":38,"column":20}},{"start":{"line":39,"column":14},"end":{"line":39,"column":20}}]},"4":{"line":40,"type":"switch","locations":[{"start":{"line":42,"column":8},"end":{"line":47,"column":18}},{"start":{"line":49,"column":8},"end":{"line":52,"column":18}}]},"5":{"line":44,"type":"binary-expr","locations":[{"start":{"line":44,"column":16},"end":{"line":44,"column":44}},{"start":{"line":44,"column":48},"end":{"line":44,"column":66}}]},"6":{"line":50,"type":"binary-expr","locations":[{"start":{"line":50,"column":21},"end":{"line":50,"column":49}},{"start":{"line":50,"column":53},"end":{"line":50,"column":72}}]},"7":{"line":64,"type":"switch","locations":[{"start":{"line":69,"column":4},"end":{"line":70,"column":14}},{"start":{"line":75,"column":4},"end":{"line":76,"column":14}}]},"8":{"line":85,"type":"switch","locations":[{"start":{"line":90,"column":4},"end":{"line":105,"column":14}},{"start":{"line":111,"column":4},"end":{"line":193,"column":14},"skip":true}]},"9":{"line":91,"type":"binary-expr","locations":[{"start":{"line":91,"column":42},"end":{"line":91,"column":73}},{"start":{"line":91,"column":77},"end":{"line":99,"column":9}}]},"10":{"line":102,"type":"binary-expr","locations":[{"start":{"line":102,"column":18},"end":{"line":102,"column":32}},{"start":{"line":103,"column":12},"end":{"line":103,"column":53}},{"start":{"line":104,"column":12},"end":{"line":104,"column":61}}]},"11":{"line":112,"type":"binary-expr","locations":[{"start":{"line":112,"column":45},"end":{"line":112,"column":79},"skip":true},{"start":{"line":112,"column":83},"end":{"line":121,"column":9},"skip":true}]},"12":{"line":123,"type":"binary-expr","locations":[{"start":{"line":123,"column":42},"end":{"line":123,"column":73},"skip":true},{"start":{"line":123,"column":77},"end":{"line":136,"column":9},"skip":true}]},"13":{"line":138,"type":"binary-expr","locations":[{"start":{"line":138,"column":48},"end":{"line":138,"column":85},"skip":true},{"start":{"line":139,"column":12},"end":{"line":145,"column":13},"skip":true}]},"14":{"line":147,"type":"binary-expr","locations":[{"start":{"line":147,"column":42},"end":{"line":147,"column":73},"skip":true},{"start":{"line":147,"column":77},"end":{"line":156,"column":9},"skip":true}]},"15":{"line":158,"type":"binary-expr","locations":[{"start":{"line":158,"column":45},"end":{"line":158,"column":79},"skip":true},{"start":{"line":158,"column":83},"end":{"line":167,"column":9},"skip":true}]},"16":{"line":169,"type":"binary-expr","locations":[{"start":{"line":169,"column":43},"end":{"line":169,"column":75},"skip":true},{"start":{"line":169,"column":79},"end":{"line":178,"column":9},"skip":true}]},"17":{"line":180,"type":"binary-expr","locations":[{"start":{"line":180,"column":41},"end":{"line":180,"column":71},"skip":true},{"start":{"line":180,"column":75},"end":{"line":189,"column":9},"skip":true}]}},"code":["/* istanbul instrument in package npmtest_yauzl */","/*jslint","    bitwise: true,","    browser: true,","    maxerr: 8,","    maxlen: 96,","    node: true,","    nomen: true,","    regexp: true,","    stupid: true","*/","(function () {","    'use strict';","    var local;","","","","    // run shared js-env code - init-before","    (function () {","        // init local","        local = {};","        // init modeJs","        local.modeJs = (function () {","            try {","                return typeof navigator.userAgent === 'string' &&","                    typeof document.querySelector('body') === 'object' &&","                    typeof XMLHttpRequest.prototype.open === 'function' &&","                    'browser';","            } catch (errorCaughtBrowser) {","                return module.exports &&","                    typeof process.versions.node === 'string' &&","                    typeof require('http').createServer === 'function' &&","                    'node';","            }","        }());","        // init global","        local.global = local.modeJs === 'browser'","            ? window","            : global;","        switch (local.modeJs) {","        // re-init local from window.local","        case 'browser':","            local = local.global.utility2.objectSetDefault(","                local.global.utility2_rollup || local.global.local,","                local.global.utility2","            );","            break;","        // re-init local from example.js","        case 'node':","            local = (local.global.utility2_rollup || require('utility2'))","                .requireReadme();","            break;","        }","        // export local","        local.global.local = local;","    }());","","","","    // run shared js-env code - function","    (function () {","        return;","    }());","    switch (local.modeJs) {","","","","    // run browser js-env code - function","    case 'browser':","        break;","","","","    // run node js-env code - function","    case 'node':","        break;","    }","","","","    // run shared js-env code - init-after","    (function () {","        return;","    }());","    switch (local.modeJs) {","","","","    // run browser js-env code - init-after","    case 'browser':","        local.testCase_browser_nullCase = local.testCase_browser_nullCase || function (","            options,","            onError","        ) {","        /*","         * this function will test browsers's null-case handling-behavior-behavior","         */","            onError(null, options);","        };","","        // run tests","        local.nop(local.modeTest &&","            document.querySelector('#testRunButton1') &&","            document.querySelector('#testRunButton1').click());","        break;","","","","    // run node js-env code - init-after","    /* istanbul ignore next */","    case 'node':","        local.testCase_buildApidoc_default = local.testCase_buildApidoc_default || function (","            options,","            onError","        ) {","        /*","         * this function will test buildApidoc's default handling-behavior-behavior","         */","            options = { modulePathList: module.paths };","            local.buildApidoc(options, onError);","        };","","        local.testCase_buildApp_default = local.testCase_buildApp_default || function (","            options,","            onError","        ) {","        /*","         * this function will test buildApp's default handling-behavior-behavior","         */","            local.testCase_buildReadme_default(options, local.onErrorThrow);","            local.testCase_buildLib_default(options, local.onErrorThrow);","            local.testCase_buildTest_default(options, local.onErrorThrow);","            local.testCase_buildCustomOrg_default(options, local.onErrorThrow);","            options = [];","            local.buildApp(options, onError);","        };","","        local.testCase_buildCustomOrg_default = local.testCase_buildCustomOrg_default ||","            function (options, onError) {","            /*","             * this function will test buildCustomOrg's default handling-behavior","             */","                options = {};","                local.buildCustomOrg(options, onError);","            };","","        local.testCase_buildLib_default = local.testCase_buildLib_default || function (","            options,","            onError","        ) {","        /*","         * this function will test buildLib's default handling-behavior","         */","            options = {};","            local.buildLib(options, onError);","        };","","        local.testCase_buildReadme_default = local.testCase_buildReadme_default || function (","            options,","            onError","        ) {","        /*","         * this function will test buildReadme's default handling-behavior-behavior","         */","            options = {};","            local.buildReadme(options, onError);","        };","","        local.testCase_buildTest_default = local.testCase_buildTest_default || function (","            options,","            onError","        ) {","        /*","         * this function will test buildTest's default handling-behavior","         */","            options = {};","            local.buildTest(options, onError);","        };","","        local.testCase_webpage_default = local.testCase_webpage_default || function (","            options,","            onError","        ) {","        /*","         * this function will test webpage's default handling-behavior","         */","            options = { modeCoverageMerge: true, url: local.serverLocalHost + '?modeTest=1' };","            local.browserTest(options, onError);","        };","","        // run test-server","        local.testRunServer(local);","        break;","    }","}());",""],"l":{"12":2,"14":2,"19":2,"21":2,"23":2,"24":2,"25":2,"30":1,"37":2,"40":2,"43":1,"47":1,"50":1,"52":1,"55":2,"61":2,"62":2,"64":2,"70":1,"76":1,"82":2,"83":2,"85":2,"91":1,"98":1,"102":1,"105":1,"112":1,"119":1,"120":1,"123":1,"130":1,"131":1,"132":1,"133":1,"134":1,"135":1,"138":1,"143":2,"144":2,"147":1,"154":2,"155":2,"158":1,"165":2,"166":2,"169":1,"176":2,"177":2,"180":1,"187":1,"188":1,"192":1,"193":1}},"/home/travis/build/npmtest/node-npmtest-yauzl/lib.npmtest_yauzl.js":{"path":"/home/travis/build/npmtest/node-npmtest-yauzl/lib.npmtest_yauzl.js","s":{"1":2,"2":2,"3":2,"4":2,"5":2,"6":2,"7":2,"8":1,"9":2,"10":2,"11":2,"12":2,"13":1,"14":1,"15":1,"16":1},"b":{"1":[2,1,1,1],"2":[1,1,1,1],"3":[1,1],"4":[2,2],"5":[1,1]},"f":{"1":2,"2":2,"3":2},"fnMap":{"1":{"name":"(anonymous_1)","line":12,"loc":{"start":{"line":12,"column":1},"end":{"line":12,"column":13}}},"2":{"name":"(anonymous_2)","line":19,"loc":{"start":{"line":19,"column":5},"end":{"line":19,"column":17}}},"3":{"name":"(anonymous_3)","line":23,"loc":{"start":{"line":23,"column":24},"end":{"line":23,"column":36}}}},"statementMap":{"1":{"start":{"line":12,"column":0},"end":{"line":53,"column":5}},"2":{"start":{"line":14,"column":4},"end":{"line":14,"column":14}},"3":{"start":{"line":19,"column":4},"end":{"line":52,"column":9}},"4":{"start":{"line":21,"column":8},"end":{"line":21,"column":19}},"5":{"start":{"line":23,"column":8},"end":{"line":35,"column":13}},"6":{"start":{"line":24,"column":12},"end":{"line":34,"column":13}},"7":{"start":{"line":25,"column":16},"end":{"line":28,"column":30}},"8":{"start":{"line":30,"column":16},"end":{"line":33,"column":27}},"9":{"start":{"line":37,"column":8},"end":{"line":39,"column":21}},"10":{"start":{"line":41,"column":8},"end":{"line":41,"column":54}},"11":{"start":{"line":43,"column":8},"end":{"line":43,"column":50}},"12":{"start":{"line":45,"column":8},"end":{"line":51,"column":9}},"13":{"start":{"line":46,"column":12},"end":{"line":46,"column":56}},"14":{"start":{"line":48,"column":12},"end":{"line":48,"column":35}},"15":{"start":{"line":49,"column":12},"end":{"line":49,"column":49}},"16":{"start":{"line":50,"column":12},"end":{"line":50,"column":43}}},"branchMap":{"1":{"line":25,"type":"binary-expr","locations":[{"start":{"line":25,"column":23},"end":{"line":25,"column":62}},{"start":{"line":26,"column":20},"end":{"line":26,"column":70}},{"start":{"line":27,"column":20},"end":{"line":27,"column":71}},{"start":{"line":28,"column":20},"end":{"line":28,"column":29}}]},"2":{"line":30,"type":"binary-expr","locations":[{"start":{"line":30,"column":23},"end":{"line":30,"column":37}},{"start":{"line":31,"column":20},"end":{"line":31,"column":61}},{"start":{"line":32,"column":20},"end":{"line":32,"column":70}},{"start":{"line":33,"column":20},"end":{"line":33,"column":26}}]},"3":{"line":37,"type":"cond-expr","locations":[{"start":{"line":38,"column":14},"end":{"line":38,"column":20}},{"start":{"line":39,"column":14},"end":{"line":39,"column":20}}]},"4":{"line":41,"type":"binary-expr","locations":[{"start":{"line":41,"column":16},"end":{"line":41,"column":44}},{"start":{"line":41,"column":48},"end":{"line":41,"column":53}}]},"5":{"line":45,"type":"if","locations":[{"start":{"line":45,"column":8},"end":{"line":45,"column":8}},{"start":{"line":45,"column":8},"end":{"line":45,"column":8}}]}},"code":["/* istanbul instrument in package npmtest_yauzl */","/*jslint","    bitwise: true,","    browser: true,","    maxerr: 8,","    maxlen: 96,","    node: true,","    nomen: true,","    regexp: true,","    stupid: true","*/","(function () {","    'use strict';","    var local;","","","","    // run shared js-env code - init-before","    (function () {","        // init local","        local = {};","        // init modeJs","        local.modeJs = (function () {","            try {","                return typeof navigator.userAgent === 'string' &&","                    typeof document.querySelector('body') === 'object' &&","                    typeof XMLHttpRequest.prototype.open === 'function' &&","                    'browser';","            } catch (errorCaughtBrowser) {","                return module.exports &&","                    typeof process.versions.node === 'string' &&","                    typeof require('http').createServer === 'function' &&","                    'node';","            }","        }());","        // init global","        local.global = local.modeJs === 'browser'","            ? window","            : global;","        // init utility2_rollup","        local = local.global.utility2_rollup || local;","        // init lib","        local.local = local.npmtest_yauzl = local;","        // init exports","        if (local.modeJs === 'browser') {","            local.global.utility2_npmtest_yauzl = local;","        } else {","            module.exports = local;","            module.exports.__dirname = __dirname;","            module.exports.module = module;","        }","    }());","}());",""],"l":{"12":2,"14":2,"19":2,"21":2,"23":2,"24":2,"25":2,"30":1,"37":2,"41":2,"43":2,"45":2,"46":1,"48":1,"49":1,"50":1}},"/home/travis/build/npmtest/node-npmtest-yauzl/example.js":{"path":"/home/travis/build/npmtest/node-npmtest-yauzl/example.js","s":{"1":2,"2":2,"3":2,"4":2,"5":2,"6":2,"7":2,"8":1,"9":2,"10":2,"11":2,"12":2,"13":1,"14":2,"15":2,"16":2,"17":2,"18":2,"19":0,"20":2,"21":1,"22":1,"23":1,"24":1,"25":1,"26":0,"27":0,"28":1,"29":1,"30":2,"31":0,"32":0,"33":0,"34":1,"35":2,"36":2,"37":3,"38":3,"39":3,"40":3,"41":0,"42":3,"43":3,"44":3,"45":1,"46":3,"47":1,"48":1,"49":1,"50":1,"51":1,"52":1,"53":1,"54":1,"55":1,"56":1,"57":0,"58":1,"59":6,"60":6,"61":1,"62":2,"63":0,"64":2,"65":1,"66":1,"67":0,"68":0,"69":0,"70":0,"71":0,"72":0,"73":0,"74":0,"75":0,"76":0,"77":0,"78":0,"79":0,"80":0,"81":0,"82":0,"83":0},"b":{"1":[2,1,1,1],"2":[1,1,1,1],"3":[1,1],"4":[2,2],"5":[1,1],"6":[1,1],"7":[2,0],"8":[2,1,1,1,1,1],"9":[0,2,0],"10":[1,1],"11":[2,1,1],"12":[1,0],"13":[0,2],"14":[2,0,0,0,0,0,0],"15":[0,3],"16":[3,0],"17":[1,1],"18":[0,1],"19":[1,2,0,2],"20":[1,0],"21":[1,1],"22":[0,0],"23":[0,0],"24":[0,0],"25":[0,0],"26":[0,0],"27":[0,0],"28":[0,0]},"f":{"1":2,"2":2,"3":2,"4":2,"5":2,"6":2,"7":3,"8":3,"9":3,"10":1,"11":6,"12":0},"fnMap":{"1":{"name":"(anonymous_1)","line":26,"loc":{"start":{"line":26,"column":1},"end":{"line":26,"column":13}}},"2":{"name":"(anonymous_2)","line":33,"loc":{"start":{"line":33,"column":5},"end":{"line":33,"column":17}}},"3":{"name":"(anonymous_3)","line":37,"loc":{"start":{"line":37,"column":24},"end":{"line":37,"column":36}}},"4":{"name":"(anonymous_4)","line":69,"loc":{"start":{"line":69,"column":31},"end":{"line":69,"column":48}},"skip":true},"5":{"name":"(anonymous_5)","line":78,"loc":{"start":{"line":78,"column":26},"end":{"line":78,"column":45}},"skip":true},"6":{"name":"(anonymous_6)","line":123,"loc":{"start":{"line":123,"column":33},"end":{"line":123,"column":48}},"skip":true},"7":{"name":"(anonymous_7)","line":125,"loc":{"start":{"line":125,"column":27},"end":{"line":125,"column":39}},"skip":true},"8":{"name":"(anonymous_8)","line":133,"loc":{"start":{"line":133,"column":59},"end":{"line":133,"column":74}},"skip":true},"9":{"name":"(anonymous_9)","line":143,"loc":{"start":{"line":143,"column":45},"end":{"line":143,"column":62}},"skip":true},"10":{"name":"(anonymous_10)","line":144,"loc":{"start":{"line":144,"column":73},"end":{"line":144,"column":92}},"skip":true},"11":{"name":"(anonymous_11)","line":272,"loc":{"start":{"line":272,"column":51},"end":{"line":272,"column":77}},"skip":true},"12":{"name":"(anonymous_12)","line":315,"loc":{"start":{"line":315,"column":32},"end":{"line":315,"column":61}},"skip":true}},"statementMap":{"1":{"start":{"line":26,"column":0},"end":{"line":326,"column":5}},"2":{"start":{"line":28,"column":4},"end":{"line":28,"column":14}},"3":{"start":{"line":33,"column":4},"end":{"line":60,"column":9}},"4":{"start":{"line":35,"column":8},"end":{"line":35,"column":19}},"5":{"start":{"line":37,"column":8},"end":{"line":49,"column":13}},"6":{"start":{"line":38,"column":12},"end":{"line":48,"column":13}},"7":{"start":{"line":39,"column":16},"end":{"line":42,"column":30}},"8":{"start":{"line":44,"column":16},"end":{"line":47,"column":27}},"9":{"start":{"line":51,"column":8},"end":{"line":53,"column":21}},"10":{"start":{"line":55,"column":8},"end":{"line":57,"column":45}},"11":{"start":{"line":59,"column":8},"end":{"line":59,"column":35}},"12":{"start":{"line":61,"column":4},"end":{"line":325,"column":5}},"13":{"start":{"line":69,"column":8},"end":{"line":121,"column":10},"skip":true},"14":{"start":{"line":70,"column":12},"end":{"line":88,"column":13},"skip":true},"15":{"start":{"line":76,"column":16},"end":{"line":87,"column":19},"skip":true},"16":{"start":{"line":79,"column":20},"end":{"line":86,"column":21},"skip":true},"17":{"start":{"line":82,"column":24},"end":{"line":82,"column":43},"skip":true},"18":{"start":{"line":83,"column":24},"end":{"line":83,"column":30},"skip":true},"19":{"start":{"line":85,"column":24},"end":{"line":85,"column":49},"skip":true},"20":{"start":{"line":89,"column":12},"end":{"line":107,"column":13},"skip":true},"21":{"start":{"line":92,"column":16},"end":{"line":102,"column":17},"skip":true},"22":{"start":{"line":93,"column":20},"end":{"line":93,"column":86},"skip":true},"23":{"start":{"line":94,"column":20},"end":{"line":95,"column":45},"skip":true},"24":{"start":{"line":96,"column":20},"end":{"line":96,"column":42},"skip":true},"25":{"start":{"line":97,"column":20},"end":{"line":97,"column":48},"skip":true},"26":{"start":{"line":100,"column":20},"end":{"line":100,"column":85},"skip":true},"27":{"start":{"line":101,"column":20},"end":{"line":101,"column":96},"skip":true},"28":{"start":{"line":103,"column":16},"end":{"line":103,"column":22},"skip":true},"29":{"start":{"line":106,"column":16},"end":{"line":106,"column":22},"skip":true},"30":{"start":{"line":108,"column":12},"end":{"line":120,"column":13},"skip":true},"31":{"start":{"line":114,"column":16},"end":{"line":119,"column":17},"skip":true},"32":{"start":{"line":116,"column":20},"end":{"line":116,"column":78},"skip":true},"33":{"start":{"line":118,"column":20},"end":{"line":118,"column":47},"skip":true},"34":{"start":{"line":123,"column":8},"end":{"line":141,"column":11},"skip":true},"35":{"start":{"line":124,"column":12},"end":{"line":124,"column":54},"skip":true},"36":{"start":{"line":125,"column":12},"end":{"line":140,"column":14},"skip":true},"37":{"start":{"line":126,"column":16},"end":{"line":126,"column":28},"skip":true},"38":{"start":{"line":127,"column":16},"end":{"line":127,"column":69},"skip":true},"39":{"start":{"line":128,"column":16},"end":{"line":128,"column":75},"skip":true},"40":{"start":{"line":129,"column":16},"end":{"line":131,"column":17},"skip":true},"41":{"start":{"line":130,"column":20},"end":{"line":130,"column":27},"skip":true},"42":{"start":{"line":133,"column":16},"end":{"line":137,"column":36},"skip":true},"43":{"start":{"line":134,"column":20},"end":{"line":136,"column":55},"skip":true},"44":{"start":{"line":139,"column":16},"end":{"line":139,"column":57},"skip":true},"45":{"start":{"line":143,"column":8},"end":{"line":147,"column":11},"skip":true},"46":{"start":{"line":144,"column":12},"end":{"line":146,"column":15},"skip":true},"47":{"start":{"line":145,"column":16},"end":{"line":145,"column":70},"skip":true},"48":{"start":{"line":149,"column":8},"end":{"line":149,"column":31},"skip":true},"49":{"start":{"line":150,"column":8},"end":{"line":150,"column":14},"skip":true},"50":{"start":{"line":158,"column":8},"end":{"line":158,"column":31},"skip":true},"51":{"start":{"line":160,"column":8},"end":{"line":160,"column":33},"skip":true},"52":{"start":{"line":161,"column":8},"end":{"line":161,"column":37},"skip":true},"53":{"start":{"line":162,"column":8},"end":{"line":162,"column":35},"skip":true},"54":{"start":{"line":164,"column":8},"end":{"line":164,"column":50},"skip":true},"55":{"start":{"line":166,"column":8},"end":{"line":256,"column":2},"skip":true},"56":{"start":{"line":258,"column":8},"end":{"line":286,"column":9},"skip":true},"57":{"start":{"line":259,"column":12},"end":{"line":269,"column":14},"skip":true},"58":{"start":{"line":271,"column":12},"end":{"line":285,"column":19},"skip":true},"59":{"start":{"line":274,"column":20},"end":{"line":274,"column":35},"skip":true},"60":{"start":{"line":275,"column":20},"end":{"line":284,"column":21},"skip":true},"61":{"start":{"line":277,"column":24},"end":{"line":277,"column":64},"skip":true},"62":{"start":{"line":279,"column":24},"end":{"line":279,"column":40},"skip":true},"63":{"start":{"line":281,"column":24},"end":{"line":281,"column":40},"skip":true},"64":{"start":{"line":283,"column":24},"end":{"line":283,"column":39},"skip":true},"65":{"start":{"line":288,"column":8},"end":{"line":290,"column":9},"skip":true},"66":{"start":{"line":289,"column":12},"end":{"line":289,"column":18},"skip":true},"67":{"start":{"line":291,"column":8},"end":{"line":293,"column":54},"skip":true},"68":{"start":{"line":296,"column":8},"end":{"line":301,"column":37},"skip":true},"69":{"start":{"line":303,"column":8},"end":{"line":303,"column":82},"skip":true},"70":{"start":{"line":306,"column":8},"end":{"line":308,"column":9},"skip":true},"71":{"start":{"line":307,"column":12},"end":{"line":307,"column":82},"skip":true},"72":{"start":{"line":310,"column":8},"end":{"line":312,"column":9},"skip":true},"73":{"start":{"line":311,"column":12},"end":{"line":311,"column":18},"skip":true},"74":{"start":{"line":313,"column":8},"end":{"line":313,"column":54},"skip":true},"75":{"start":{"line":314,"column":8},"end":{"line":314,"column":69},"skip":true},"76":{"start":{"line":315,"column":8},"end":{"line":323,"column":36},"skip":true},"77":{"start":{"line":316,"column":12},"end":{"line":316,"column":61},"skip":true},"78":{"start":{"line":317,"column":12},"end":{"line":320,"column":13},"skip":true},"79":{"start":{"line":318,"column":16},"end":{"line":318,"column":75},"skip":true},"80":{"start":{"line":319,"column":16},"end":{"line":319,"column":23},"skip":true},"81":{"start":{"line":321,"column":12},"end":{"line":321,"column":38},"skip":true},"82":{"start":{"line":322,"column":12},"end":{"line":322,"column":27},"skip":true},"83":{"start":{"line":324,"column":8},"end":{"line":324,"column":14},"skip":true}},"branchMap":{"1":{"line":39,"type":"binary-expr","locations":[{"start":{"line":39,"column":23},"end":{"line":39,"column":62}},{"start":{"line":40,"column":20},"end":{"line":40,"column":70}},{"start":{"line":41,"column":20},"end":{"line":41,"column":71}},{"start":{"line":42,"column":20},"end":{"line":42,"column":29}}]},"2":{"line":44,"type":"binary-expr","locations":[{"start":{"line":44,"column":23},"end":{"line":44,"column":37}},{"start":{"line":45,"column":20},"end":{"line":45,"column":61}},{"start":{"line":46,"column":20},"end":{"line":46,"column":70}},{"start":{"line":47,"column":20},"end":{"line":47,"column":26}}]},"3":{"line":51,"type":"cond-expr","locations":[{"start":{"line":52,"column":14},"end":{"line":52,"column":20}},{"start":{"line":53,"column":14},"end":{"line":53,"column":20}}]},"4":{"line":55,"type":"binary-expr","locations":[{"start":{"line":55,"column":16},"end":{"line":55,"column":44}},{"start":{"line":55,"column":49},"end":{"line":57,"column":43}}]},"5":{"line":55,"type":"cond-expr","locations":[{"start":{"line":56,"column":14},"end":{"line":56,"column":49}},{"start":{"line":57,"column":14},"end":{"line":57,"column":43}}]},"6":{"line":61,"type":"switch","locations":[{"start":{"line":68,"column":4},"end":{"line":150,"column":14},"skip":true},{"start":{"line":156,"column":4},"end":{"line":324,"column":14},"skip":true}]},"7":{"line":70,"type":"if","locations":[{"start":{"line":70,"column":12},"end":{"line":70,"column":12},"skip":true},{"start":{"line":70,"column":12},"end":{"line":70,"column":12},"skip":true}]},"8":{"line":70,"type":"binary-expr","locations":[{"start":{"line":70,"column":16},"end":{"line":70,"column":22},"skip":true},{"start":{"line":70,"column":27},"end":{"line":70,"column":32},"skip":true},{"start":{"line":71,"column":20},"end":{"line":71,"column":39},"skip":true},{"start":{"line":72,"column":20},"end":{"line":72,"column":49},"skip":true},{"start":{"line":73,"column":20},"end":{"line":73,"column":58},"skip":true},{"start":{"line":74,"column":20},"end":{"line":74,"column":69},"skip":true}]},"9":{"line":79,"type":"switch","locations":[{"start":{"line":80,"column":20},"end":{"line":80,"column":33},"skip":true},{"start":{"line":81,"column":20},"end":{"line":83,"column":30},"skip":true},{"start":{"line":84,"column":20},"end":{"line":85,"column":49},"skip":true}]},"10":{"line":89,"type":"switch","locations":[{"start":{"line":90,"column":12},"end":{"line":103,"column":22},"skip":true},{"start":{"line":105,"column":12},"end":{"line":106,"column":22},"skip":true}]},"11":{"line":89,"type":"binary-expr","locations":[{"start":{"line":89,"column":20},"end":{"line":89,"column":25},"skip":true},{"start":{"line":89,"column":29},"end":{"line":89,"column":48},"skip":true},{"start":{"line":89,"column":52},"end":{"line":89,"column":74},"skip":true}]},"12":{"line":92,"type":"if","locations":[{"start":{"line":92,"column":16},"end":{"line":92,"column":16},"skip":true},{"start":{"line":92,"column":16},"end":{"line":92,"column":16},"skip":true}]},"13":{"line":108,"type":"if","locations":[{"start":{"line":108,"column":12},"end":{"line":108,"column":12},"skip":true},{"start":{"line":108,"column":12},"end":{"line":108,"column":12},"skip":true}]},"14":{"line":108,"type":"binary-expr","locations":[{"start":{"line":108,"column":16},"end":{"line":108,"column":61},"skip":true},{"start":{"line":108,"column":66},"end":{"line":108,"column":72},"skip":true},{"start":{"line":108,"column":77},"end":{"line":108,"column":82},"skip":true},{"start":{"line":109,"column":20},"end":{"line":109,"column":39},"skip":true},{"start":{"line":110,"column":20},"end":{"line":110,"column":49},"skip":true},{"start":{"line":111,"column":20},"end":{"line":111,"column":58},"skip":true},{"start":{"line":112,"column":20},"end":{"line":112,"column":68},"skip":true}]},"15":{"line":129,"type":"if","locations":[{"start":{"line":129,"column":16},"end":{"line":129,"column":16},"skip":true},{"start":{"line":129,"column":16},"end":{"line":129,"column":16},"skip":true}]},"16":{"line":134,"type":"cond-expr","locations":[{"start":{"line":135,"column":26},"end":{"line":135,"column":29},"skip":true},{"start":{"line":136,"column":26},"end":{"line":136,"column":54},"skip":true}]},"17":{"line":164,"type":"binary-expr","locations":[{"start":{"line":164,"column":27},"end":{"line":164,"column":43},"skip":true},{"start":{"line":164,"column":47},"end":{"line":164,"column":49},"skip":true}]},"18":{"line":258,"type":"if","locations":[{"start":{"line":258,"column":8},"end":{"line":258,"column":8},"skip":true},{"start":{"line":258,"column":8},"end":{"line":258,"column":8},"skip":true}]},"19":{"line":275,"type":"switch","locations":[{"start":{"line":276,"column":20},"end":{"line":277,"column":64},"skip":true},{"start":{"line":278,"column":20},"end":{"line":279,"column":40},"skip":true},{"start":{"line":280,"column":20},"end":{"line":281,"column":40},"skip":true},{"start":{"line":282,"column":20},"end":{"line":283,"column":39},"skip":true}]},"20":{"line":288,"type":"if","locations":[{"start":{"line":288,"column":8},"end":{"line":288,"column":8},"skip":true},{"start":{"line":288,"column":8},"end":{"line":288,"column":8},"skip":true}]},"21":{"line":288,"type":"binary-expr","locations":[{"start":{"line":288,"column":12},"end":{"line":288,"column":40},"skip":true},{"start":{"line":288,"column":44},"end":{"line":288,"column":67},"skip":true}]},"22":{"line":292,"type":"binary-expr","locations":[{"start":{"line":292,"column":12},"end":{"line":292,"column":50},"skip":true},{"start":{"line":293,"column":12},"end":{"line":293,"column":53},"skip":true}]},"23":{"line":297,"type":"binary-expr","locations":[{"start":{"line":297,"column":12},"end":{"line":297,"column":63},"skip":true},{"start":{"line":298,"column":12},"end":{"line":301,"column":36},"skip":true}]},"24":{"line":303,"type":"binary-expr","locations":[{"start":{"line":303,"column":43},"end":{"line":303,"column":75},"skip":true},{"start":{"line":303,"column":79},"end":{"line":303,"column":81},"skip":true}]},"25":{"line":306,"type":"if","locations":[{"start":{"line":306,"column":8},"end":{"line":306,"column":8},"skip":true},{"start":{"line":306,"column":8},"end":{"line":306,"column":8},"skip":true}]},"26":{"line":310,"type":"if","locations":[{"start":{"line":310,"column":8},"end":{"line":310,"column":8},"skip":true},{"start":{"line":310,"column":8},"end":{"line":310,"column":8},"skip":true}]},"27":{"line":313,"type":"binary-expr","locations":[{"start":{"line":313,"column":27},"end":{"line":313,"column":43},"skip":true},{"start":{"line":313,"column":47},"end":{"line":313,"column":53},"skip":true}]},"28":{"line":317,"type":"if","locations":[{"start":{"line":317,"column":12},"end":{"line":317,"column":12},"skip":true},{"start":{"line":317,"column":12},"end":{"line":317,"column":12},"skip":true}]}},"code":["/*","example.js","","quickstart example","","instruction","    1. save this script as example.js","    2. run the shell command:","        $ npm install npmtest-yauzl && PORT=8081 node example.js","    3. play with the browser-demo on http://127.0.0.1:8081","*/","","","","/* istanbul instrument in package npmtest_yauzl */","/*jslint","    bitwise: true,","    browser: true,","    maxerr: 8,","    maxlen: 96,","    node: true,","    nomen: true,","    regexp: true,","    stupid: true","*/","(function () {","    'use strict';","    var local;","","","","    // run shared js-env code - init-before","    (function () {","        // init local","        local = {};","        // init modeJs","        local.modeJs = (function () {","            try {","                return typeof navigator.userAgent === 'string' &&","                    typeof document.querySelector('body') === 'object' &&","                    typeof XMLHttpRequest.prototype.open === 'function' &&","                    'browser';","            } catch (errorCaughtBrowser) {","                return module.exports &&","                    typeof process.versions.node === 'string' &&","                    typeof require('http').createServer === 'function' &&","                    'node';","            }","        }());","        // init global","        local.global = local.modeJs === 'browser'","            ? window","            : global;","        // init utility2_rollup","        local = local.global.utility2_rollup || (local.modeJs === 'browser'","            ? local.global.utility2_npmtest_yauzl","            : global.utility2_moduleExports);","        // export local","        local.global.local = local;","    }());","    switch (local.modeJs) {","","","","    // init-after","    // run browser js-env code - init-after","    /* istanbul ignore next */","    case 'browser':","        local.testRunBrowser = function (event) {","            if (!event || (event &&","                    event.currentTarget &&","                    event.currentTarget.className &&","                    event.currentTarget.className.includes &&","                    event.currentTarget.className.includes('onreset'))) {","                // reset output","                Array.from(","                    document.querySelectorAll('body > .resettable')","                ).forEach(function (element) {","                    switch (element.tagName) {","                    case 'INPUT':","                    case 'TEXTAREA':","                        element.value = '';","                        break;","                    default:","                        element.textContent = '';","                    }","                });","            }","            switch (event && event.currentTarget && event.currentTarget.id) {","            case 'testRunButton1':","                // show tests","                if (document.querySelector('#testReportDiv1').style.display === 'none') {","                    document.querySelector('#testReportDiv1').style.display = 'block';","                    document.querySelector('#testRunButton1').textContent =","                        'hide internal test';","                    local.modeTest = true;","                    local.testRunDefault(local);","                // hide tests","                } else {","                    document.querySelector('#testReportDiv1').style.display = 'none';","                    document.querySelector('#testRunButton1').textContent = 'run internal test';","                }","                break;","            // custom-case","            default:","                break;","            }","            if (document.querySelector('#inputTextareaEval1') && (!event || (event &&","                    event.currentTarget &&","                    event.currentTarget.className &&","                    event.currentTarget.className.includes &&","                    event.currentTarget.className.includes('oneval')))) {","                // try to eval input-code","                try {","                    /*jslint evil: true*/","                    eval(document.querySelector('#inputTextareaEval1').value);","                } catch (errorCaught) {","                    console.error(errorCaught);","                }","            }","        };","        // log stderr and stdout to #outputTextareaStdout1","        ['error', 'log'].forEach(function (key) {","            console[key + '_original'] = console[key];","            console[key] = function () {","                var element;","                console[key + '_original'].apply(console, arguments);","                element = document.querySelector('#outputTextareaStdout1');","                if (!element) {","                    return;","                }","                // append text to #outputTextareaStdout1","                element.value += Array.from(arguments).map(function (arg) {","                    return typeof arg === 'string'","                        ? arg","                        : JSON.stringify(arg, null, 4);","                }).join(' ') + '\\n';","                // scroll textarea to bottom","                element.scrollTop = element.scrollHeight;","            };","        });","        // init event-handling","        ['change', 'click', 'keyup'].forEach(function (event) {","            Array.from(document.querySelectorAll('.on' + event)).forEach(function (element) {","                element.addEventListener(event, local.testRunBrowser);","            });","        });","        // run tests","        local.testRunBrowser();","        break;","","","","    // run node js-env code - init-after","    /* istanbul ignore next */","    case 'node':","        // export local","        module.exports = local;","        // require modules","        local.fs = require('fs');","        local.http = require('http');","        local.url = require('url');","        // init assets","        local.assetsDict = local.assetsDict || {};","        /* jslint-ignore-begin */","        local.assetsDict['/assets.index.template.html'] = '\\","<!doctype html>\\n\\","<html lang=\"en\">\\n\\","<head>\\n\\","<meta charset=\"UTF-8\">\\n\\","<meta name=\"viewport\" content=\"width=device-width, initial-scale=1\">\\n\\","<title>{{env.npm_package_name}} (v{{env.npm_package_version}})</title>\\n\\","<style>\\n\\","/*csslint\\n\\","    box-sizing: false,\\n\\","    universal-selector: false\\n\\","*/\\n\\","* {\\n\\","    box-sizing: border-box;\\n\\","}\\n\\","body {\\n\\","    background: #dde;\\n\\","    font-family: Arial, Helvetica, sans-serif;\\n\\","    margin: 2rem;\\n\\","}\\n\\","body > * {\\n\\","    margin-bottom: 1rem;\\n\\","}\\n\\",".utility2FooterDiv {\\n\\","    margin-top: 20px;\\n\\","    text-align: center;\\n\\","}\\n\\","</style>\\n\\","<style>\\n\\","/*csslint\\n\\","*/\\n\\","textarea {\\n\\","    font-family: monospace;\\n\\","    height: 10rem;\\n\\","    width: 100%;\\n\\","}\\n\\","textarea[readonly] {\\n\\","    background: #ddd;\\n\\","}\\n\\","</style>\\n\\","</head>\\n\\","<body>\\n\\","<!-- utility2-comment\\n\\","<div id=\"ajaxProgressDiv1\" style=\"background: #d00; height: 2px; left: 0; margin: 0; padding: 0; position: fixed; top: 0; transition: background 0.5s, width 1.5s; width: 25%;\"></div>\\n\\","utility2-comment -->\\n\\","<h1>\\n\\","<!-- utility2-comment\\n\\","    <a\\n\\","        {{#if env.npm_package_homepage}}\\n\\","        href=\"{{env.npm_package_homepage}}\"\\n\\","        {{/if env.npm_package_homepage}}\\n\\","        target=\"_blank\"\\n\\","    >\\n\\","utility2-comment -->\\n\\","        {{env.npm_package_name}} (v{{env.npm_package_version}})\\n\\","<!-- utility2-comment\\n\\","    </a>\\n\\","utility2-comment -->\\n\\","</h1>\\n\\","<h3>{{env.npm_package_description}}</h3>\\n\\","<!-- utility2-comment\\n\\","<h4><a download href=\"assets.app.js\">download standalone app</a></h4>\\n\\","<button class=\"onclick onreset\" id=\"testRunButton1\">run internal test</button><br>\\n\\","<div id=\"testReportDiv1\" style=\"display: none;\"></div>\\n\\","utility2-comment -->\\n\\","\\n\\","\\n\\","\\n\\","<label>stderr and stdout</label>\\n\\","<textarea class=\"resettable\" id=\"outputTextareaStdout1\" readonly></textarea>\\n\\","<!-- utility2-comment\\n\\","{{#if isRollup}}\\n\\","<script src=\"assets.app.js\"></script>\\n\\","{{#unless isRollup}}\\n\\","utility2-comment -->\\n\\","<script src=\"assets.utility2.rollup.js\"></script>\\n\\","<script src=\"jsonp.utility2._stateInit?callback=window.utility2._stateInit\"></script>\\n\\","<script src=\"assets.npmtest_yauzl.rollup.js\"></script>\\n\\","<script src=\"assets.example.js\"></script>\\n\\","<script src=\"assets.test.js\"></script>\\n\\","<!-- utility2-comment\\n\\","{{/if isRollup}}\\n\\","utility2-comment -->\\n\\","<div class=\"utility2FooterDiv\">\\n\\","    [ this app was created with\\n\\","    <a href=\"https://github.com/kaizhu256/node-utility2\" target=\"_blank\">utility2</a>\\n\\","    ]\\n\\","</div>\\n\\","</body>\\n\\","</html>\\n\\","';","        /* jslint-ignore-end */","        if (local.templateRender) {","            local.assetsDict['/'] = local.templateRender(","                local.assetsDict['/assets.index.template.html'],","                {","                    env: local.objectSetDefault(local.env, {","                        npm_package_description: 'the greatest app in the world!',","                        npm_package_name: 'my-app',","                        npm_package_nameAlias: 'my_app',","                        npm_package_version: '0.0.1'","                    })","                }","            );","        } else {","            local.assetsDict['/'] = local.assetsDict['/assets.index.template.html']","                .replace((/\\{\\{env\\.(\\w+?)\\}\\}/g), function (match0, match1) {","                    // jslint-hack","                    String(match0);","                    switch (match1) {","                    case 'npm_package_description':","                        return 'the greatest app in the world!';","                    case 'npm_package_name':","                        return 'my-app';","                    case 'npm_package_nameAlias':","                        return 'my_app';","                    case 'npm_package_version':","                        return '0.0.1';","                    }","                });","        }","        // run the cli","        if (local.global.utility2_rollup || module !== require.main) {","            break;","        }","        local.assetsDict['/assets.example.js'] =","            local.assetsDict['/assets.example.js'] ||","            local.fs.readFileSync(__filename, 'utf8');","        // bug-workaround - long $npm_package_buildCustomOrg","        /* jslint-ignore-begin */","        local.assetsDict['/assets.npmtest_yauzl.rollup.js'] =","            local.assetsDict['/assets.npmtest_yauzl.rollup.js'] ||","            local.fs.readFileSync(","                local.npmtest_yauzl.__dirname + '/lib.npmtest_yauzl.js',","                'utf8'","            ).replace((/^#!/), '//');","        /* jslint-ignore-end */","        local.assetsDict['/favicon.ico'] = local.assetsDict['/favicon.ico'] || '';","        // if $npm_config_timeout_exit exists,","        // then exit this process after $npm_config_timeout_exit ms","        if (Number(process.env.npm_config_timeout_exit)) {","            setTimeout(process.exit, Number(process.env.npm_config_timeout_exit));","        }","        // start server","        if (local.global.utility2_serverHttp1) {","            break;","        }","        process.env.PORT = process.env.PORT || '8081';","        console.error('server starting on port ' + process.env.PORT);","        local.http.createServer(function (request, response) {","            request.urlParsed = local.url.parse(request.url);","            if (local.assetsDict[request.urlParsed.pathname] !== undefined) {","                response.end(local.assetsDict[request.urlParsed.pathname]);","                return;","            }","            response.statusCode = 404;","            response.end();","        }).listen(process.env.PORT);","        break;","    }","}());",""],"l":{"26":2,"28":2,"33":2,"35":2,"37":2,"38":2,"39":2,"44":1,"51":2,"55":2,"59":2,"61":2,"69":1,"70":2,"76":2,"79":2,"82":2,"83":2,"85":1,"89":2,"92":1,"93":1,"94":1,"96":1,"97":1,"100":1,"101":1,"103":1,"106":1,"108":2,"114":1,"116":1,"118":1,"123":1,"124":2,"125":2,"126":3,"127":3,"128":3,"129":3,"130":1,"133":3,"134":3,"139":3,"143":1,"144":3,"145":1,"149":1,"150":1,"158":1,"160":1,"161":1,"162":1,"164":1,"166":1,"258":1,"259":1,"271":1,"274":6,"275":6,"277":1,"279":2,"281":1,"283":2,"288":1,"289":1,"291":1,"296":1,"303":1,"306":1,"307":1,"310":1,"311":1,"313":1,"314":1,"315":1,"316":1,"317":1,"318":1,"319":1,"321":1,"322":1,"324":1}},"/home/travis/build/npmtest/node-npmtest-yauzl/node_modules/yauzl/index.js":{"path":"/home/travis/build/npmtest/node-npmtest-yauzl/node_modules/yauzl/index.js","s":{"1":1,"2":1,"3":1,"4":1,"5":1,"6":1,"7":1,"8":1,"9":1,"10":1,"11":1,"12":1,"13":1,"14":1,"15":1,"16":1,"17":1,"18":1,"19":1,"20":0,"21":0,"22":0,"23":0,"24":0,"25":0,"26":0,"27":0,"28":0,"29":0,"30":0,"31":0,"32":0,"33":0,"34":0,"35":0,"36":0,"37":0,"38":0,"39":0,"40":0,"41":0,"42":1,"43":0,"44":0,"45":0,"46":0,"47":0,"48":0,"49":0,"50":0,"51":0,"52":0,"53":0,"54":0,"55":0,"56":0,"57":0,"58":0,"59":0,"60":0,"61":0,"62":0,"63":1,"64":0,"65":0,"66":0,"67":0,"68":0,"69":0,"70":0,"71":0,"72":0,"73":0,"74":0,"75":0,"76":0,"77":0,"78":1,"79":0,"80":0,"81":0,"82":0,"83":0,"84":0,"85":0,"86":0,"87":0,"88":0,"89":0,"90":0,"91":0,"92":0,"93":0,"94":0,"95":0,"96":0,"97":0,"98":0,"99":0,"100":0,"101":0,"102":0,"103":0,"104":0,"105":0,"106":0,"107":0,"108":0,"109":0,"110":0,"111":0,"112":0,"113":0,"114":0,"115":0,"116":0,"117":0,"118":0,"119":0,"120":0,"121":0,"122":0,"123":0,"124":0,"125":0,"126":0,"127":0,"128":0,"129":0,"130":0,"131":0,"132":0,"133":0,"134":0,"135":0,"136":0,"137":0,"138":0,"139":0,"140":0,"141":0,"142":0,"143":1,"144":1,"145":0,"146":0,"147":0,"148":0,"149":0,"150":0,"151":0,"152":0,"153":0,"154":0,"155":0,"156":0,"157":0,"158":0,"159":0,"160":0,"161":0,"162":0,"163":0,"164":0,"165":1,"166":0,"167":0,"168":0,"169":0,"170":1,"171":0,"172":0,"173":0,"174":1,"175":0,"176":0,"177":0,"178":0,"179":1,"180":0,"181":0,"182":0,"183":0,"184":0,"185":0,"186":0,"187":0,"188":0,"189":0,"190":0,"191":0,"192":0,"193":0,"194":0,"195":0,"196":0,"197":0,"198":0,"199":0,"200":0,"201":0,"202":0,"203":0,"204":0,"205":0,"206":0,"207":0,"208":0,"209":0,"210":0,"211":0,"212":0,"213":0,"214":0,"215":0,"216":0,"217":0,"218":0,"219":0,"220":0,"221":0,"222":0,"223":0,"224":0,"225":0,"226":0,"227":0,"228":0,"229":0,"230":0,"231":0,"232":0,"233":0,"234":0,"235":0,"236":0,"237":0,"238":0,"239":0,"240":0,"241":0,"242":0,"243":0,"244":0,"245":0,"246":0,"247":0,"248":0,"249":0,"250":0,"251":0,"252":0,"253":0,"254":0,"255":0,"256":0,"257":0,"258":0,"259":0,"260":0,"261":0,"262":0,"263":0,"264":0,"265":0,"266":0,"267":0,"268":0,"269":0,"270":0,"271":0,"272":0,"273":0,"274":0,"275":0,"276":0,"277":0,"278":0,"279":0,"280":0,"281":0,"282":0,"283":0,"284":0,"285":0,"286":0,"287":0,"288":0,"289":0,"290":0,"291":0,"292":0,"293":0,"294":0,"295":0,"296":0,"297":0,"298":1,"299":0,"300":0,"301":0,"302":0,"303":0,"304":0,"305":0,"306":0,"307":0,"308":0,"309":0,"310":0,"311":0,"312":0,"313":0,"314":0,"315":0,"316":0,"317":0,"318":0,"319":0,"320":0,"321":0,"322":0,"323":0,"324":0,"325":0,"326":0,"327":0,"328":0,"329":0,"330":0,"331":0,"332":0,"333":0,"334":0,"335":0,"336":0,"337":0,"338":0,"339":0,"340":0,"341":0,"342":0,"343":0,"344":0,"345":0,"346":0,"347":0,"348":0,"349":0,"350":0,"351":0,"352":0,"353":0,"354":0,"355":0,"356":0,"357":0,"358":0,"359":0,"360":0,"361":0,"362":0,"363":0,"364":0,"365":0,"366":0,"367":0,"368":0,"369":0,"370":0,"371":0,"372":0,"373":0,"374":0,"375":0,"376":0,"377":0,"378":0,"379":0,"380":0,"381":0,"382":0,"383":0,"384":0,"385":0,"386":0,"387":0,"388":0,"389":0,"390":0,"391":1,"392":1,"393":0,"394":1,"395":0,"396":1,"397":0,"398":1,"399":0,"400":0,"401":0,"402":0,"403":0,"404":0,"405":0,"406":0,"407":1,"408":0,"409":0,"410":0,"411":0,"412":0,"413":0,"414":0,"415":1,"416":0,"417":0,"418":0,"419":0,"420":0,"421":0,"422":0,"423":0,"424":0,"425":1,"426":1,"427":0,"428":0,"429":0,"430":1,"431":0,"432":0,"433":0,"434":0,"435":0,"436":1,"437":0,"438":0,"439":0,"440":0,"441":1,"442":1,"443":0,"444":0,"445":1,"446":0,"447":1,"448":0,"449":0,"450":0,"451":0,"452":0,"453":0,"454":0,"455":1,"456":0,"457":0,"458":0,"459":1,"460":0,"461":0,"462":0,"463":0,"464":0,"465":0,"466":0,"467":0,"468":0,"469":0,"470":0,"471":0,"472":0,"473":0,"474":0,"475":0,"476":0,"477":0,"478":0,"479":0,"480":0,"481":0,"482":0,"483":0,"484":0,"485":0,"486":0,"487":0,"488":1,"489":0,"490":1,"491":0,"492":0,"493":0,"494":0,"495":0,"496":0,"497":0,"498":0,"499":0,"500":0,"501":0,"502":1,"503":0,"504":1,"505":1,"506":0,"507":0,"508":0,"509":0,"510":1,"511":0,"512":0,"513":1,"514":0,"515":0,"516":0,"517":0,"518":1,"519":1,"520":0,"521":0,"522":0,"523":0,"524":0,"525":0,"526":1,"527":0,"528":0,"529":0,"530":1,"531":0,"532":0},"b":{"1":[0,0],"2":[0,0],"3":[0,0],"4":[0,0],"5":[0,0],"6":[0,0],"7":[0,0],"8":[0,0],"9":[0,0],"10":[0,0],"11":[0,0],"12":[0,0],"13":[0,0],"14":[0,0],"15":[0,0],"16":[0,0],"17":[0,0],"18":[0,0],"19":[0,0],"20":[0,0],"21":[0,0],"22":[0,0],"23":[0,0],"24":[0,0],"25":[0,0],"26":[0,0],"27":[0,0],"28":[0,0],"29":[0,0],"30":[0,0],"31":[0,0],"32":[0,0],"33":[0,0],"34":[0,0],"35":[0,0],"36":[0,0],"37":[0,0],"38":[0,0],"39":[0,0],"40":[0,0],"41":[0,0],"42":[0,0],"43":[0,0],"44":[0,0],"45":[0,0],"46":[0,0],"47":[0,0],"48":[0,0],"49":[0,0],"50":[0,0],"51":[0,0],"52":[0,0],"53":[0,0],"54":[0,0],"55":[0,0],"56":[0,0],"57":[0,0],"58":[0,0],"59":[0,0],"60":[0,0],"61":[0,0,0],"62":[0,0],"63":[0,0],"64":[0,0],"65":[0,0],"66":[0,0],"67":[0,0],"68":[0,0],"69":[0,0],"70":[0,0],"71":[0,0],"72":[0,0],"73":[0,0],"74":[0,0],"75":[0,0],"76":[0,0],"77":[0,0],"78":[0,0],"79":[0,0],"80":[0,0],"81":[0,0],"82":[0,0],"83":[0,0],"84":[0,0],"85":[0,0],"86":[0,0],"87":[0,0],"88":[0,0],"89":[0,0],"90":[0,0],"91":[0,0],"92":[0,0],"93":[0,0],"94":[0,0],"95":[0,0],"96":[0,0],"97":[0,0],"98":[0,0],"99":[0,0],"100":[0,0],"101":[0,0],"102":[0,0],"103":[0,0],"104":[0,0],"105":[0,0],"106":[0,0],"107":[0,0],"108":[0,0],"109":[0,0],"110":[0,0],"111":[0,0],"112":[0,0],"113":[0,0],"114":[0,0],"115":[0,0],"116":[0,0],"117":[0,0],"118":[0,0],"119":[0,0],"120":[0,0],"121":[0,0],"122":[0,0],"123":[0,0],"124":[0,0],"125":[0,0],"126":[0,0],"127":[0,0],"128":[0,0],"129":[0,0],"130":[0,0],"131":[0,0],"132":[0,0],"133":[0,0],"134":[0,0],"135":[0,0],"136":[0,0],"137":[0,0]},"f":{"1":0,"2":0,"3":0,"4":0,"5":0,"6":0,"7":0,"8":0,"9":0,"10":0,"11":0,"12":0,"13":0,"14":0,"15":0,"16":0,"17":0,"18":0,"19":0,"20":0,"21":0,"22":0,"23":0,"24":0,"25":0,"26":0,"27":0,"28":0,"29":0,"30":0,"31":0,"32":0,"33":0,"34":0,"35":0,"36":0,"37":0,"38":0,"39":0,"40":0,"41":0,"42":0,"43":0,"44":0,"45":0,"46":0,"47":0,"48":0,"49":0,"50":0,"51":0,"52":0,"53":0,"54":0,"55":0,"56":0,"57":0,"58":0,"59":0,"60":0,"61":0,"62":0},"fnMap":{"1":{"name":"open","line":21,"loc":{"start":{"line":21,"column":0},"end":{"line":21,"column":39}}},"2":{"name":"(anonymous_2)","line":32,"loc":{"start":{"line":32,"column":21},"end":{"line":32,"column":39}}},"3":{"name":"(anonymous_3)","line":34,"loc":{"start":{"line":34,"column":24},"end":{"line":34,"column":47}}},"4":{"name":"fromFd","line":41,"loc":{"start":{"line":41,"column":0},"end":{"line":41,"column":39}}},"5":{"name":"(anonymous_5)","line":52,"loc":{"start":{"line":52,"column":15},"end":{"line":52,"column":36}}},"6":{"name":"fromBuffer","line":59,"loc":{"start":{"line":59,"column":0},"end":{"line":59,"column":47}}},"7":{"name":"fromRandomAccessReader","line":74,"loc":{"start":{"line":74,"column":0},"end":{"line":74,"column":70}}},"8":{"name":"(anonymous_8)","line":105,"loc":{"start":{"line":105,"column":69},"end":{"line":105,"column":83}}},"9":{"name":"(anonymous_9)","line":145,"loc":{"start":{"line":145,"column":97},"end":{"line":145,"column":111}}},"10":{"name":"(anonymous_10)","line":159,"loc":{"start":{"line":159,"column":99},"end":{"line":159,"column":113}}},"11":{"name":"ZipFile","line":188,"loc":{"start":{"line":188,"column":0},"end":{"line":188,"column":139}}},"12":{"name":"(anonymous_12)","line":193,"loc":{"start":{"line":193,"column":26},"end":{"line":193,"column":40}}},"13":{"name":"(anonymous_13)","line":197,"loc":{"start":{"line":197,"column":28},"end":{"line":197,"column":39}}},"14":{"name":"(anonymous_14)","line":214,"loc":{"start":{"line":214,"column":26},"end":{"line":214,"column":37}}},"15":{"name":"emitErrorAndAutoClose","line":220,"loc":{"start":{"line":220,"column":0},"end":{"line":220,"column":42}}},"16":{"name":"emitError","line":224,"loc":{"start":{"line":224,"column":0},"end":{"line":224,"column":30}}},"17":{"name":"(anonymous_17)","line":230,"loc":{"start":{"line":230,"column":30},"end":{"line":230,"column":41}}},"18":{"name":"(anonymous_18)","line":234,"loc":{"start":{"line":234,"column":17},"end":{"line":234,"column":28}}},"19":{"name":"(anonymous_19)","line":243,"loc":{"start":{"line":243,"column":82},"end":{"line":243,"column":96}}},"20":{"name":"(anonymous_20)","line":287,"loc":{"start":{"line":287,"column":84},"end":{"line":287,"column":98}}},"21":{"name":"(anonymous_21)","line":422,"loc":{"start":{"line":422,"column":35},"end":{"line":422,"column":70}}},"22":{"name":"(anonymous_22)","line":479,"loc":{"start":{"line":479,"column":95},"end":{"line":479,"column":109}}},"23":{"name":"(anonymous_23)","line":532,"loc":{"start":{"line":532,"column":31},"end":{"line":532,"column":45}}},"24":{"name":"(anonymous_24)","line":534,"loc":{"start":{"line":534,"column":23},"end":{"line":534,"column":34}}},"25":{"name":"(anonymous_25)","line":542,"loc":{"start":{"line":542,"column":36},"end":{"line":542,"column":50}}},"26":{"name":"(anonymous_26)","line":544,"loc":{"start":{"line":544,"column":25},"end":{"line":544,"column":36}}},"27":{"name":"(anonymous_27)","line":554,"loc":{"start":{"line":554,"column":33},"end":{"line":554,"column":44}}},"28":{"name":"Entry","line":569,"loc":{"start":{"line":569,"column":0},"end":{"line":569,"column":17}}},"29":{"name":"(anonymous_29)","line":571,"loc":{"start":{"line":571,"column":33},"end":{"line":571,"column":44}}},"30":{"name":"(anonymous_30)","line":574,"loc":{"start":{"line":574,"column":30},"end":{"line":574,"column":41}}},"31":{"name":"(anonymous_31)","line":577,"loc":{"start":{"line":577,"column":31},"end":{"line":577,"column":42}}},"32":{"name":"dosDateTimeToDate","line":581,"loc":{"start":{"line":581,"column":0},"end":{"line":581,"column":39}}},"33":{"name":"validateFileName","line":594,"loc":{"start":{"line":594,"column":0},"end":{"line":594,"column":36}}},"34":{"name":"readAndAssertNoEof","line":608,"loc":{"start":{"line":608,"column":0},"end":{"line":608,"column":80}}},"35":{"name":"(anonymous_35)","line":611,"loc":{"start":{"line":611,"column":24},"end":{"line":611,"column":35}}},"36":{"name":"(anonymous_36)","line":613,"loc":{"start":{"line":613,"column":48},"end":{"line":613,"column":73}}},"37":{"name":"AssertByteCountStream","line":623,"loc":{"start":{"line":623,"column":0},"end":{"line":623,"column":42}}},"38":{"name":"(anonymous_38)","line":628,"loc":{"start":{"line":628,"column":45},"end":{"line":628,"column":75}}},"39":{"name":"(anonymous_39)","line":636,"loc":{"start":{"line":636,"column":41},"end":{"line":636,"column":54}}},"40":{"name":"RandomAccessReader","line":645,"loc":{"start":{"line":645,"column":0},"end":{"line":645,"column":30}}},"41":{"name":"(anonymous_41)","line":649,"loc":{"start":{"line":649,"column":35},"end":{"line":649,"column":46}}},"42":{"name":"(anonymous_42)","line":652,"loc":{"start":{"line":652,"column":37},"end":{"line":652,"column":48}}},"43":{"name":"onCloseDone","line":661,"loc":{"start":{"line":661,"column":2},"end":{"line":661,"column":28}}},"44":{"name":"(anonymous_44)","line":666,"loc":{"start":{"line":666,"column":48},"end":{"line":666,"column":66}}},"45":{"name":"(anonymous_45)","line":671,"loc":{"start":{"line":671,"column":17},"end":{"line":671,"column":28}}},"46":{"name":"(anonymous_46)","line":680,"loc":{"start":{"line":680,"column":21},"end":{"line":680,"column":35}}},"47":{"name":"(anonymous_47)","line":681,"loc":{"start":{"line":681,"column":17},"end":{"line":681,"column":28}}},"48":{"name":"(anonymous_48)","line":685,"loc":{"start":{"line":685,"column":27},"end":{"line":685,"column":38}}},"49":{"name":"(anonymous_49)","line":692,"loc":{"start":{"line":692,"column":29},"end":{"line":692,"column":43}}},"50":{"name":"(anonymous_50)","line":693,"loc":{"start":{"line":693,"column":17},"end":{"line":693,"column":28}}},"51":{"name":"(anonymous_51)","line":697,"loc":{"start":{"line":697,"column":24},"end":{"line":697,"column":35}}},"52":{"name":"(anonymous_52)","line":705,"loc":{"start":{"line":705,"column":51},"end":{"line":705,"column":72}}},"53":{"name":"(anonymous_53)","line":708,"loc":{"start":{"line":708,"column":36},"end":{"line":708,"column":89}}},"54":{"name":"(anonymous_54)","line":712,"loc":{"start":{"line":712,"column":23},"end":{"line":712,"column":53}}},"55":{"name":"(anonymous_55)","line":718,"loc":{"start":{"line":718,"column":25},"end":{"line":718,"column":41}}},"56":{"name":"(anonymous_56)","line":723,"loc":{"start":{"line":723,"column":37},"end":{"line":723,"column":56}}},"57":{"name":"RefUnrefFilter","line":728,"loc":{"start":{"line":728,"column":0},"end":{"line":728,"column":33}}},"58":{"name":"(anonymous_58)","line":734,"loc":{"start":{"line":734,"column":34},"end":{"line":734,"column":47}}},"59":{"name":"(anonymous_59)","line":738,"loc":{"start":{"line":738,"column":33},"end":{"line":738,"column":46}}},"60":{"name":"decodeBuffer","line":745,"loc":{"start":{"line":745,"column":0},"end":{"line":745,"column":50}}},"61":{"name":"readUInt64LE","line":757,"loc":{"start":{"line":757,"column":0},"end":{"line":757,"column":38}}},"62":{"name":"defaultCallback","line":769,"loc":{"start":{"line":769,"column":0},"end":{"line":769,"column":30}}}},"statementMap":{"1":{"start":{"line":1,"column":0},"end":{"line":1,"column":23}},"2":{"start":{"line":2,"column":0},"end":{"line":2,"column":27}},"3":{"start":{"line":3,"column":0},"end":{"line":3,"column":37}},"4":{"start":{"line":4,"column":0},"end":{"line":4,"column":36}},"5":{"start":{"line":5,"column":0},"end":{"line":5,"column":27}},"6":{"start":{"line":6,"column":0},"end":{"line":6,"column":50}},"7":{"start":{"line":7,"column":0},"end":{"line":7,"column":44}},"8":{"start":{"line":8,"column":0},"end":{"line":8,"column":48}},"9":{"start":{"line":9,"column":0},"end":{"line":9,"column":42}},"10":{"start":{"line":11,"column":0},"end":{"line":11,"column":20}},"11":{"start":{"line":12,"column":0},"end":{"line":12,"column":24}},"12":{"start":{"line":13,"column":0},"end":{"line":13,"column":32}},"13":{"start":{"line":14,"column":0},"end":{"line":14,"column":56}},"14":{"start":{"line":15,"column":0},"end":{"line":15,"column":46}},"15":{"start":{"line":16,"column":0},"end":{"line":16,"column":44}},"16":{"start":{"line":17,"column":0},"end":{"line":17,"column":26}},"17":{"start":{"line":18,"column":0},"end":{"line":18,"column":22}},"18":{"start":{"line":19,"column":0},"end":{"line":19,"column":48}},"19":{"start":{"line":21,"column":0},"end":{"line":39,"column":1}},"20":{"start":{"line":22,"column":2},"end":{"line":25,"column":3}},"21":{"start":{"line":23,"column":4},"end":{"line":23,"column":23}},"22":{"start":{"line":24,"column":4},"end":{"line":24,"column":19}},"23":{"start":{"line":26,"column":2},"end":{"line":26,"column":36}},"24":{"start":{"line":26,"column":23},"end":{"line":26,"column":36}},"25":{"start":{"line":27,"column":2},"end":{"line":27,"column":58}},"26":{"start":{"line":27,"column":33},"end":{"line":27,"column":58}},"27":{"start":{"line":28,"column":2},"end":{"line":28,"column":63}},"28":{"start":{"line":28,"column":35},"end":{"line":28,"column":63}},"29":{"start":{"line":29,"column":2},"end":{"line":29,"column":66}},"30":{"start":{"line":29,"column":37},"end":{"line":29,"column":66}},"31":{"start":{"line":30,"column":2},"end":{"line":30,"column":76}},"32":{"start":{"line":30,"column":42},"end":{"line":30,"column":76}},"33":{"start":{"line":31,"column":2},"end":{"line":31,"column":51}},"34":{"start":{"line":31,"column":24},"end":{"line":31,"column":51}},"35":{"start":{"line":32,"column":2},"end":{"line":38,"column":5}},"36":{"start":{"line":33,"column":4},"end":{"line":33,"column":34}},"37":{"start":{"line":33,"column":13},"end":{"line":33,"column":34}},"38":{"start":{"line":34,"column":4},"end":{"line":37,"column":7}},"39":{"start":{"line":35,"column":6},"end":{"line":35,"column":45}},"40":{"start":{"line":35,"column":15},"end":{"line":35,"column":45}},"41":{"start":{"line":36,"column":6},"end":{"line":36,"column":29}},"42":{"start":{"line":41,"column":0},"end":{"line":57,"column":1}},"43":{"start":{"line":42,"column":2},"end":{"line":45,"column":3}},"44":{"start":{"line":43,"column":4},"end":{"line":43,"column":23}},"45":{"start":{"line":44,"column":4},"end":{"line":44,"column":19}},"46":{"start":{"line":46,"column":2},"end":{"line":46,"column":36}},"47":{"start":{"line":46,"column":23},"end":{"line":46,"column":36}},"48":{"start":{"line":47,"column":2},"end":{"line":47,"column":59}},"49":{"start":{"line":47,"column":33},"end":{"line":47,"column":59}},"50":{"start":{"line":48,"column":2},"end":{"line":48,"column":63}},"51":{"start":{"line":48,"column":35},"end":{"line":48,"column":63}},"52":{"start":{"line":49,"column":2},"end":{"line":49,"column":66}},"53":{"start":{"line":49,"column":37},"end":{"line":49,"column":66}},"54":{"start":{"line":50,"column":2},"end":{"line":50,"column":76}},"55":{"start":{"line":50,"column":42},"end":{"line":50,"column":76}},"56":{"start":{"line":51,"column":2},"end":{"line":51,"column":51}},"57":{"start":{"line":51,"column":24},"end":{"line":51,"column":51}},"58":{"start":{"line":52,"column":2},"end":{"line":56,"column":5}},"59":{"start":{"line":53,"column":4},"end":{"line":53,"column":34}},"60":{"start":{"line":53,"column":13},"end":{"line":53,"column":34}},"61":{"start":{"line":54,"column":4},"end":{"line":54,"column":63}},"62":{"start":{"line":55,"column":4},"end":{"line":55,"column":66}},"63":{"start":{"line":59,"column":0},"end":{"line":72,"column":1}},"64":{"start":{"line":60,"column":2},"end":{"line":63,"column":3}},"65":{"start":{"line":61,"column":4},"end":{"line":61,"column":23}},"66":{"start":{"line":62,"column":4},"end":{"line":62,"column":19}},"67":{"start":{"line":64,"column":2},"end":{"line":64,"column":36}},"68":{"start":{"line":64,"column":23},"end":{"line":64,"column":36}},"69":{"start":{"line":65,"column":2},"end":{"line":65,"column":28}},"70":{"start":{"line":66,"column":2},"end":{"line":66,"column":63}},"71":{"start":{"line":66,"column":35},"end":{"line":66,"column":63}},"72":{"start":{"line":67,"column":2},"end":{"line":67,"column":66}},"73":{"start":{"line":67,"column":37},"end":{"line":67,"column":66}},"74":{"start":{"line":68,"column":2},"end":{"line":68,"column":76}},"75":{"start":{"line":68,"column":42},"end":{"line":68,"column":76}},"76":{"start":{"line":70,"column":2},"end":{"line":70,"column":50}},"77":{"start":{"line":71,"column":2},"end":{"line":71,"column":67}},"78":{"start":{"line":74,"column":0},"end":{"line":185,"column":1}},"79":{"start":{"line":75,"column":2},"end":{"line":78,"column":3}},"80":{"start":{"line":76,"column":4},"end":{"line":76,"column":23}},"81":{"start":{"line":77,"column":4},"end":{"line":77,"column":19}},"82":{"start":{"line":79,"column":2},"end":{"line":79,"column":36}},"83":{"start":{"line":79,"column":23},"end":{"line":79,"column":36}},"84":{"start":{"line":80,"column":2},"end":{"line":80,"column":58}},"85":{"start":{"line":80,"column":33},"end":{"line":80,"column":58}},"86":{"start":{"line":81,"column":2},"end":{"line":81,"column":63}},"87":{"start":{"line":81,"column":35},"end":{"line":81,"column":63}},"88":{"start":{"line":82,"column":2},"end":{"line":82,"column":66}},"89":{"start":{"line":82,"column":37},"end":{"line":82,"column":66}},"90":{"start":{"line":83,"column":2},"end":{"line":83,"column":46}},"91":{"start":{"line":84,"column":2},"end":{"line":84,"column":76}},"92":{"start":{"line":84,"column":42},"end":{"line":84,"column":76}},"93":{"start":{"line":85,"column":2},"end":{"line":85,"column":51}},"94":{"start":{"line":85,"column":24},"end":{"line":85,"column":51}},"95":{"start":{"line":86,"column":2},"end":{"line":86,"column":100}},"96":{"start":{"line":86,"column":37},"end":{"line":86,"column":100}},"97":{"start":{"line":87,"column":2},"end":{"line":89,"column":3}},"98":{"start":{"line":88,"column":4},"end":{"line":88,"column":142}},"99":{"start":{"line":92,"column":2},"end":{"line":92,"column":15}},"100":{"start":{"line":100,"column":2},"end":{"line":100,"column":35}},"101":{"start":{"line":101,"column":2},"end":{"line":101,"column":30}},"102":{"start":{"line":102,"column":2},"end":{"line":102,"column":81}},"103":{"start":{"line":103,"column":2},"end":{"line":103,"column":38}},"104":{"start":{"line":104,"column":2},"end":{"line":104,"column":50}},"105":{"start":{"line":105,"column":2},"end":{"line":184,"column":5}},"106":{"start":{"line":106,"column":4},"end":{"line":106,"column":34}},"107":{"start":{"line":106,"column":13},"end":{"line":106,"column":34}},"108":{"start":{"line":107,"column":4},"end":{"line":182,"column":5}},"109":{"start":{"line":108,"column":6},"end":{"line":108,"column":58}},"110":{"start":{"line":108,"column":49},"end":{"line":108,"column":58}},"111":{"start":{"line":110,"column":6},"end":{"line":110,"column":40}},"112":{"start":{"line":114,"column":6},"end":{"line":114,"column":51}},"113":{"start":{"line":115,"column":6},"end":{"line":117,"column":7}},"114":{"start":{"line":116,"column":8},"end":{"line":116,"column":111}},"115":{"start":{"line":121,"column":6},"end":{"line":121,"column":52}},"116":{"start":{"line":124,"column":6},"end":{"line":124,"column":64}},"117":{"start":{"line":126,"column":6},"end":{"line":126,"column":55}},"118":{"start":{"line":127,"column":6},"end":{"line":127,"column":79}},"119":{"start":{"line":128,"column":6},"end":{"line":130,"column":7}},"120":{"start":{"line":129,"column":8},"end":{"line":129,"column":127}},"121":{"start":{"line":133,"column":6},"end":{"line":134,"column":58}},"122":{"start":{"line":136,"column":6},"end":{"line":138,"column":7}},"123":{"start":{"line":137,"column":8},"end":{"line":137,"column":190}},"124":{"start":{"line":143,"column":6},"end":{"line":143,"column":44}},"125":{"start":{"line":144,"column":6},"end":{"line":144,"column":75}},"126":{"start":{"line":145,"column":6},"end":{"line":180,"column":9}},"127":{"start":{"line":146,"column":8},"end":{"line":146,"column":38}},"128":{"start":{"line":146,"column":17},"end":{"line":146,"column":38}},"129":{"start":{"line":149,"column":8},"end":{"line":151,"column":9}},"130":{"start":{"line":150,"column":10},"end":{"line":150,"column":97}},"131":{"start":{"line":154,"column":8},"end":{"line":154,"column":65}},"132":{"start":{"line":158,"column":8},"end":{"line":158,"column":46}},"133":{"start":{"line":159,"column":8},"end":{"line":179,"column":11}},"134":{"start":{"line":160,"column":10},"end":{"line":160,"column":40}},"135":{"start":{"line":160,"column":19},"end":{"line":160,"column":40}},"136":{"start":{"line":163,"column":10},"end":{"line":165,"column":11}},"137":{"start":{"line":164,"column":12},"end":{"line":164,"column":98}},"138":{"start":{"line":173,"column":10},"end":{"line":173,"column":58}},"139":{"start":{"line":176,"column":10},"end":{"line":176,"column":70}},"140":{"start":{"line":178,"column":10},"end":{"line":178,"column":192}},"141":{"start":{"line":181,"column":6},"end":{"line":181,"column":13}},"142":{"start":{"line":183,"column":4},"end":{"line":183,"column":79}},"143":{"start":{"line":187,"column":0},"end":{"line":187,"column":37}},"144":{"start":{"line":188,"column":0},"end":{"line":213,"column":1}},"145":{"start":{"line":189,"column":2},"end":{"line":189,"column":18}},"146":{"start":{"line":190,"column":2},"end":{"line":190,"column":26}},"147":{"start":{"line":191,"column":2},"end":{"line":191,"column":23}},"148":{"start":{"line":193,"column":2},"end":{"line":196,"column":5}},"149":{"start":{"line":195,"column":4},"end":{"line":195,"column":25}},"150":{"start":{"line":197,"column":2},"end":{"line":199,"column":5}},"151":{"start":{"line":198,"column":4},"end":{"line":198,"column":23}},"152":{"start":{"line":200,"column":2},"end":{"line":200,"column":48}},"153":{"start":{"line":201,"column":2},"end":{"line":201,"column":27}},"154":{"start":{"line":202,"column":2},"end":{"line":202,"column":31}},"155":{"start":{"line":203,"column":2},"end":{"line":203,"column":25}},"156":{"start":{"line":204,"column":2},"end":{"line":204,"column":23}},"157":{"start":{"line":205,"column":2},"end":{"line":205,"column":31}},"158":{"start":{"line":206,"column":2},"end":{"line":206,"column":35}},"159":{"start":{"line":207,"column":2},"end":{"line":207,"column":39}},"160":{"start":{"line":208,"column":2},"end":{"line":208,"column":49}},"161":{"start":{"line":209,"column":2},"end":{"line":209,"column":21}},"162":{"start":{"line":210,"column":2},"end":{"line":210,"column":28}},"163":{"start":{"line":212,"column":2},"end":{"line":212,"column":42}},"164":{"start":{"line":212,"column":25},"end":{"line":212,"column":42}},"165":{"start":{"line":214,"column":0},"end":{"line":218,"column":2}},"166":{"start":{"line":215,"column":2},"end":{"line":215,"column":27}},"167":{"start":{"line":215,"column":20},"end":{"line":215,"column":27}},"168":{"start":{"line":216,"column":2},"end":{"line":216,"column":22}},"169":{"start":{"line":217,"column":2},"end":{"line":217,"column":22}},"170":{"start":{"line":220,"column":0},"end":{"line":223,"column":1}},"171":{"start":{"line":221,"column":2},"end":{"line":221,"column":35}},"172":{"start":{"line":221,"column":22},"end":{"line":221,"column":35}},"173":{"start":{"line":222,"column":2},"end":{"line":222,"column":23}},"174":{"start":{"line":224,"column":0},"end":{"line":228,"column":1}},"175":{"start":{"line":225,"column":2},"end":{"line":225,"column":32}},"176":{"start":{"line":225,"column":25},"end":{"line":225,"column":32}},"177":{"start":{"line":226,"column":2},"end":{"line":226,"column":27}},"178":{"start":{"line":227,"column":2},"end":{"line":227,"column":26}},"179":{"start":{"line":230,"column":0},"end":{"line":420,"column":2}},"180":{"start":{"line":231,"column":2},"end":{"line":231,"column":18}},"181":{"start":{"line":232,"column":2},"end":{"line":240,"column":3}},"182":{"start":{"line":234,"column":4},"end":{"line":238,"column":7}},"183":{"start":{"line":235,"column":6},"end":{"line":235,"column":39}},"184":{"start":{"line":235,"column":26},"end":{"line":235,"column":39}},"185":{"start":{"line":236,"column":6},"end":{"line":236,"column":36}},"186":{"start":{"line":236,"column":29},"end":{"line":236,"column":36}},"187":{"start":{"line":237,"column":6},"end":{"line":237,"column":23}},"188":{"start":{"line":239,"column":4},"end":{"line":239,"column":11}},"189":{"start":{"line":241,"column":2},"end":{"line":241,"column":32}},"190":{"start":{"line":241,"column":25},"end":{"line":241,"column":32}},"191":{"start":{"line":242,"column":2},"end":{"line":242,"column":30}},"192":{"start":{"line":243,"column":2},"end":{"line":419,"column":5}},"193":{"start":{"line":244,"column":4},"end":{"line":244,"column":53}},"194":{"start":{"line":244,"column":13},"end":{"line":244,"column":53}},"195":{"start":{"line":245,"column":4},"end":{"line":245,"column":34}},"196":{"start":{"line":245,"column":27},"end":{"line":245,"column":34}},"197":{"start":{"line":246,"column":4},"end":{"line":246,"column":28}},"198":{"start":{"line":248,"column":4},"end":{"line":248,"column":43}},"199":{"start":{"line":249,"column":4},"end":{"line":249,"column":160}},"200":{"start":{"line":249,"column":34},"end":{"line":249,"column":160}},"201":{"start":{"line":251,"column":4},"end":{"line":251,"column":49}},"202":{"start":{"line":253,"column":4},"end":{"line":253,"column":58}},"203":{"start":{"line":255,"column":4},"end":{"line":255,"column":57}},"204":{"start":{"line":257,"column":4},"end":{"line":257,"column":54}},"205":{"start":{"line":259,"column":4},"end":{"line":259,"column":52}},"206":{"start":{"line":261,"column":4},"end":{"line":261,"column":52}},"207":{"start":{"line":263,"column":4},"end":{"line":263,"column":42}},"208":{"start":{"line":265,"column":4},"end":{"line":265,"column":51}},"209":{"start":{"line":267,"column":4},"end":{"line":267,"column":53}},"210":{"start":{"line":269,"column":4},"end":{"line":269,"column":51}},"211":{"start":{"line":271,"column":4},"end":{"line":271,"column":53}},"212":{"start":{"line":273,"column":4},"end":{"line":273,"column":54}},"213":{"start":{"line":276,"column":4},"end":{"line":276,"column":59}},"214":{"start":{"line":278,"column":4},"end":{"line":278,"column":59}},"215":{"start":{"line":280,"column":4},"end":{"line":280,"column":64}},"216":{"start":{"line":282,"column":4},"end":{"line":282,"column":128}},"217":{"start":{"line":282,"column":44},"end":{"line":282,"column":128}},"218":{"start":{"line":284,"column":4},"end":{"line":284,"column":31}},"219":{"start":{"line":286,"column":4},"end":{"line":286,"column":97}},"220":{"start":{"line":287,"column":4},"end":{"line":418,"column":7}},"221":{"start":{"line":288,"column":6},"end":{"line":288,"column":55}},"222":{"start":{"line":288,"column":15},"end":{"line":288,"column":55}},"223":{"start":{"line":289,"column":6},"end":{"line":289,"column":36}},"224":{"start":{"line":289,"column":29},"end":{"line":289,"column":36}},"225":{"start":{"line":291,"column":6},"end":{"line":291,"column":63}},"226":{"start":{"line":292,"column":6},"end":{"line":293,"column":82}},"227":{"start":{"line":296,"column":6},"end":{"line":296,"column":75}},"228":{"start":{"line":297,"column":6},"end":{"line":297,"column":82}},"229":{"start":{"line":298,"column":6},"end":{"line":298,"column":29}},"230":{"start":{"line":299,"column":6},"end":{"line":299,"column":16}},"231":{"start":{"line":300,"column":6},"end":{"line":313,"column":7}},"232":{"start":{"line":301,"column":8},"end":{"line":301,"column":60}},"233":{"start":{"line":302,"column":8},"end":{"line":302,"column":60}},"234":{"start":{"line":303,"column":8},"end":{"line":303,"column":30}},"235":{"start":{"line":304,"column":8},"end":{"line":304,"column":43}},"236":{"start":{"line":305,"column":8},"end":{"line":305,"column":147}},"237":{"start":{"line":305,"column":47},"end":{"line":305,"column":147}},"238":{"start":{"line":306,"column":8},"end":{"line":306,"column":46}},"239":{"start":{"line":307,"column":8},"end":{"line":307,"column":65}},"240":{"start":{"line":308,"colu
[...]
er offset\"));","          }","          entry.relativeOffsetOfLocalHeader = readUInt64LE(zip64EiefBuffer, index);","          index += 8;","        }","        // 24 - Disk Start Number      4 bytes","      }","","      // check for Info-ZIP Unicode Path Extra Field (0x7075)","      // see https://github.com/thejoshwolfe/yauzl/issues/33","      if (self.decodeStrings) {","        for (var i = 0; i < entry.extraFields.length; i++) {","          var extraField = entry.extraFields[i];","          if (extraField.id === 0x7075) {","            if (extraField.data.length < 6) {","              // too short to be meaningful","              continue;","            }","            // Version       1 byte      version of this extra field, currently 1","            if (extraField.data.readUInt8(0) !== 1) {","              // > Changes may not be backward compatible so this extra","              // > field should not be used if the version is not recognized.","              continue;","            }","            // NameCRC32     4 bytes     File Name Field CRC32 Checksum","            var oldNameCrc32 = extraField.data.readUInt32LE(1);","            if (crc32.unsigned(buffer.slice(0, entry.fileNameLength)) !== oldNameCrc32) {","              // > If the CRC check fails, this UTF-8 Path Extra Field should be","              // > ignored and the File Name field in the header should be used instead.","              continue;","            }","            // UnicodeName   Variable    UTF-8 version of the entry File Name","            entry.fileName = decodeBuffer(extraField.data, 5, extraField.data.length, true);","            break;","          }","        }","      }","","      // validate file size","      if (self.validateEntrySizes && entry.compressionMethod === 0) {","        var expectedCompressedSize = entry.uncompressedSize;","        if (entry.isEncrypted()) {","          // traditional encryption prefixes the file data with a header","          expectedCompressedSize += 12;","        }","        if (entry.compressedSize !== expectedCompressedSize) {","          var msg = \"compressed/uncompressed size mismatch for stored file: \" + entry.compressedSize + \" != \" + entry.uncompressedSize;","          return emitErrorAndAutoClose(self, new Error(msg));","        }","      }","","      if (self.decodeStrings) {","        var errorMessage = validateFileName(entry.fileName);","        if (errorMessage != null) return emitErrorAndAutoClose(self, new Error(errorMessage));","      }","      self.emit(\"entry\", entry);","","      if (!self.lazyEntries) self.readEntry();","    });","  });","};","","ZipFile.prototype.openReadStream = function(entry, options, callback) {","  var self = this;","  // parameter validation","  var relativeStart = 0;","  var relativeEnd = entry.compressedSize;","  if (callback == null) {","    callback = options;","    options = {};","  } else {","    // validate options that the caller has no excuse to get wrong","    if (options.decrypt != null) {","      if (!entry.isEncrypted()) {","        throw new Error(\"options.decrypt can only be specified for encrypted entries\");","      }","      if (options.decrypt !== false) throw new Error(\"invalid options.decrypt value: \" + options.decrypt);","      if (entry.isCompressed()) {","        if (options.decompress !== false) throw new Error(\"entry is encrypted and compressed, and options.decompress !== false\");","      }","    }","    if (options.decompress != null) {","      if (!entry.isCompressed()) {","        throw new Error(\"options.decompress can only be specified for compressed entries\");","      }","      if (!(options.decompress === false || options.decompress === true)) {","        throw new Error(\"invalid options.decompress value: \" + options.decompress);","      }","    }","    if (options.start != null || options.end != null) {","      if (entry.isCompressed() && options.decompress !== false) {","        throw new Error(\"start/end range not allowed for compressed entry without options.decompress === false\");","      }","      if (entry.isEncrypted() && options.decrypt !== false) {","        throw new Error(\"start/end range not allowed for encrypted entry without options.decrypt === false\");","      }","    }","    if (options.start != null) {","      relativeStart = options.start;","      if (relativeStart < 0) throw new Error(\"options.start < 0\");","      if (relativeStart > entry.compressedSize) throw new Error(\"options.start > entry.compressedSize\");","    }","    if (options.end != null) {","      relativeEnd = options.end;","      if (relativeEnd < 0) throw new Error(\"options.end < 0\");","      if (relativeEnd > entry.compressedSize) throw new Error(\"options.end > entry.compressedSize\");","      if (relativeEnd < relativeStart) throw new Error(\"options.end < options.start\");","    }","  }","  // any further errors can either be caused by the zipfile,","  // or were introduced in a minor version of yauzl,","  // so should be passed to the client rather than thrown.","  if (!self.isOpen) return callback(new Error(\"closed\"));","  if (entry.isEncrypted()) {","    if (options.decrypt !== false) return callback(new Error(\"entry is encrypted, and options.decrypt !== false\"));","  }","  // make sure we don't lose the fd before we open the actual read stream","  self.reader.ref();","  var buffer = new Buffer(30);","  readAndAssertNoEof(self.reader, buffer, 0, buffer.length, entry.relativeOffsetOfLocalHeader, function(err) {","    try {","      if (err) return callback(err);","      // 0 - Local file header signature = 0x04034b50","      var signature = buffer.readUInt32LE(0);","      if (signature !== 0x04034b50) {","        return callback(new Error(\"invalid local file header signature: 0x\" + signature.toString(16)));","      }","      // all this should be redundant","      // 4 - Version needed to extract (minimum)","      // 6 - General purpose bit flag","      // 8 - Compression method","      // 10 - File last modification time","      // 12 - File last modification date","      // 14 - CRC-32","      // 18 - Compressed size","      // 22 - Uncompressed size","      // 26 - File name length (n)","      var fileNameLength = buffer.readUInt16LE(26);","      // 28 - Extra field length (m)","      var extraFieldLength = buffer.readUInt16LE(28);","      // 30 - File name","      // 30+n - Extra field","      var localFileHeaderEnd = entry.relativeOffsetOfLocalHeader + buffer.length + fileNameLength + extraFieldLength;","      var decompress;","      if (entry.compressionMethod === 0) {","        // 0 - The file is stored (no compression)","        decompress = false;","      } else if (entry.compressionMethod === 8) {","        // 8 - The file is Deflated","        decompress = options.decompress != null ? options.decompress : true;","      } else {","        return callback(new Error(\"unsupported compression method: \" + entry.compressionMethod));","      }","      var fileDataStart = localFileHeaderEnd;","      var fileDataEnd = fileDataStart + entry.compressedSize;","      if (entry.compressedSize !== 0) {","        // bounds check now, because the read streams will probably not complain loud enough.","        // since we're dealing with an unsigned offset plus an unsigned size,","        // we only have 1 thing to check for.","        if (fileDataEnd > self.fileSize) {","          return callback(new Error(\"file data overflows file bounds: \" +","              fileDataStart + \" + \" + entry.compressedSize + \" > \" + self.fileSize));","        }","      }","      var readStream = self.reader.createReadStream({","        start: fileDataStart + relativeStart,","        end: fileDataStart + relativeEnd,","      });","      var endpointStream = readStream;","      if (decompress) {","        var destroyed = false;","        var inflateFilter = zlib.createInflateRaw();","        readStream.on(\"error\", function(err) {","          // setImmediate here because errors can be emitted during the first call to pipe()","          setImmediate(function() {","            if (!destroyed) inflateFilter.emit(\"error\", err);","          });","        });","        readStream.pipe(inflateFilter);","","        if (self.validateEntrySizes) {","          endpointStream = new AssertByteCountStream(entry.uncompressedSize);","          inflateFilter.on(\"error\", function(err) {","            // forward zlib errors to the client-visible stream","            setImmediate(function() {","              if (!destroyed) endpointStream.emit(\"error\", err);","            });","          });","          inflateFilter.pipe(endpointStream);","        } else {","          // the zlib filter is the client-visible stream","          endpointStream = inflateFilter;","        }","        // this is part of yauzl's API, so implement this function on the client-visible stream","        endpointStream.destroy = function() {","          destroyed = true;","          if (inflateFilter !== endpointStream) inflateFilter.unpipe(endpointStream);","          readStream.unpipe(inflateFilter);","          // TODO: the inflateFilter may cause a memory leak. see Issue #27.","          readStream.destroy();","        };","      }","      callback(null, endpointStream);","    } finally {","      self.reader.unref();","    }","  });","};","","function Entry() {","}","Entry.prototype.getLastModDate = function() {","  return dosDateTimeToDate(this.lastModFileDate, this.lastModFileTime);","};","Entry.prototype.isEncrypted = function() {","  return (this.generalPurposeBitFlag & 0x1) !== 0;","};","Entry.prototype.isCompressed = function() {","  return this.compressionMethod === 8;","};","","function dosDateTimeToDate(date, time) {","  var day = date & 0x1f; // 1-31","  var month = (date >> 5 & 0xf) - 1; // 1-12, 0-11","  var year = (date >> 9 & 0x7f) + 1980; // 0-128, 1980-2108","","  var millisecond = 0;","  var second = (time & 0x1f) * 2; // 0-29, 0-58 (even numbers)","  var minute = time >> 5 & 0x3f; // 0-59","  var hour = time >> 11 & 0x1f; // 0-23","","  return new Date(year, month, day, hour, minute, second, millisecond);","}","","function validateFileName(fileName) {","  if (fileName.indexOf(\"\\\\\") !== -1) {","    return \"invalid characters in fileName: \" + fileName;","  }","  if (/^[a-zA-Z]:/.test(fileName) || /^\\//.test(fileName)) {","    return \"absolute path: \" + fileName;","  }","  if (fileName.split(\"/\").indexOf(\"..\") !== -1) {","    return \"invalid relative path: \" + fileName;","  }","  // all good","  return null;","};","","function readAndAssertNoEof(reader, buffer, offset, length, position, callback) {","  if (length === 0) {","    // fs.read will throw an out-of-bounds error if you try to read 0 bytes from a 0 byte file","    return setImmediate(function() { callback(null, new Buffer(0)); });","  }","  reader.read(buffer, offset, length, position, function(err, bytesRead) {","    if (err) return callback(err);","    if (bytesRead < length) {","      return callback(new Error(\"unexpected EOF\"));","    }","    callback();","  });","}","","util.inherits(AssertByteCountStream, Transform);","function AssertByteCountStream(byteCount) {","  Transform.call(this);","  this.actualByteCount = 0;","  this.expectedByteCount = byteCount;","}","AssertByteCountStream.prototype._transform = function(chunk, encoding, cb) {","  this.actualByteCount += chunk.length;","  if (this.actualByteCount > this.expectedByteCount) {","    var msg = \"too many bytes in the stream. expected \" + this.expectedByteCount + \". got at least \" + this.actualByteCount;","    return cb(new Error(msg));","  }","  cb(null, chunk);","};","AssertByteCountStream.prototype._flush = function(cb) {","  if (this.actualByteCount < this.expectedByteCount) {","    var msg = \"not enough bytes in the stream. expected \" + this.expectedByteCount + \". got only \" + this.actualByteCount;","    return cb(new Error(msg));","  }","  cb();","};","","util.inherits(RandomAccessReader, EventEmitter);","function RandomAccessReader() {","  EventEmitter.call(this);","  this.refCount = 0;","}","RandomAccessReader.prototype.ref = function() {","  this.refCount += 1;","};","RandomAccessReader.prototype.unref = function() {","  var self = this;","  self.refCount -= 1;","","  if (self.refCount > 0) return;","  if (self.refCount < 0) throw new Error(\"invalid unref\");","","  self.close(onCloseDone);","","  function onCloseDone(err) {","    if (err) return self.emit('error', err);","    self.emit('close');","  }","};","RandomAccessReader.prototype.createReadStream = function(options) {","  var start = options.start;","  var end = options.end;","  if (start === end) {","    var emptyStream = new PassThrough();","    setImmediate(function() {","      emptyStream.end();","    });","    return emptyStream;","  }","  var stream = this._readStreamForRange(start, end);","","  var destroyed = false;","  var refUnrefFilter = new RefUnrefFilter(this);","  stream.on(\"error\", function(err) {","    setImmediate(function() {","      if (!destroyed) refUnrefFilter.emit(\"error\", err);","    });","  });","  refUnrefFilter.destroy = function() {","    stream.unpipe(refUnrefFilter);","    refUnrefFilter.unref();","    stream.destroy();","  };","","  var byteCounter = new AssertByteCountStream(end - start);","  refUnrefFilter.on(\"error\", function(err) {","    setImmediate(function() {","      if (!destroyed) byteCounter.emit(\"error\", err);","    });","  });","  byteCounter.destroy = function() {","    destroyed = true;","    refUnrefFilter.unpipe(byteCounter);","    refUnrefFilter.destroy();","  };","","  return stream.pipe(refUnrefFilter).pipe(byteCounter);","};","RandomAccessReader.prototype._readStreamForRange = function(start, end) {","  throw new Error(\"not implemented\");","};","RandomAccessReader.prototype.read = function(buffer, offset, length, position, callback) {","  var readStream = this.createReadStream({start: position, end: position + length});","  var writeStream = new Writable();","  var written = 0;","  writeStream._write = function(chunk, encoding, cb) {","    chunk.copy(buffer, offset + written, 0, chunk.length);","    written += chunk.length;","    cb();","  };","  writeStream.on(\"finish\", callback);","  readStream.on(\"error\", function(error) {","    callback(error);","  });","  readStream.pipe(writeStream);","};","RandomAccessReader.prototype.close = function(callback) {","  setImmediate(callback);","};","","util.inherits(RefUnrefFilter, PassThrough);","function RefUnrefFilter(context) {","  PassThrough.call(this);","  this.context = context;","  this.context.ref();","  this.unreffedYet = false;","}","RefUnrefFilter.prototype._flush = function(cb) {","  this.unref();","  cb();","};","RefUnrefFilter.prototype.unref = function(cb) {","  if (this.unreffedYet) return;","  this.unreffedYet = true;","  this.context.unref();","};","","var cp437 = '\\u0000☺☻♥♦♣♠•◘○◙♂♀♪♫☼►◄↕‼¶§▬↨↑↓→←∟↔▲▼ !\"#$%&\\'()*+,-./0123456789:;<=>?@ABCDEFGHIJKLMNOPQRSTUVWXYZ[\\\\]^_`abcdefghijklmnopqrstuvwxyz{|}~⌂ÇüéâäàåçêëèïîìÄÅÉæÆôöòûùÿÖÜ¢£¥₧ƒáíóúñÑªº¿⌐¬½¼¡«»░▒▓│┤╡╢╖╕╣║╗╝╜╛┐└┴┬├─┼╞╟╚╔╩╦╠═╬╧╨╤╥╙╘╒╓╫╪┘┌█▄▌▐▀αßΓπΣσµτΦΘΩδ∞φε∩≡±≥≤⌠⌡÷≈°∙·√ⁿ²■ ';","function decodeBuffer(buffer, start, end, isUtf8) {","  if (isUtf8) {","    return buffer.toString(\"utf8\", start, end);","  } else {","    var result = \"\";","    for (var i = start; i < end; i++) {","      result += cp437[buffer[i]];","    }","    return result;","  }","}","","function readUInt64LE(buffer, offset) {","  // there is no native function for this, because we can't actually store 64-bit integers precisely.","  // after 53 bits, JavaScript's Number type (IEEE 754 double) can't store individual integers anymore.","  // but since 53 bits is a whole lot more than 32 bits, we do our best anyway.","  var lower32 = buffer.readUInt32LE(offset);","  var upper32 = buffer.readUInt32LE(offset + 4);","  // we can't use bitshifting here, because JavaScript bitshifting only works on 32-bit integers.","  return upper32 * 0x100000000 + lower32;","  // as long as we're bounds checking the result of this function against the total file size,","  // we'll catch any overflow errors, because we already made sure the total file size was within reason.","}","","function defaultCallback(err) {","  if (err) throw err;","}",""],"l":{"1":1,"2":1,"3":1,"4":1,"5":1,"6":1,"7":1,"8":1,"9":1,"11":1,"12":1,"13":1,"14":1,"15":1,"16":1,"17":1,"18":1,"19":1,"21":1,"22":0,"23":0,"24":0,"26":0,"27":0,"28":0,"29":0,"30":0,"31":0,"32":0,"33":0,"34":0,"35":0,"36":0,"41":1,"42":0,"43":0,"44":0,"46":0,"47":0,"48":0,"49":0,"50":0,"51":0,"52":0,"53":0,"54":0,"55":0,"59":1,"60":0,"61":0,"62":0,"64":0,"65":0,"66":0,"67":0,"68":0,"70":0,"71":0,"74":1,"75":0,"76":0,"77":0,"79":0,"80":0,"81":0,"82":0,"83":0,"84":0,"85":0,"86":0,"87":0,"88":0,"92":0,"100":0,"101":0,"102":0,"103":0,"104":0,"105":0,"106":0,"107":0,"108":0,"110":0,"114":0,"115":0,"116":0,"121":0,"124":0,"126":0,"127":0,"128":0,"129":0,"133":0,"136":0,"137":0,"143":0,"144":0,"145":0,"146":0,"149":0,"150":0,"154":0,"158":0,"159":0,"160":0,"163":0,"164":0,"173":0,"176":0,"178":0,"181":0,"183":0,"187":1,"188":1,"189":0,"190":0,"191":0,"193":0,"195":0,"197":0,"198":0,"200":0,"201":0,"202":0,"203":0,"204":0,"205":0,"206":0,"207":0,"208":0,"209":0,"210":0,"212":0,"214":1,"215":0,"216":0,"217":0,"220":1,"221":0,"222":0,"224":1,"225":0,"226":0,"227":0,"230":1,"231":0,"232":0,"234":0,"235":0,"236":0,"237":0,"239":0,"241":0,"242":0,"243":0,"244":0,"245":0,"246":0,"248":0,"249":0,"251":0,"253":0,"255":0,"257":0,"259":0,"261":0,"263":0,"265":0,"267":0,"269":0,"271":0,"273":0,"276":0,"278":0,"280":0,"282":0,"284":0,"286":0,"287":0,"288":0,"289":0,"291":0,"292":0,"296":0,"297":0,"298":0,"299":0,"300":0,"301":0,"302":0,"303":0,"304":0,"305":0,"306":0,"307":0,"308":0,"312":0,"316":0,"319":0,"321":0,"322":0,"324":0,"329":0,"330":0,"331":0,"332":0,"333":0,"334":0,"337":0,"338":0,"340":0,"342":0,"343":0,"344":0,"346":0,"347":0,"350":0,"351":0,"352":0,"354":0,"355":0,"358":0,"359":0,"360":0,"362":0,"363":0,"370":0,"371":0,"372":0,"373":0,"374":0,"376":0,"379":0,"382":0,"385":0,"386":0,"389":0,"392":0,"393":0,"399":0,"400":0,"401":0,"403":0,"405":0,"406":0,"407":0,"411":0,"412":0,"413":0,"415":0,"417":0,"422":1,"423":0,"425":0,"426":0,"427":0,"428":0,"429":0,"432":0,"433":0,"434":0,"436":0,"437":0,"438":0,"441":0,"442":0,"443":0,"445":0,"446":0,"449":0,"450":0,"451":0,"453":0,"454":0,"457":0,"458":0,"459":0,"460":0,"462":0,"463":0,"464":0,"465":0,"466":0,"472":0,"473":0,"474":0,"477":0,"478":0,"479":0,"480":0,"481":0,"483":0,"484":0,"485":0,"497":0,"499":0,"502":0,"503":0,"504":0,"506":0,"507":0,"509":0,"511":0,"513":0,"514":0,"515":0,"519":0,"520":0,"524":0,"528":0,"529":0,"530":0,"531":0,"532":0,"534":0,"535":0,"538":0,"540":0,"541":0,"542":0,"544":0,"545":0,"548":0,"551":0,"554":0,"555":0,"556":0,"557":0,"559":0,"562":0,"564":0,"569":1,"571":1,"572":0,"574":1,"575":0,"577":1,"578":0,"581":1,"582":0,"583":0,"584":0,"586":0,"587":0,"588":0,"589":0,"591":0,"594":1,"595":0,"596":0,"598":0,"599":0,"601":0,"602":0,"605":0,"608":1,"609":0,"611":0,"613":0,"614":0,"615":0,"616":0,"618":0,"622":1,"623":1,"624":0,"625":0,"626":0,"628":1,"629":0,"630":0,"631":0,"632":0,"634":0,"636":1,"637":0,"638":0,"639":0,"641":0,"644":1,"645":1,"646":0,"647":0,"649":1,"650":0,"652":1,"653":0,"654":0,"656":0,"657":0,"659":0,"661":1,"662":0,"663":0,"666":1,"667":0,"668":0,"669":0,"670":0,"671":0,"672":0,"674":0,"676":0,"678":0,"679":0,"680":0,"681":0,"682":0,"685":0,"686":0,"687":0,"688":0,"691":0,"692":0,"693":0,"694":0,"697":0,"698":0,"699":0,"700":0,"703":0,"705":1,"706":0,"708":1,"709":0,"710":0,"711":0,"712":0,"713":0,"714":0,"715":0,"717":0,"718":0,"719":0,"721":0,"723":1,"724":0,"727":1,"728":1,"729":0,"730":0,"731":0,"732":0,"734":1,"735":0,"736":0,"738":1,"739":0,"740":0,"741":0,"744":1,"745":1,"746":0,"747":0,"749":0,"750":0,"751":0,"753":0,"757":1,"761":0,"762":0,"764":0,"769":1,"770":0}}}