{"/home/travis/build/npmtest/node-npmtest-yauzl/test.js":{"path":"/home/travis/build/npmtest/node-npmtest-yauzl/test.js","s":{"1":2,"2":2,"3":2,"4":2,"5":2,"6":2,"7":2,"8":1,"9":2,"10":2,"11":1,"12":1,"13":1,"14":1,"15":2,"16":2,"17":2,"18":2,"19":1,"20":1,"21":2,"22":2,"23":2,"24":1,"25":1,"26":1,"27":1,"28":1,"29":1,"30":1,"31":1,"32":1,"33":1,"34":1,"35":1,"36":1,"37":2,"38":2,"39":1,"40":2,"41":2,"42":1,"43":2,"44":2,"45":1,"46":2,"47":2,"48":1,"49":1,"50":1,"51":1,"52":1},"b":{"1":[2,1,1,1],"2":[1,1,1,1],"3":[1,1],"4":[1,1],"5":[1,1],"6":[1,1],"7":[1,1],"8":[1,1],"9":[1,1,1],"10":[1,1],"11":[1,1],"12":[1,1],"13":[1,1],"14":[1,1],"15":[1,1],"16":[1,1]},"f":{"1":2,"2":2,"3":2,"4":2,"5":2,"6":1,"7":1,"8":2,"9":2,"10":2,"11":2,"12":1},"fnMap":{"1":{"name":"(anonymous_1)","line":12,"loc":{"start":{"line":12,"column":1},"end":{"line":12,"column":13}}},"2":{"name":"(anonymous_2)","line":19,"loc":{"start":{"line":19,"column":5},"end":{"line":19,"column":17}}},"3":{"name":"(anonymous_3)","line":23,"loc":{"start":{"line":23,"column":24},"end":{"line":23,"column":36}}},"4":{"name":"(anonymous_4)","line":61,"loc":{"start":{"line":61,"column":5},"end":{"line":61,"column":17}}},"5":{"name":"(anonymous_5)","line":82,"loc":{"start":{"line":82,"column":5},"end":{"line":82,"column":17}}},"6":{"name":"(anonymous_6)","line":102,"loc":{"start":{"line":102,"column":83},"end":{"line":105,"column":10}},"skip":true},"7":{"name":"(anonymous_7)","line":113,"loc":{"start":{"line":113,"column":77},"end":{"line":116,"column":10}},"skip":true},"8":{"name":"(anonymous_8)","line":129,"loc":{"start":{"line":129,"column":12},"end":{"line":129,"column":40}},"skip":true},"9":{"name":"(anonymous_9)","line":137,"loc":{"start":{"line":137,"column":77},"end":{"line":140,"column":10}},"skip":true},"10":{"name":"(anonymous_10)","line":148,"loc":{"start":{"line":148,"column":83},"end":{"line":151,"column":10}},"skip":true},"11":{"name":"(anonymous_11)","line":159,"loc":{"start":{"line":159,"column":79},"end":{"line":162,"column":10}},"skip":true},"12":{"name":"(anonymous_12)","line":170,"loc":{"start":{"line":170,"column":75},"end":{"line":173,"column":10}},"skip":true}},"statementMap":{"1":{"start":{"line":12,"column":0},"end":{"line":185,"column":5}},"2":{"start":{"line":14,"column":4},"end":{"line":14,"column":14}},"3":{"start":{"line":19,"column":4},"end":{"line":56,"column":9}},"4":{"start":{"line":21,"column":8},"end":{"line":21,"column":19}},"5":{"start":{"line":23,"column":8},"end":{"line":35,"column":13}},"6":{"start":{"line":24,"column":12},"end":{"line":34,"column":13}},"7":{"start":{"line":25,"column":16},"end":{"line":28,"column":30}},"8":{"start":{"line":30,"column":16},"end":{"line":33,"column":27}},"9":{"start":{"line":37,"column":8},"end":{"line":39,"column":21}},"10":{"start":{"line":40,"column":8},"end":{"line":53,"column":9}},"11":{"start":{"line":43,"column":12},"end":{"line":46,"column":14}},"12":{"start":{"line":47,"column":12},"end":{"line":47,"column":18}},"13":{"start":{"line":50,"column":12},"end":{"line":51,"column":46}},"14":{"start":{"line":52,"column":12},"end":{"line":52,"column":18}},"15":{"start":{"line":55,"column":8},"end":{"line":55,"column":35}},"16":{"start":{"line":61,"column":4},"end":{"line":63,"column":9}},"17":{"start":{"line":62,"column":8},"end":{"line":62,"column":15}},"18":{"start":{"line":64,"column":4},"end":{"line":77,"column":5}},"19":{"start":{"line":70,"column":8},"end":{"line":70,"column":14}},"20":{"start":{"line":76,"column":8},"end":{"line":76,"column":14}},"21":{"start":{"line":82,"column":4},"end":{"line":84,"column":9}},"22":{"start":{"line":83,"column":8},"end":{"line":83,"column":15}},"23":{"start":{"line":85,"column":4},"end":{"line":184,"column":5}},"24":{"start":{"line":92,"column":8},"end":{"line":94,"column":63}},"25":{"start":{"line":95,"column":8},"end":{"line":95,"column":14}},"26":{"start":{"line":102,"column":8},"end":{"line":111,"column":10},"skip":true},"27":{"start":{"line":109,"column":12},"end":{"line":109,"column":55},"skip":true},"28":{"start":{"line":110,"column":12},"end":{"line":110,"column":48},"skip":true},"29":{"start":{"line":113,"column":8},"end":{"line":126,"column":10},"skip":true},"30":{"start":{"line":120,"column":12},"end":{"line":120,"column":76},"skip":true},"31":{"start":{"line":121,"column":12},"end":{"line":121,"column":73},"skip":true},"32":{"start":{"line":122,"column":12},"end":{"line":122,"column":74},"skip":true},"33":{"start":{"line":123,"column":12},"end":{"line":123,"column":79},"skip":true},"34":{"start":{"line":124,"column":12},"end":{"line":124,"column":25},"skip":true},"35":{"start":{"line":125,"column":12},"end":{"line":125,"column":45},"skip":true},"36":{"start":{"line":128,"column":8},"end":{"line":135,"column":14},"skip":true},"37":{"start":{"line":133,"column":16},"end":{"line":133,"column":29},"skip":true},"38":{"start":{"line":134,"column":16},"end":{"line":134,"column":55},"skip":true},"39":{"start":{"line":137,"column":8},"end":{"line":146,"column":10},"skip":true},"40":{"start":{"line":144,"column":12},"end":{"line":144,"column":25},"skip":true},"41":{"start":{"line":145,"column":12},"end":{"line":145,"column":45},"skip":true},"42":{"start":{"line":148,"column":8},"end":{"line":157,"column":10},"skip":true},"43":{"start":{"line":155,"column":12},"end":{"line":155,"column":25},"skip":true},"44":{"start":{"line":156,"column":12},"end":{"line":156,"column":48},"skip":true},"45":{"start":{"line":159,"column":8},"end":{"line":168,"column":10},"skip":true},"46":{"start":{"line":166,"column":12},"end":{"line":166,"column":25},"skip":true},"47":{"start":{"line":167,"column":12},"end":{"line":167,"column":46},"skip":true},"48":{"start":{"line":170,"column":8},"end":{"line":179,"column":10},"skip":true},"49":{"start":{"line":177,"column":12},"end":{"line":177,"column":94},"skip":true},"50":{"start":{"line":178,"column":12},"end":{"line":178,"column":48},"skip":true},"51":{"start":{"line":182,"column":8},"end":{"line":182,"column":35},"skip":true},"52":{"start":{"line":183,"column":8},"end":{"line":183,"column":14},"skip":true}},"branchMap":{"1":{"line":25,"type":"binary-expr","locations":[{"start":{"line":25,"column":23},"end":{"line":25,"column":62}},{"start":{"line":26,"column":20},"end":{"line":26,"column":70}},{"start":{"line":27,"column":20},"end":{"line":27,"column":71}},{"start":{"line":28,"column":20},"end":{"line":28,"column":29}}]},"2":{"line":30,"type":"binary-expr","locations":[{"start":{"line":30,"column":23},"end":{"line":30,"column":37}},{"start":{"line":31,"column":20},"end":{"line":31,"column":61}},{"start":{"line":32,"column":20},"end":{"line":32,"column":70}},{"start":{"line":33,"column":20},"end":{"line":33,"column":26}}]},"3":{"line":37,"type":"cond-expr","locations":[{"start":{"line":38,"column":14},"end":{"line":38,"column":20}},{"start":{"line":39,"column":14},"end":{"line":39,"column":20}}]},"4":{"line":40,"type":"switch","locations":[{"start":{"line":42,"column":8},"end":{"line":47,"column":18}},{"start":{"line":49,"column":8},"end":{"line":52,"column":18}}]},"5":{"line":44,"type":"binary-expr","locations":[{"start":{"line":44,"column":16},"end":{"line":44,"column":44}},{"start":{"line":44,"column":48},"end":{"line":44,"column":66}}]},"6":{"line":50,"type":"binary-expr","locations":[{"start":{"line":50,"column":21},"end":{"line":50,"column":49}},{"start":{"line":50,"column":53},"end":{"line":50,"column":72}}]},"7":{"line":64,"type":"switch","locations":[{"start":{"line":69,"column":4},"end":{"line":70,"column":14}},{"start":{"line":75,"column":4},"end":{"line":76,"column":14}}]},"8":{"line":85,"type":"switch","locations":[{"start":{"line":90,"column":4},"end":{"line":95,"column":14}},{"start":{"line":101,"column":4},"end":{"line":183,"column":14},"skip":true}]},"9":{"line":92,"type":"binary-expr","locations":[{"start":{"line":92,"column":18},"end":{"line":92,"column":32}},{"start":{"line":93,"column":12},"end":{"line":93,"column":53}},{"start":{"line":94,"column":12},"end":{"line":94,"column":61}}]},"10":{"line":102,"type":"binary-expr","locations":[{"start":{"line":102,"column":45},"end":{"line":102,"column":79},"skip":true},{"start":{"line":102,"column":83},"end":{"line":111,"column":9},"skip":true}]},"11":{"line":113,"type":"binary-expr","locations":[{"start":{"line":113,"column":42},"end":{"line":113,"column":73},"skip":true},{"start":{"line":113,"column":77},"end":{"line":126,"column":9},"skip":true}]},"12":{"line":128,"type":"binary-expr","locations":[{"start":{"line":128,"column":48},"end":{"line":128,"column":85},"skip":true},{"start":{"line":129,"column":12},"end":{"line":135,"column":13},"skip":true}]},"13":{"line":137,"type":"binary-expr","locations":[{"start":{"line":137,"column":42},"end":{"line":137,"column":73},"skip":true},{"start":{"line":137,"column":77},"end":{"line":146,"column":9},"skip":true}]},"14":{"line":148,"type":"binary-expr","locations":[{"start":{"line":148,"column":45},"end":{"line":148,"column":79},"skip":true},{"start":{"line":148,"column":83},"end":{"line":157,"column":9},"skip":true}]},"15":{"line":159,"type":"binary-expr","locations":[{"start":{"line":159,"column":43},"end":{"line":159,"column":75},"skip":true},{"start":{"line":159,"column":79},"end":{"line":168,"column":9},"skip":true}]},"16":{"line":170,"type":"binary-expr","locations":[{"start":{"line":170,"column":41},"end":{"line":170,"column":71},"skip":true},{"start":{"line":170,"column":75},"end":{"line":179,"column":9},"skip":true}]}},"code":["/* istanbul instrument in package npmtest_yauzl */","/*jslint","    bitwise: true,","    browser: true,","    maxerr: 8,","    maxlen: 96,","    node: true,","    nomen: true,","    regexp: true,","    stupid: true","*/","(function () {","    'use strict';","    var local;","","","","    // run shared js-env code - pre-init","    (function () {","        // init local","        local = {};","        // init modeJs","        local.modeJs = (function () {","            try {","                return typeof navigator.userAgent === 'string' &&","                    typeof document.querySelector('body') === 'object' &&","                    typeof XMLHttpRequest.prototype.open === 'function' &&","                    'browser';","            } catch (errorCaughtBrowser) {","                return module.exports &&","                    typeof process.versions.node === 'string' &&","                    typeof require('http').createServer === 'function' &&","                    'node';","            }","        }());","        // init global","        local.global = local.modeJs === 'browser'","            ? window","            : global;","        switch (local.modeJs) {","        // re-init local from window.local","        case 'browser':","            local = local.global.utility2.objectSetDefault(","                local.global.utility2_rollup || local.global.local,","                local.global.utility2","            );","            break;","        // re-init local from example.js","        case 'node':","            local = (local.global.utility2_rollup || require('utility2'))","                .requireExampleJsFromReadme();","            break;","        }","        // export local","        local.global.local = local;","    }());","","","","    // run shared js-env code - function","    (function () {","        return;","    }());","    switch (local.modeJs) {","","","","    // run browser js-env code - function","    case 'browser':","        break;","","","","    // run node js-env code - function","    case 'node':","        break;","    }","","","","    // run shared js-env code - post-init","    (function () {","        return;","    }());","    switch (local.modeJs) {","","","","    // run browser js-env code - post-init","    case 'browser':","        // run tests","        local.nop(local.modeTest &&","            document.querySelector('#testRunButton1') &&","            document.querySelector('#testRunButton1').click());","        break;","","","","    // run node js-env code - post-init","    /* istanbul ignore next */","    case 'node':","        local.testCase_buildApidoc_default = local.testCase_buildApidoc_default || function (","            options,","            onError","        ) {","        /*","         * this function will test buildApidoc's default handling-behavior-behavior","         */","            options = { modulePathList: module.paths };","            local.buildApidoc(options, onError);","        };","","        local.testCase_buildApp_default = local.testCase_buildApp_default || function (","            options,","            onError","        ) {","        /*","         * this function will test buildApp's default handling-behavior-behavior","         */","            local.testCase_buildReadme_default(options, local.onErrorThrow);","            local.testCase_buildLib_default(options, local.onErrorThrow);","            local.testCase_buildTest_default(options, local.onErrorThrow);","            local.testCase_buildCustomOrg_default(options, local.onErrorThrow);","            options = [];","            local.buildApp(options, onError);","        };","","        local.testCase_buildCustomOrg_default = local.testCase_buildCustomOrg_default ||","            function (options, onError) {","            /*","             * this function will test buildCustomOrg's default handling-behavior","             */","                options = {};","                local.buildCustomOrg(options, onError);","            };","","        local.testCase_buildLib_default = local.testCase_buildLib_default || function (","            options,","            onError","        ) {","        /*","         * this function will test buildLib's default handling-behavior","         */","            options = {};","            local.buildLib(options, onError);","        };","","        local.testCase_buildReadme_default = local.testCase_buildReadme_default || function (","            options,","            onError","        ) {","        /*","         * this function will test buildReadme's default handling-behavior-behavior","         */","            options = {};","            local.buildReadme(options, onError);","        };","","        local.testCase_buildTest_default = local.testCase_buildTest_default || function (","            options,","            onError","        ) {","        /*","         * this function will test buildTest's default handling-behavior","         */","            options = {};","            local.buildTest(options, onError);","        };","","        local.testCase_webpage_default = local.testCase_webpage_default || function (","            options,","            onError","        ) {","        /*","         * this function will test webpage's default handling-behavior","         */","            options = { modeCoverageMerge: true, url: local.serverLocalHost + '?modeTest=1' };","            local.browserTest(options, onError);","        };","","        // run test-server","        local.testRunServer(local);","        break;","    }","}());",""],"l":{"12":2,"14":2,"19":2,"21":2,"23":2,"24":2,"25":2,"30":1,"37":2,"40":2,"43":1,"47":1,"50":1,"52":1,"55":2,"61":2,"62":2,"64":2,"70":1,"76":1,"82":2,"83":2,"85":2,"92":1,"95":1,"102":1,"109":1,"110":1,"113":1,"120":1,"121":1,"122":1,"123":1,"124":1,"125":1,"128":1,"133":2,"134":2,"137":1,"144":2,"145":2,"148":1,"155":2,"156":2,"159":1,"166":2,"167":2,"170":1,"177":1,"178":1,"182":1,"183":1}},"/home/travis/build/npmtest/node-npmtest-yauzl/lib.npmtest_yauzl.js":{"path":"/home/travis/build/npmtest/node-npmtest-yauzl/lib.npmtest_yauzl.js","s":{"1":2,"2":2,"3":2,"4":2,"5":2,"6":2,"7":2,"8":1,"9":2,"10":2,"11":2,"12":2,"13":1,"14":1,"15":1,"16":1},"b":{"1":[2,1,1,1],"2":[1,1,1,1],"3":[1,1],"4":[2,2],"5":[1,1]},"f":{"1":2,"2":2,"3":2},"fnMap":{"1":{"name":"(anonymous_1)","line":12,"loc":{"start":{"line":12,"column":1},"end":{"line":12,"column":13}}},"2":{"name":"(anonymous_2)","line":19,"loc":{"start":{"line":19,"column":5},"end":{"line":19,"column":17}}},"3":{"name":"(anonymous_3)","line":23,"loc":{"start":{"line":23,"column":24},"end":{"line":23,"column":36}}}},"statementMap":{"1":{"start":{"line":12,"column":0},"end":{"line":53,"column":5}},"2":{"start":{"line":14,"column":4},"end":{"line":14,"column":14}},"3":{"start":{"line":19,"column":4},"end":{"line":52,"column":9}},"4":{"start":{"line":21,"column":8},"end":{"line":21,"column":19}},"5":{"start":{"line":23,"column":8},"end":{"line":35,"column":13}},"6":{"start":{"line":24,"column":12},"end":{"line":34,"column":13}},"7":{"start":{"line":25,"column":16},"end":{"line":28,"column":30}},"8":{"start":{"line":30,"column":16},"end":{"line":33,"column":27}},"9":{"start":{"line":37,"column":8},"end":{"line":39,"column":21}},"10":{"start":{"line":41,"column":8},"end":{"line":41,"column":54}},"11":{"start":{"line":43,"column":8},"end":{"line":43,"column":50}},"12":{"start":{"line":45,"column":8},"end":{"line":51,"column":9}},"13":{"start":{"line":46,"column":12},"end":{"line":46,"column":56}},"14":{"start":{"line":48,"column":12},"end":{"line":48,"column":35}},"15":{"start":{"line":49,"column":12},"end":{"line":49,"column":49}},"16":{"start":{"line":50,"column":12},"end":{"line":50,"column":43}}},"branchMap":{"1":{"line":25,"type":"binary-expr","locations":[{"start":{"line":25,"column":23},"end":{"line":25,"column":62}},{"start":{"line":26,"column":20},"end":{"line":26,"column":70}},{"start":{"line":27,"column":20},"end":{"line":27,"column":71}},{"start":{"line":28,"column":20},"end":{"line":28,"column":29}}]},"2":{"line":30,"type":"binary-expr","locations":[{"start":{"line":30,"column":23},"end":{"line":30,"column":37}},{"start":{"line":31,"column":20},"end":{"line":31,"column":61}},{"start":{"line":32,"column":20},"end":{"line":32,"column":70}},{"start":{"line":33,"column":20},"end":{"line":33,"column":26}}]},"3":{"line":37,"type":"cond-expr","locations":[{"start":{"line":38,"column":14},"end":{"line":38,"column":20}},{"start":{"line":39,"column":14},"end":{"line":39,"column":20}}]},"4":{"line":41,"type":"binary-expr","locations":[{"start":{"line":41,"column":16},"end":{"line":41,"column":44}},{"start":{"line":41,"column":48},"end":{"line":41,"column":53}}]},"5":{"line":45,"type":"if","locations":[{"start":{"line":45,"column":8},"end":{"line":45,"column":8}},{"start":{"line":45,"column":8},"end":{"line":45,"column":8}}]}},"code":["/* istanbul instrument in package npmtest_yauzl */","/*jslint","    bitwise: true,","    browser: true,","    maxerr: 8,","    maxlen: 96,","    node: true,","    nomen: true,","    regexp: true,","    stupid: true","*/","(function () {","    'use strict';","    var local;","","","","    // run shared js-env code - pre-init","    (function () {","        // init local","        local = {};","        // init modeJs","        local.modeJs = (function () {","            try {","                return typeof navigator.userAgent === 'string' &&","                    typeof document.querySelector('body') === 'object' &&","                    typeof XMLHttpRequest.prototype.open === 'function' &&","                    'browser';","            } catch (errorCaughtBrowser) {","                return module.exports &&","                    typeof process.versions.node === 'string' &&","                    typeof require('http').createServer === 'function' &&","                    'node';","            }","        }());","        // init global","        local.global = local.modeJs === 'browser'","            ? window","            : global;","        // init utility2_rollup","        local = local.global.utility2_rollup || local;","        // init lib","        local.local = local.npmtest_yauzl = local;","        // init exports","        if (local.modeJs === 'browser') {","            local.global.utility2_npmtest_yauzl = local;","        } else {","            module.exports = local;","            module.exports.__dirname = __dirname;","            module.exports.module = module;","        }","    }());","}());",""],"l":{"12":2,"14":2,"19":2,"21":2,"23":2,"24":2,"25":2,"30":1,"37":2,"41":2,"43":2,"45":2,"46":1,"48":1,"49":1,"50":1}},"/home/travis/build/npmtest/node-npmtest-yauzl/example.js":{"path":"/home/travis/build/npmtest/node-npmtest-yauzl/example.js","s":{"1":2,"2":2,"3":2,"4":2,"5":2,"6":2,"7":2,"8":1,"9":2,"10":2,"11":2,"12":2,"13":1,"14":2,"15":2,"16":2,"17":2,"18":2,"19":0,"20":2,"21":1,"22":1,"23":1,"24":1,"25":1,"26":0,"27":0,"28":1,"29":1,"30":2,"31":0,"32":0,"33":0,"34":1,"35":2,"36":2,"37":2,"38":2,"39":2,"40":2,"41":0,"42":2,"43":2,"44":2,"45":1,"46":3,"47":1,"48":1,"49":1,"50":1,"51":1,"52":1,"53":1,"54":1,"55":1,"56":1,"57":0,"58":1,"59":6,"60":6,"61":1,"62":2,"63":0,"64":2,"65":1,"66":1,"67":0,"68":0,"69":0,"70":0,"71":0,"72":0,"73":0,"74":0,"75":0,"76":0,"77":0,"78":0,"79":0,"80":0,"81":0,"82":0,"83":0},"b":{"1":[2,1,1,1],"2":[1,1,1,1],"3":[1,1],"4":[2,2],"5":[1,1],"6":[1,1],"7":[2,0],"8":[2,1,1,1,1,1],"9":[0,2,0],"10":[1,1],"11":[2,1,1],"12":[1,0],"13":[0,2],"14":[2,0,0,0,0,0,0],"15":[0,2],"16":[2,0],"17":[1,1],"18":[0,1],"19":[1,2,0,2],"20":[1,0],"21":[1,1],"22":[0,0],"23":[0,0],"24":[0,0],"25":[0,0],"26":[0,0],"27":[0,0],"28":[0,0]},"f":{"1":2,"2":2,"3":2,"4":2,"5":2,"6":2,"7":2,"8":2,"9":3,"10":1,"11":6,"12":0},"fnMap":{"1":{"name":"(anonymous_1)","line":26,"loc":{"start":{"line":26,"column":1},"end":{"line":26,"column":13}}},"2":{"name":"(anonymous_2)","line":33,"loc":{"start":{"line":33,"column":5},"end":{"line":33,"column":17}}},"3":{"name":"(anonymous_3)","line":37,"loc":{"start":{"line":37,"column":24},"end":{"line":37,"column":36}}},"4":{"name":"(anonymous_4)","line":69,"loc":{"start":{"line":69,"column":31},"end":{"line":69,"column":48}},"skip":true},"5":{"name":"(anonymous_5)","line":78,"loc":{"start":{"line":78,"column":26},"end":{"line":78,"column":45}},"skip":true},"6":{"name":"(anonymous_6)","line":123,"loc":{"start":{"line":123,"column":33},"end":{"line":123,"column":48}},"skip":true},"7":{"name":"(anonymous_7)","line":125,"loc":{"start":{"line":125,"column":27},"end":{"line":125,"column":39}},"skip":true},"8":{"name":"(anonymous_8)","line":133,"loc":{"start":{"line":133,"column":59},"end":{"line":133,"column":74}},"skip":true},"9":{"name":"(anonymous_9)","line":143,"loc":{"start":{"line":143,"column":45},"end":{"line":143,"column":62}},"skip":true},"10":{"name":"(anonymous_10)","line":144,"loc":{"start":{"line":144,"column":73},"end":{"line":144,"column":92}},"skip":true},"11":{"name":"(anonymous_11)","line":272,"loc":{"start":{"line":272,"column":51},"end":{"line":272,"column":77}},"skip":true},"12":{"name":"(anonymous_12)","line":314,"loc":{"start":{"line":314,"column":32},"end":{"line":314,"column":61}},"skip":true}},"statementMap":{"1":{"start":{"line":26,"column":0},"end":{"line":325,"column":5}},"2":{"start":{"line":28,"column":4},"end":{"line":28,"column":14}},"3":{"start":{"line":33,"column":4},"end":{"line":60,"column":9}},"4":{"start":{"line":35,"column":8},"end":{"line":35,"column":19}},"5":{"start":{"line":37,"column":8},"end":{"line":49,"column":13}},"6":{"start":{"line":38,"column":12},"end":{"line":48,"column":13}},"7":{"start":{"line":39,"column":16},"end":{"line":42,"column":30}},"8":{"start":{"line":44,"column":16},"end":{"line":47,"column":27}},"9":{"start":{"line":51,"column":8},"end":{"line":53,"column":21}},"10":{"start":{"line":55,"column":8},"end":{"line":57,"column":45}},"11":{"start":{"line":59,"column":8},"end":{"line":59,"column":35}},"12":{"start":{"line":61,"column":4},"end":{"line":324,"column":5}},"13":{"start":{"line":69,"column":8},"end":{"line":121,"column":10},"skip":true},"14":{"start":{"line":70,"column":12},"end":{"line":88,"column":13},"skip":true},"15":{"start":{"line":76,"column":16},"end":{"line":87,"column":19},"skip":true},"16":{"start":{"line":79,"column":20},"end":{"line":86,"column":21},"skip":true},"17":{"start":{"line":82,"column":24},"end":{"line":82,"column":43},"skip":true},"18":{"start":{"line":83,"column":24},"end":{"line":83,"column":30},"skip":true},"19":{"start":{"line":85,"column":24},"end":{"line":85,"column":49},"skip":true},"20":{"start":{"line":89,"column":12},"end":{"line":107,"column":13},"skip":true},"21":{"start":{"line":92,"column":16},"end":{"line":102,"column":17},"skip":true},"22":{"start":{"line":93,"column":20},"end":{"line":93,"column":86},"skip":true},"23":{"start":{"line":94,"column":20},"end":{"line":95,"column":45},"skip":true},"24":{"start":{"line":96,"column":20},"end":{"line":96,"column":42},"skip":true},"25":{"start":{"line":97,"column":20},"end":{"line":97,"column":48},"skip":true},"26":{"start":{"line":100,"column":20},"end":{"line":100,"column":85},"skip":true},"27":{"start":{"line":101,"column":20},"end":{"line":101,"column":96},"skip":true},"28":{"start":{"line":103,"column":16},"end":{"line":103,"column":22},"skip":true},"29":{"start":{"line":106,"column":16},"end":{"line":106,"column":22},"skip":true},"30":{"start":{"line":108,"column":12},"end":{"line":120,"column":13},"skip":true},"31":{"start":{"line":114,"column":16},"end":{"line":119,"column":17},"skip":true},"32":{"start":{"line":116,"column":20},"end":{"line":116,"column":78},"skip":true},"33":{"start":{"line":118,"column":20},"end":{"line":118,"column":47},"skip":true},"34":{"start":{"line":123,"column":8},"end":{"line":141,"column":11},"skip":true},"35":{"start":{"line":124,"column":12},"end":{"line":124,"column":54},"skip":true},"36":{"start":{"line":125,"column":12},"end":{"line":140,"column":14},"skip":true},"37":{"start":{"line":126,"column":16},"end":{"line":126,"column":28},"skip":true},"38":{"start":{"line":127,"column":16},"end":{"line":127,"column":69},"skip":true},"39":{"start":{"line":128,"column":16},"end":{"line":128,"column":75},"skip":true},"40":{"start":{"line":129,"column":16},"end":{"line":131,"column":17},"skip":true},"41":{"start":{"line":130,"column":20},"end":{"line":130,"column":27},"skip":true},"42":{"start":{"line":133,"column":16},"end":{"line":137,"column":36},"skip":true},"43":{"start":{"line":134,"column":20},"end":{"line":136,"column":55},"skip":true},"44":{"start":{"line":139,"column":16},"end":{"line":139,"column":57},"skip":true},"45":{"start":{"line":143,"column":8},"end":{"line":147,"column":11},"skip":true},"46":{"start":{"line":144,"column":12},"end":{"line":146,"column":15},"skip":true},"47":{"start":{"line":145,"column":16},"end":{"line":145,"column":70},"skip":true},"48":{"start":{"line":149,"column":8},"end":{"line":149,"column":31},"skip":true},"49":{"start":{"line":150,"column":8},"end":{"line":150,"column":14},"skip":true},"50":{"start":{"line":158,"column":8},"end":{"line":158,"column":31},"skip":true},"51":{"start":{"line":160,"column":8},"end":{"line":160,"column":33},"skip":true},"52":{"start":{"line":161,"column":8},"end":{"line":161,"column":37},"skip":true},"53":{"start":{"line":162,"column":8},"end":{"line":162,"column":35},"skip":true},"54":{"start":{"line":164,"column":8},"end":{"line":164,"column":50},"skip":true},"55":{"start":{"line":166,"column":8},"end":{"line":256,"column":2},"skip":true},"56":{"start":{"line":258,"column":8},"end":{"line":286,"column":9},"skip":true},"57":{"start":{"line":259,"column":12},"end":{"line":269,"column":14},"skip":true},"58":{"start":{"line":271,"column":12},"end":{"line":285,"column":19},"skip":true},"59":{"start":{"line":274,"column":20},"end":{"line":274,"column":35},"skip":true},"60":{"start":{"line":275,"column":20},"end":{"line":284,"column":21},"skip":true},"61":{"start":{"line":277,"column":24},"end":{"line":277,"column":64},"skip":true},"62":{"start":{"line":279,"column":24},"end":{"line":279,"column":40},"skip":true},"63":{"start":{"line":281,"column":24},"end":{"line":281,"column":40},"skip":true},"64":{"start":{"line":283,"column":24},"end":{"line":283,"column":39},"skip":true},"65":{"start":{"line":288,"column":8},"end":{"line":290,"column":9},"skip":true},"66":{"start":{"line":289,"column":12},"end":{"line":289,"column":18},"skip":true},"67":{"start":{"line":291,"column":8},"end":{"line":293,"column":54},"skip":true},"68":{"start":{"line":294,"column":8},"end":{"line":301,"column":37},"skip":true},"69":{"start":{"line":302,"column":8},"end":{"line":302,"column":82},"skip":true},"70":{"start":{"line":305,"column":8},"end":{"line":307,"column":9},"skip":true},"71":{"start":{"line":306,"column":12},"end":{"line":306,"column":82},"skip":true},"72":{"start":{"line":309,"column":8},"end":{"line":311,"column":9},"skip":true},"73":{"start":{"line":310,"column":12},"end":{"line":310,"column":18},"skip":true},"74":{"start":{"line":312,"column":8},"end":{"line":312,"column":54},"skip":true},"75":{"start":{"line":313,"column":8},"end":{"line":313,"column":69},"skip":true},"76":{"start":{"line":314,"column":8},"end":{"line":322,"column":36},"skip":true},"77":{"start":{"line":315,"column":12},"end":{"line":315,"column":61},"skip":true},"78":{"start":{"line":316,"column":12},"end":{"line":319,"column":13},"skip":true},"79":{"start":{"line":317,"column":16},"end":{"line":317,"column":75},"skip":true},"80":{"start":{"line":318,"column":16},"end":{"line":318,"column":23},"skip":true},"81":{"start":{"line":320,"column":12},"end":{"line":320,"column":38},"skip":true},"82":{"start":{"line":321,"column":12},"end":{"line":321,"column":27},"skip":true},"83":{"start":{"line":323,"column":8},"end":{"line":323,"column":14},"skip":true}},"branchMap":{"1":{"line":39,"type":"binary-expr","locations":[{"start":{"line":39,"column":23},"end":{"line":39,"column":62}},{"start":{"line":40,"column":20},"end":{"line":40,"column":70}},{"start":{"line":41,"column":20},"end":{"line":41,"column":71}},{"start":{"line":42,"column":20},"end":{"line":42,"column":29}}]},"2":{"line":44,"type":"binary-expr","locations":[{"start":{"line":44,"column":23},"end":{"line":44,"column":37}},{"start":{"line":45,"column":20},"end":{"line":45,"column":61}},{"start":{"line":46,"column":20},"end":{"line":46,"column":70}},{"start":{"line":47,"column":20},"end":{"line":47,"column":26}}]},"3":{"line":51,"type":"cond-expr","locations":[{"start":{"line":52,"column":14},"end":{"line":52,"column":20}},{"start":{"line":53,"column":14},"end":{"line":53,"column":20}}]},"4":{"line":55,"type":"binary-expr","locations":[{"start":{"line":55,"column":16},"end":{"line":55,"column":44}},{"start":{"line":55,"column":49},"end":{"line":57,"column":43}}]},"5":{"line":55,"type":"cond-expr","locations":[{"start":{"line":56,"column":14},"end":{"line":56,"column":49}},{"start":{"line":57,"column":14},"end":{"line":57,"column":43}}]},"6":{"line":61,"type":"switch","locations":[{"start":{"line":68,"column":4},"end":{"line":150,"column":14},"skip":true},{"start":{"line":156,"column":4},"end":{"line":323,"column":14},"skip":true}]},"7":{"line":70,"type":"if","locations":[{"start":{"line":70,"column":12},"end":{"line":70,"column":12},"skip":true},{"start":{"line":70,"column":12},"end":{"line":70,"column":12},"skip":true}]},"8":{"line":70,"type":"binary-expr","locations":[{"start":{"line":70,"column":16},"end":{"line":70,"column":22},"skip":true},{"start":{"line":70,"column":27},"end":{"line":70,"column":32},"skip":true},{"start":{"line":71,"column":20},"end":{"line":71,"column":39},"skip":true},{"start":{"line":72,"column":20},"end":{"line":72,"column":49},"skip":true},{"start":{"line":73,"column":20},"end":{"line":73,"column":58},"skip":true},{"start":{"line":74,"column":20},"end":{"line":74,"column":69},"skip":true}]},"9":{"line":79,"type":"switch","locations":[{"start":{"line":80,"column":20},"end":{"line":80,"column":33},"skip":true},{"start":{"line":81,"column":20},"end":{"line":83,"column":30},"skip":true},{"start":{"line":84,"column":20},"end":{"line":85,"column":49},"skip":true}]},"10":{"line":89,"type":"switch","locations":[{"start":{"line":90,"column":12},"end":{"line":103,"column":22},"skip":true},{"start":{"line":105,"column":12},"end":{"line":106,"column":22},"skip":true}]},"11":{"line":89,"type":"binary-expr","locations":[{"start":{"line":89,"column":20},"end":{"line":89,"column":25},"skip":true},{"start":{"line":89,"column":29},"end":{"line":89,"column":48},"skip":true},{"start":{"line":89,"column":52},"end":{"line":89,"column":74},"skip":true}]},"12":{"line":92,"type":"if","locations":[{"start":{"line":92,"column":16},"end":{"line":92,"column":16},"skip":true},{"start":{"line":92,"column":16},"end":{"line":92,"column":16},"skip":true}]},"13":{"line":108,"type":"if","locations":[{"start":{"line":108,"column":12},"end":{"line":108,"column":12},"skip":true},{"start":{"line":108,"column":12},"end":{"line":108,"column":12},"skip":true}]},"14":{"line":108,"type":"binary-expr","locations":[{"start":{"line":108,"column":16},"end":{"line":108,"column":61},"skip":true},{"start":{"line":108,"column":66},"end":{"line":108,"column":72},"skip":true},{"start":{"line":108,"column":77},"end":{"line":108,"column":82},"skip":true},{"start":{"line":109,"column":20},"end":{"line":109,"column":39},"skip":true},{"start":{"line":110,"column":20},"end":{"line":110,"column":49},"skip":true},{"start":{"line":111,"column":20},"end":{"line":111,"column":58},"skip":true},{"start":{"line":112,"column":20},"end":{"line":112,"column":68},"skip":true}]},"15":{"line":129,"type":"if","locations":[{"start":{"line":129,"column":16},"end":{"line":129,"column":16},"skip":true},{"start":{"line":129,"column":16},"end":{"line":129,"column":16},"skip":true}]},"16":{"line":134,"type":"cond-expr","locations":[{"start":{"line":135,"column":26},"end":{"line":135,"column":29},"skip":true},{"start":{"line":136,"column":26},"end":{"line":136,"column":54},"skip":true}]},"17":{"line":164,"type":"binary-expr","locations":[{"start":{"line":164,"column":27},"end":{"line":164,"column":43},"skip":true},{"start":{"line":164,"column":47},"end":{"line":164,"column":49},"skip":true}]},"18":{"line":258,"type":"if","locations":[{"start":{"line":258,"column":8},"end":{"line":258,"column":8},"skip":true},{"start":{"line":258,"column":8},"end":{"line":258,"column":8},"skip":true}]},"19":{"line":275,"type":"switch","locations":[{"start":{"line":276,"column":20},"end":{"line":277,"column":64},"skip":true},{"start":{"line":278,"column":20},"end":{"line":279,"column":40},"skip":true},{"start":{"line":280,"column":20},"end":{"line":281,"column":40},"skip":true},{"start":{"line":282,"column":20},"end":{"line":283,"column":39},"skip":true}]},"20":{"line":288,"type":"if","locations":[{"start":{"line":288,"column":8},"end":{"line":288,"column":8},"skip":true},{"start":{"line":288,"column":8},"end":{"line":288,"column":8},"skip":true}]},"21":{"line":288,"type":"binary-expr","locations":[{"start":{"line":288,"column":12},"end":{"line":288,"column":40},"skip":true},{"start":{"line":288,"column":44},"end":{"line":288,"column":67},"skip":true}]},"22":{"line":292,"type":"binary-expr","locations":[{"start":{"line":292,"column":12},"end":{"line":292,"column":50},"skip":true},{"start":{"line":293,"column":12},"end":{"line":293,"column":53},"skip":true}]},"23":{"line":295,"type":"binary-expr","locations":[{"start":{"line":295,"column":12},"end":{"line":295,"column":63},"skip":true},{"start":{"line":296,"column":12},"end":{"line":301,"column":36},"skip":true}]},"24":{"line":302,"type":"binary-expr","locations":[{"start":{"line":302,"column":43},"end":{"line":302,"column":75},"skip":true},{"start":{"line":302,"column":79},"end":{"line":302,"column":81},"skip":true}]},"25":{"line":305,"type":"if","locations":[{"start":{"line":305,"column":8},"end":{"line":305,"column":8},"skip":true},{"start":{"line":305,"column":8},"end":{"line":305,"column":8},"skip":true}]},"26":{"line":309,"type":"if","locations":[{"start":{"line":309,"column":8},"end":{"line":309,"column":8},"skip":true},{"start":{"line":309,"column":8},"end":{"line":309,"column":8},"skip":true}]},"27":{"line":312,"type":"binary-expr","locations":[{"start":{"line":312,"column":27},"end":{"line":312,"column":43},"skip":true},{"start":{"line":312,"column":47},"end":{"line":312,"column":53},"skip":true}]},"28":{"line":316,"type":"if","locations":[{"start":{"line":316,"column":12},"end":{"line":316,"column":12},"skip":true},{"start":{"line":316,"column":12},"end":{"line":316,"column":12},"skip":true}]}},"code":["/*","example.js","","quickstart example","","instruction","    1. save this script as example.js","    2. run the shell command:","        $ npm install npmtest-yauzl && PORT=8081 node example.js","    3. play with the browser-demo on http://127.0.0.1:8081","*/","","","","/* istanbul instrument in package npmtest_yauzl */","/*jslint","    bitwise: true,","    browser: true,","    maxerr: 8,","    maxlen: 96,","    node: true,","    nomen: true,","    regexp: true,","    stupid: true","*/","(function () {","    'use strict';","    var local;","","","","    // run shared js-env code - pre-init","    (function () {","        // init local","        local = {};","        // init modeJs","        local.modeJs = (function () {","            try {","                return typeof navigator.userAgent === 'string' &&","                    typeof document.querySelector('body') === 'object' &&","                    typeof XMLHttpRequest.prototype.open === 'function' &&","                    'browser';","            } catch (errorCaughtBrowser) {","                return module.exports &&","                    typeof process.versions.node === 'string' &&","                    typeof require('http').createServer === 'function' &&","                    'node';","            }","        }());","        // init global","        local.global = local.modeJs === 'browser'","            ? window","            : global;","        // init utility2_rollup","        local = local.global.utility2_rollup || (local.modeJs === 'browser'","            ? local.global.utility2_npmtest_yauzl","            : global.utility2_moduleExports);","        // export local","        local.global.local = local;","    }());","    switch (local.modeJs) {","","","","    // post-init","    // run browser js-env code - post-init","    /* istanbul ignore next */","    case 'browser':","        local.testRunBrowser = function (event) {","            if (!event || (event &&","                    event.currentTarget &&","                    event.currentTarget.className &&","                    event.currentTarget.className.includes &&","                    event.currentTarget.className.includes('onreset'))) {","                // reset output","                Array.from(","                    document.querySelectorAll('body > .resettable')","                ).forEach(function (element) {","                    switch (element.tagName) {","                    case 'INPUT':","                    case 'TEXTAREA':","                        element.value = '';","                        break;","                    default:","                        element.textContent = '';","                    }","                });","            }","            switch (event && event.currentTarget && event.currentTarget.id) {","            case 'testRunButton1':","                // show tests","                if (document.querySelector('#testReportDiv1').style.display === 'none') {","                    document.querySelector('#testReportDiv1').style.display = 'block';","                    document.querySelector('#testRunButton1').textContent =","                        'hide internal test';","                    local.modeTest = true;","                    local.testRunDefault(local);","                // hide tests","                } else {","                    document.querySelector('#testReportDiv1').style.display = 'none';","                    document.querySelector('#testRunButton1').textContent = 'run internal test';","                }","                break;","            // custom-case","            default:","                break;","            }","            if (document.querySelector('#inputTextareaEval1') && (!event || (event &&","                    event.currentTarget &&","                    event.currentTarget.className &&","                    event.currentTarget.className.includes &&","                    event.currentTarget.className.includes('oneval')))) {","                // try to eval input-code","                try {","                    /*jslint evil: true*/","                    eval(document.querySelector('#inputTextareaEval1').value);","                } catch (errorCaught) {","                    console.error(errorCaught);","                }","            }","        };","        // log stderr and stdout to #outputTextareaStdout1","        ['error', 'log'].forEach(function (key) {","            console[key + '_original'] = console[key];","            console[key] = function () {","                var element;","                console[key + '_original'].apply(console, arguments);","                element = document.querySelector('#outputTextareaStdout1');","                if (!element) {","                    return;","                }","                // append text to #outputTextareaStdout1","                element.value += Array.from(arguments).map(function (arg) {","                    return typeof arg === 'string'","                        ? arg","                        : JSON.stringify(arg, null, 4);","                }).join(' ') + '\\n';","                // scroll textarea to bottom","                element.scrollTop = element.scrollHeight;","            };","        });","        // init event-handling","        ['change', 'click', 'keyup'].forEach(function (event) {","            Array.from(document.querySelectorAll('.on' + event)).forEach(function (element) {","                element.addEventListener(event, local.testRunBrowser);","            });","        });","        // run tests","        local.testRunBrowser();","        break;","","","","    // run node js-env code - post-init","    /* istanbul ignore next */","    case 'node':","        // export local","        module.exports = local;","        // require modules","        local.fs = require('fs');","        local.http = require('http');","        local.url = require('url');","        // init assets","        local.assetsDict = local.assetsDict || {};","        /* jslint-ignore-begin */","        local.assetsDict['/assets.index.template.html'] = '\\","<!doctype html>\\n\\","<html lang=\"en\">\\n\\","<head>\\n\\","<meta charset=\"UTF-8\">\\n\\","<meta name=\"viewport\" content=\"width=device-width, initial-scale=1\">\\n\\","<title>{{env.npm_package_name}} (v{{env.npm_package_version}})</title>\\n\\","<style>\\n\\","/*csslint\\n\\","    box-sizing: false,\\n\\","    universal-selector: false\\n\\","*/\\n\\","* {\\n\\","    box-sizing: border-box;\\n\\","}\\n\\","body {\\n\\","    background: #dde;\\n\\","    font-family: Arial, Helvetica, sans-serif;\\n\\","    margin: 2rem;\\n\\","}\\n\\","body > * {\\n\\","    margin-bottom: 1rem;\\n\\","}\\n\\",".utility2FooterDiv {\\n\\","    margin-top: 20px;\\n\\","    text-align: center;\\n\\","}\\n\\","</style>\\n\\","<style>\\n\\","/*csslint\\n\\","*/\\n\\","textarea {\\n\\","    font-family: monospace;\\n\\","    height: 10rem;\\n\\","    width: 100%;\\n\\","}\\n\\","textarea[readonly] {\\n\\","    background: #ddd;\\n\\","}\\n\\","</style>\\n\\","</head>\\n\\","<body>\\n\\","<!-- utility2-comment\\n\\","<div id=\"ajaxProgressDiv1\" style=\"background: #d00; height: 2px; left: 0; margin: 0; padding: 0; position: fixed; top: 0; transition: background 0.5s, width 1.5s; width: 25%;\"></div>\\n\\","utility2-comment -->\\n\\","<h1>\\n\\","<!-- utility2-comment\\n\\","    <a\\n\\","        {{#if env.npm_package_homepage}}\\n\\","        href=\"{{env.npm_package_homepage}}\"\\n\\","        {{/if env.npm_package_homepage}}\\n\\","        target=\"_blank\"\\n\\","    >\\n\\","utility2-comment -->\\n\\","        {{env.npm_package_name}} (v{{env.npm_package_version}})\\n\\","<!-- utility2-comment\\n\\","    </a>\\n\\","utility2-comment -->\\n\\","</h1>\\n\\","<h3>{{env.npm_package_description}}</h3>\\n\\","<!-- utility2-comment\\n\\","<h4><a download href=\"assets.app.js\">download standalone app</a></h4>\\n\\","<button class=\"onclick onreset\" id=\"testRunButton1\">run internal test</button><br>\\n\\","<div id=\"testReportDiv1\" style=\"display: none;\"></div>\\n\\","utility2-comment -->\\n\\","\\n\\","\\n\\","\\n\\","<label>stderr and stdout</label>\\n\\","<textarea class=\"resettable\" id=\"outputTextareaStdout1\" readonly></textarea>\\n\\","<!-- utility2-comment\\n\\","{{#if isRollup}}\\n\\","<script src=\"assets.app.js\"></script>\\n\\","{{#unless isRollup}}\\n\\","utility2-comment -->\\n\\","<script src=\"assets.utility2.rollup.js\"></script>\\n\\","<script src=\"jsonp.utility2._stateInit?callback=window.utility2._stateInit\"></script>\\n\\","<script src=\"assets.npmtest_yauzl.rollup.js\"></script>\\n\\","<script src=\"assets.example.js\"></script>\\n\\","<script src=\"assets.test.js\"></script>\\n\\","<!-- utility2-comment\\n\\","{{/if isRollup}}\\n\\","utility2-comment -->\\n\\","<div class=\"utility2FooterDiv\">\\n\\","    [ this app was created with\\n\\","    <a href=\"https://github.com/kaizhu256/node-utility2\" target=\"_blank\">utility2</a>\\n\\","    ]\\n\\","</div>\\n\\","</body>\\n\\","</html>\\n\\","';","        /* jslint-ignore-end */","        if (local.templateRender) {","            local.assetsDict['/'] = local.templateRender(","                local.assetsDict['/assets.index.template.html'],","                {","                    env: local.objectSetDefault(local.env, {","                        npm_package_description: 'the greatest app in the world!',","                        npm_package_name: 'my-app',","                        npm_package_nameAlias: 'my_app',","                        npm_package_version: '0.0.1'","                    })","                }","            );","        } else {","            local.assetsDict['/'] = local.assetsDict['/assets.index.template.html']","                .replace((/\\{\\{env\\.(\\w+?)\\}\\}/g), function (match0, match1) {","                    // jslint-hack","                    String(match0);","                    switch (match1) {","                    case 'npm_package_description':","                        return 'the greatest app in the world!';","                    case 'npm_package_name':","                        return 'my-app';","                    case 'npm_package_nameAlias':","                        return 'my_app';","                    case 'npm_package_version':","                        return '0.0.1';","                    }","                });","        }","        // run the cli","        if (local.global.utility2_rollup || module !== require.main) {","            break;","        }","        local.assetsDict['/assets.example.js'] =","            local.assetsDict['/assets.example.js'] ||","            local.fs.readFileSync(__filename, 'utf8');","        local.assetsDict['/assets.npmtest_yauzl.rollup.js'] =","            local.assetsDict['/assets.npmtest_yauzl.rollup.js'] ||","            local.fs.readFileSync(","                // buildCustomOrg-hack","                local.npmtest_yauzl.__dirname +","                    '/lib.npmtest_yauzl.js',","                'utf8'","            ).replace((/^#!/), '//');","        local.assetsDict['/favicon.ico'] = local.assetsDict['/favicon.ico'] || '';","        // if $npm_config_timeout_exit exists,","        // then exit this process after $npm_config_timeout_exit ms","        if (Number(process.env.npm_config_timeout_exit)) {","            setTimeout(process.exit, Number(process.env.npm_config_timeout_exit));","        }","        // start server","        if (local.global.utility2_serverHttp1) {","            break;","        }","        process.env.PORT = process.env.PORT || '8081';","        console.error('server starting on port ' + process.env.PORT);","        local.http.createServer(function (request, response) {","            request.urlParsed = local.url.parse(request.url);","            if (local.assetsDict[request.urlParsed.pathname] !== undefined) {","                response.end(local.assetsDict[request.urlParsed.pathname]);","                return;","            }","            response.statusCode = 404;","            response.end();","        }).listen(process.env.PORT);","        break;","    }","}());",""],"l":{"26":2,"28":2,"33":2,"35":2,"37":2,"38":2,"39":2,"44":1,"51":2,"55":2,"59":2,"61":2,"69":1,"70":2,"76":2,"79":2,"82":2,"83":2,"85":1,"89":2,"92":1,"93":1,"94":1,"96":1,"97":1,"100":1,"101":1,"103":1,"106":1,"108":2,"114":1,"116":1,"118":1,"123":1,"124":2,"125":2,"126":2,"127":2,"128":2,"129":2,"130":1,"133":2,"134":2,"139":2,"143":1,"144":3,"145":1,"149":1,"150":1,"158":1,"160":1,"161":1,"162":1,"164":1,"166":1,"258":1,"259":1,"271":1,"274":6,"275":6,"277":1,"279":2,"281":1,"283":2,"288":1,"289":1,"291":1,"294":1,"302":1,"305":1,"306":1,"309":1,"310":1,"312":1,"313":1,"314":1,"315":1,"316":1,"317":1,"318":1,"320":1,"321":1,"323":1}},"/home/travis/build/npmtest/node-npmtest-yauzl/node_modules/yauzl/index.js":{"path":"/home/travis/build/npmtest/node-npmtest-yauzl/node_modules/yauzl/index.js","s":{"1":1,"2":1,"3":1,"4":1,"5":1,"6":1,"7":1,"8":1,"9":1,"10":1,"11":1,"12":1,"13":1,"14":1,"15":1,"16":1,"17":1,"18":1,"19":1,"20":0,"21":0,"22":0,"23":0,"24":0,"25":0,"26":0,"27":0,"28":0,"29":0,"30":0,"31":0,"32":0,"33":0,"34":0,"35":0,"36":0,"37":0,"38":0,"39":0,"40":1,"41":0,"42":0,"43":0,"44":0,"45":0,"46":0,"47":0,"48":0,"49":0,"50":0,"51":0,"52":0,"53":0,"54":0,"55":0,"56":0,"57":0,"58":0,"59":1,"60":0,"61":0,"62":0,"63":0,"64":0,"65":0,"66":0,"67":0,"68":0,"69":0,"70":0,"71":0,"72":1,"73":0,"74":0,"75":0,"76":0,"77":0,"78":0,"79":0,"80":0,"81":0,"82":0,"83":0,"84":0,"85":0,"86":0,"87":0,"88":0,"89":0,"90":0,"91":0,"92":0,"93":0,"94":0,"95":0,"96":0,"97":0,"98":0,"99":0,"100":0,"101":0,"102":0,"103":0,"104":0,"105":0,"106":0,"107":0,"108":0,"109":0,"110":0,"111":0,"112":0,"113":0,"114":0,"115":0,"116":0,"117":0,"118":0,"119":0,"120":0,"121":0,"122":0,"123":0,"124":0,"125":0,"126":0,"127":0,"128":0,"129":0,"130":0,"131":0,"132":0,"133":0,"134":0,"135":1,"136":1,"137":0,"138":0,"139":0,"140":0,"141":0,"142":0,"143":0,"144":0,"145":0,"146":0,"147":0,"148":0,"149":0,"150":0,"151":0,"152":0,"153":0,"154":0,"155":0,"156":1,"157":0,"158":0,"159":0,"160":0,"161":1,"162":0,"163":0,"164":0,"165":1,"166":0,"167":0,"168":0,"169":0,"170":1,"171":0,"172":0,"173":0,"174":0,"175":0,"176":0,"177":0,"178":0,"179":0,"180":0,"181":0,"182":0,"183":0,"184":0,"185":0,"186":0,"187":0,"188":0,"189":0,"190":0,"191":0,"192":0,"193":0,"194":0,"195":0,"196":0,"197":0,"198":0,"199":0,"200":0,"201":0,"202":0,"203":0,"204":0,"205":0,"206":0,"207":0,"208":0,"209":0,"210":0,"211":0,"212":0,"213":0,"214":0,"215":0,"216":0,"217":0,"218":0,"219":0,"220":0,"221":0,"222":0,"223":0,"224":0,"225":0,"226":0,"227":0,"228":0,"229":0,"230":0,"231":0,"232":0,"233":0,"234":0,"235":0,"236":0,"237":0,"238":0,"239":0,"240":0,"241":0,"242":0,"243":0,"244":0,"245":0,"246":0,"247":0,"248":0,"249":0,"250":0,"251":0,"252":0,"253":0,"254":0,"255":0,"256":0,"257":0,"258":0,"259":0,"260":0,"261":0,"262":0,"263":0,"264":0,"265":0,"266":0,"267":0,"268":0,"269":0,"270":0,"271":0,"272":0,"273":0,"274":0,"275":0,"276":0,"277":0,"278":0,"279":0,"280":0,"281":0,"282":0,"283":0,"284":1,"285":0,"286":0,"287":0,"288":0,"289":0,"290":0,"291":0,"292":0,"293":0,"294":0,"295":0,"296":0,"297":0,"298":0,"299":0,"300":0,"301":0,"302":0,"303":0,"304":0,"305":0,"306":0,"307":0,"308":0,"309":0,"310":0,"311":0,"312":0,"313":0,"314":0,"315":0,"316":0,"317":0,"318":0,"319":0,"320":0,"321":0,"322":0,"323":0,"324":0,"325":0,"326":0,"327":0,"328":0,"329":0,"330":0,"331":0,"332":0,"333":1,"334":1,"335":0,"336":1,"337":0,"338":0,"339":0,"340":0,"341":0,"342":0,"343":0,"344":0,"345":1,"346":0,"347":0,"348":0,"349":0,"350":0,"351":0,"352":0,"353":1,"354":0,"355":0,"356":0,"357":0,"358":0,"359":0,"360":0,"361":0,"362":0,"363":1,"364":1,"365":0,"366":0,"367":0,"368":1,"369":0,"370":0,"371":0,"372":0,"373":0,"374":1,"375":0,"376":0,"377":0,"378":0,"379":1,"380":1,"381":0,"382":0,"383":1,"384":0,"385":1,"386":0,"387":0,"388":0,"389":0,"390":0,"391":0,"392":0,"393":1,"394":0,"395":0,"396":0,"397":1,"398":0,"399":0,"400":0,"401":0,"402":0,"403":0,"404":0,"405":0,"406":0,"407":0,"408":0,"409":0,"410":0,"411":0,"412":0,"413":0,"414":0,"415":0,"416":0,"417":0,"418":0,"419":0,"420":0,"421":0,"422":0,"423":0,"424":0,"425":0,"426":1,"427":0,"428":1,"429":0,"430":0,"431":0,"432":0,"433":0,"434":0,"435":0,"436":0,"437":0,"438":0,"439":0,"440":1,"441":0,"442":1,"443":1,"444":0,"445":0,"446":0,"447":0,"448":1,"449":0,"450":0,"451":1,"452":0,"453":0,"454":0,"455":0,"456":1,"457":1,"458":0,"459":0,"460":0,"461":0,"462":0,"463":0,"464":1,"465":0,"466":0,"467":0,"468":1,"469":0,"470":0},"b":{"1":[0,0],"2":[0,0],"3":[0,0],"4":[0,0],"5":[0,0],"6":[0,0],"7":[0,0],"8":[0,0],"9":[0,0],"10":[0,0],"11":[0,0],"12":[0,0],"13":[0,0],"14":[0,0],"15":[0,0],"16":[0,0],"17":[0,0],"18":[0,0],"19":[0,0],"20":[0,0],"21":[0,0],"22":[0,0],"23":[0,0],"24":[0,0],"25":[0,0],"26":[0,0],"27":[0,0],"28":[0,0],"29":[0,0],"30":[0,0],"31":[0,0],"32":[0,0],"33":[0,0],"34":[0,0],"35":[0,0],"36":[0,0],"37":[0,0],"38":[0,0],"39":[0,0],"40":[0,0],"41":[0,0],"42":[0,0],"43":[0,0],"44":[0,0],"45":[0,0],"46":[0,0],"47":[0,0],"48":[0,0],"49":[0,0],"50":[0,0],"51":[0,0],"52":[0,0],"53":[0,0],"54":[0,0],"55":[0,0],"56":[0,0,0],"57":[0,0],"58":[0,0],"59":[0,0],"60":[0,0],"61":[0,0],"62":[0,0],"63":[0,0],"64":[0,0],"65":[0,0],"66":[0,0],"67":[0,0],"68":[0,0],"69":[0,0],"70":[0,0],"71":[0,0],"72":[0,0],"73":[0,0],"74":[0,0],"75":[0,0],"76":[0,0],"77":[0,0],"78":[0,0],"79":[0,0],"80":[0,0],"81":[0,0],"82":[0,0],"83":[0,0],"84":[0,0],"85":[0,0],"86":[0,0],"87":[0,0],"88":[0,0],"89":[0,0],"90":[0,0],"91":[0,0],"92":[0,0],"93":[0,0],"94":[0,0],"95":[0,0],"96":[0,0],"97":[0,0],"98":[0,0],"99":[0,0],"100":[0,0],"101":[0,0],"102":[0,0]},"f":{"1":0,"2":0,"3":0,"4":0,"5":0,"6":0,"7":0,"8":0,"9":0,"10":0,"11":0,"12":0,"13":0,"14":0,"15":0,"16":0,"17":0,"18":0,"19":0,"20":0,"21":0,"22":0,"23":0,"24":0,"25":0,"26":0,"27":0,"28":0,"29":0,"30":0,"31":0,"32":0,"33":0,"34":0,"35":0,"36":0,"37":0,"38":0,"39":0,"40":0,"41":0,"42":0,"43":0,"44":0,"45":0,"46":0,"47":0,"48":0,"49":0,"50":0,"51":0,"52":0,"53":0,"54":0,"55":0,"56":0,"57":0,"58":0,"59":0,"60":0},"fnMap":{"1":{"name":"open","line":21,"loc":{"start":{"line":21,"column":0},"end":{"line":21,"column":39}}},"2":{"name":"(anonymous_2)","line":31,"loc":{"start":{"line":31,"column":21},"end":{"line":31,"column":39}}},"3":{"name":"(anonymous_3)","line":33,"loc":{"start":{"line":33,"column":24},"end":{"line":33,"column":47}}},"4":{"name":"fromFd","line":40,"loc":{"start":{"line":40,"column":0},"end":{"line":40,"column":39}}},"5":{"name":"(anonymous_5)","line":50,"loc":{"start":{"line":50,"column":15},"end":{"line":50,"column":36}}},"6":{"name":"fromBuffer","line":57,"loc":{"start":{"line":57,"column":0},"end":{"line":57,"column":47}}},"7":{"name":"fromRandomAccessReader","line":71,"loc":{"start":{"line":71,"column":0},"end":{"line":71,"column":70}}},"8":{"name":"(anonymous_8)","line":101,"loc":{"start":{"line":101,"column":69},"end":{"line":101,"column":83}}},"9":{"name":"(anonymous_9)","line":141,"loc":{"start":{"line":141,"column":97},"end":{"line":141,"column":111}}},"10":{"name":"(anonymous_10)","line":155,"loc":{"start":{"line":155,"column":99},"end":{"line":155,"column":113}}},"11":{"name":"ZipFile","line":184,"loc":{"start":{"line":184,"column":0},"end":{"line":184,"column":119}}},"12":{"name":"(anonymous_12)","line":189,"loc":{"start":{"line":189,"column":26},"end":{"line":189,"column":40}}},"13":{"name":"(anonymous_13)","line":193,"loc":{"start":{"line":193,"column":28},"end":{"line":193,"column":39}}},"14":{"name":"(anonymous_14)","line":209,"loc":{"start":{"line":209,"column":26},"end":{"line":209,"column":37}}},"15":{"name":"emitErrorAndAutoClose","line":215,"loc":{"start":{"line":215,"column":0},"end":{"line":215,"column":42}}},"16":{"name":"emitError","line":219,"loc":{"start":{"line":219,"column":0},"end":{"line":219,"column":30}}},"17":{"name":"(anonymous_17)","line":225,"loc":{"start":{"line":225,"column":30},"end":{"line":225,"column":41}}},"18":{"name":"(anonymous_18)","line":229,"loc":{"start":{"line":229,"column":17},"end":{"line":229,"column":28}}},"19":{"name":"(anonymous_19)","line":238,"loc":{"start":{"line":238,"column":82},"end":{"line":238,"column":96}}},"20":{"name":"(anonymous_20)","line":280,"loc":{"start":{"line":280,"column":84},"end":{"line":280,"column":98}}},"21":{"name":"(anonymous_21)","line":410,"loc":{"start":{"line":410,"column":35},"end":{"line":410,"column":61}}},"22":{"name":"(anonymous_22)","line":416,"loc":{"start":{"line":416,"column":95},"end":{"line":416,"column":109}}},"23":{"name":"(anonymous_23)","line":466,"loc":{"start":{"line":466,"column":31},"end":{"line":466,"column":45}}},"24":{"name":"(anonymous_24)","line":468,"loc":{"start":{"line":468,"column":23},"end":{"line":468,"column":34}}},"25":{"name":"(anonymous_25)","line":474,"loc":{"start":{"line":474,"column":34},"end":{"line":474,"column":48}}},"26":{"name":"(anonymous_26)","line":476,"loc":{"start":{"line":476,"column":23},"end":{"line":476,"column":34}}},"27":{"name":"(anonymous_27)","line":480,"loc":{"start":{"line":480,"column":32},"end":{"line":480,"column":43}}},"28":{"name":"Entry","line":496,"loc":{"start":{"line":496,"column":0},"end":{"line":496,"column":17}}},"29":{"name":"(anonymous_29)","line":498,"loc":{"start":{"line":498,"column":33},"end":{"line":498,"column":44}}},"30":{"name":"dosDateTimeToDate","line":502,"loc":{"start":{"line":502,"column":0},"end":{"line":502,"column":39}}},"31":{"name":"validateFileName","line":515,"loc":{"start":{"line":515,"column":0},"end":{"line":515,"column":36}}},"32":{"name":"readAndAssertNoEof","line":529,"loc":{"start":{"line":529,"column":0},"end":{"line":529,"column":80}}},"33":{"name":"(anonymous_33)","line":532,"loc":{"start":{"line":532,"column":24},"end":{"line":532,"column":35}}},"34":{"name":"(anonymous_34)","line":534,"loc":{"start":{"line":534,"column":48},"end":{"line":534,"column":73}}},"35":{"name":"AssertByteCountStream","line":544,"loc":{"start":{"line":544,"column":0},"end":{"line":544,"column":42}}},"36":{"name":"(anonymous_36)","line":549,"loc":{"start":{"line":549,"column":45},"end":{"line":549,"column":75}}},"37":{"name":"(anonymous_37)","line":557,"loc":{"start":{"line":557,"column":41},"end":{"line":557,"column":54}}},"38":{"name":"RandomAccessReader","line":566,"loc":{"start":{"line":566,"column":0},"end":{"line":566,"column":30}}},"39":{"name":"(anonymous_39)","line":570,"loc":{"start":{"line":570,"column":35},"end":{"line":570,"column":46}}},"40":{"name":"(anonymous_40)","line":573,"loc":{"start":{"line":573,"column":37},"end":{"line":573,"column":48}}},"41":{"name":"onCloseDone","line":582,"loc":{"start":{"line":582,"column":2},"end":{"line":582,"column":28}}},"42":{"name":"(anonymous_42)","line":587,"loc":{"start":{"line":587,"column":48},"end":{"line":587,"column":66}}},"43":{"name":"(anonymous_43)","line":592,"loc":{"start":{"line":592,"column":17},"end":{"line":592,"column":28}}},"44":{"name":"(anonymous_44)","line":601,"loc":{"start":{"line":601,"column":21},"end":{"line":601,"column":35}}},"45":{"name":"(anonymous_45)","line":602,"loc":{"start":{"line":602,"column":17},"end":{"line":602,"column":28}}},"46":{"name":"(anonymous_46)","line":606,"loc":{"start":{"line":606,"column":27},"end":{"line":606,"column":38}}},"47":{"name":"(anonymous_47)","line":613,"loc":{"start":{"line":613,"column":29},"end":{"line":613,"column":43}}},"48":{"name":"(anonymous_48)","line":614,"loc":{"start":{"line":614,"column":17},"end":{"line":614,"column":28}}},"49":{"name":"(anonymous_49)","line":618,"loc":{"start":{"line":618,"column":24},"end":{"line":618,"column":35}}},"50":{"name":"(anonymous_50)","line":626,"loc":{"start":{"line":626,"column":51},"end":{"line":626,"column":72}}},"51":{"name":"(anonymous_51)","line":629,"loc":{"start":{"line":629,"column":36},"end":{"line":629,"column":89}}},"52":{"name":"(anonymous_52)","line":633,"loc":{"start":{"line":633,"column":23},"end":{"line":633,"column":53}}},"53":{"name":"(anonymous_53)","line":639,"loc":{"start":{"line":639,"column":25},"end":{"line":639,"column":41}}},"54":{"name":"(anonymous_54)","line":644,"loc":{"start":{"line":644,"column":37},"end":{"line":644,"column":56}}},"55":{"name":"RefUnrefFilter","line":649,"loc":{"start":{"line":649,"column":0},"end":{"line":649,"column":33}}},"56":{"name":"(anonymous_56)","line":655,"loc":{"start":{"line":655,"column":34},"end":{"line":655,"column":47}}},"57":{"name":"(anonymous_57)","line":659,"loc":{"start":{"line":659,"column":33},"end":{"line":659,"column":46}}},"58":{"name":"decodeBuffer","line":666,"loc":{"start":{"line":666,"column":0},"end":{"line":666,"column":50}}},"59":{"name":"readUInt64LE","line":678,"loc":{"start":{"line":678,"column":0},"end":{"line":678,"column":38}}},"60":{"name":"defaultCallback","line":690,"loc":{"start":{"line":690,"column":0},"end":{"line":690,"column":30}}}},"statementMap":{"1":{"start":{"line":1,"column":0},"end":{"line":1,"column":23}},"2":{"start":{"line":2,"column":0},"end":{"line":2,"column":27}},"3":{"start":{"line":3,"column":0},"end":{"line":3,"column":37}},"4":{"start":{"line":4,"column":0},"end":{"line":4,"column":36}},"5":{"start":{"line":5,"column":0},"end":{"line":5,"column":27}},"6":{"start":{"line":6,"column":0},"end":{"line":6,"column":50}},"7":{"start":{"line":7,"column":0},"end":{"line":7,"column":44}},"8":{"start":{"line":8,"column":0},"end":{"line":8,"column":48}},"9":{"start":{"line":9,"column":0},"end":{"line":9,"column":42}},"10":{"start":{"line":11,"column":0},"end":{"line":11,"column":20}},"11":{"start":{"line":12,"column":0},"end":{"line":12,"column":24}},"12":{"start":{"line":13,"column":0},"end":{"line":13,"column":32}},"13":{"start":{"line":14,"column":0},"end":{"line":14,"column":56}},"14":{"start":{"line":15,"column":0},"end":{"line":15,"column":46}},"15":{"start":{"line":16,"column":0},"end":{"line":16,"column":44}},"16":{"start":{"line":17,"column":0},"end":{"line":17,"column":26}},"17":{"start":{"line":18,"column":0},"end":{"line":18,"column":22}},"18":{"start":{"line":19,"column":0},"end":{"line":19,"column":48}},"19":{"start":{"line":21,"column":0},"end":{"line":38,"column":1}},"20":{"start":{"line":22,"column":2},"end":{"line":25,"column":3}},"21":{"start":{"line":23,"column":4},"end":{"line":23,"column":23}},"22":{"start":{"line":24,"column":4},"end":{"line":24,"column":19}},"23":{"start":{"line":26,"column":2},"end":{"line":26,"column":36}},"24":{"start":{"line":26,"column":23},"end":{"line":26,"column":36}},"25":{"start":{"line":27,"column":2},"end":{"line":27,"column":58}},"26":{"start":{"line":27,"column":33},"end":{"line":27,"column":58}},"27":{"start":{"line":28,"column":2},"end":{"line":28,"column":63}},"28":{"start":{"line":28,"column":35},"end":{"line":28,"column":63}},"29":{"start":{"line":29,"column":2},"end":{"line":29,"column":66}},"30":{"start":{"line":29,"column":37},"end":{"line":29,"column":66}},"31":{"start":{"line":30,"column":2},"end":{"line":30,"column":51}},"32":{"start":{"line":30,"column":24},"end":{"line":30,"column":51}},"33":{"start":{"line":31,"column":2},"end":{"line":37,"column":5}},"34":{"start":{"line":32,"column":4},"end":{"line":32,"column":34}},"35":{"start":{"line":32,"column":13},"end":{"line":32,"column":34}},"36":{"start":{"line":33,"column":4},"end":{"line":36,"column":7}},"37":{"start":{"line":34,"column":6},"end":{"line":34,"column":45}},"38":{"start":{"line":34,"column":15},"end":{"line":34,"column":45}},"39":{"start":{"line":35,"column":6},"end":{"line":35,"column":29}},"40":{"start":{"line":40,"column":0},"end":{"line":55,"column":1}},"41":{"start":{"line":41,"column":2},"end":{"line":44,"column":3}},"42":{"start":{"line":42,"column":4},"end":{"line":42,"column":23}},"43":{"start":{"line":43,"column":4},"end":{"line":43,"column":19}},"44":{"start":{"line":45,"column":2},"end":{"line":45,"column":36}},"45":{"start":{"line":45,"column":23},"end":{"line":45,"column":36}},"46":{"start":{"line":46,"column":2},"end":{"line":46,"column":59}},"47":{"start":{"line":46,"column":33},"end":{"line":46,"column":59}},"48":{"start":{"line":47,"column":2},"end":{"line":47,"column":63}},"49":{"start":{"line":47,"column":35},"end":{"line":47,"column":63}},"50":{"start":{"line":48,"column":2},"end":{"line":48,"column":66}},"51":{"start":{"line":48,"column":37},"end":{"line":48,"column":66}},"52":{"start":{"line":49,"column":2},"end":{"line":49,"column":51}},"53":{"start":{"line":49,"column":24},"end":{"line":49,"column":51}},"54":{"start":{"line":50,"column":2},"end":{"line":54,"column":5}},"55":{"start":{"line":51,"column":4},"end":{"line":51,"column":34}},"56":{"start":{"line":51,"column":13},"end":{"line":51,"column":34}},"57":{"start":{"line":52,"column":4},"end":{"line":52,"column":63}},"58":{"start":{"line":53,"column":4},"end":{"line":53,"column":66}},"59":{"start":{"line":57,"column":0},"end":{"line":69,"column":1}},"60":{"start":{"line":58,"column":2},"end":{"line":61,"column":3}},"61":{"start":{"line":59,"column":4},"end":{"line":59,"column":23}},"62":{"start":{"line":60,"column":4},"end":{"line":60,"column":19}},"63":{"start":{"line":62,"column":2},"end":{"line":62,"column":36}},"64":{"start":{"line":62,"column":23},"end":{"line":62,"column":36}},"65":{"start":{"line":63,"column":2},"end":{"line":63,"column":28}},"66":{"start":{"line":64,"column":2},"end":{"line":64,"column":63}},"67":{"start":{"line":64,"column":35},"end":{"line":64,"column":63}},"68":{"start":{"line":65,"column":2},"end":{"line":65,"column":66}},"69":{"start":{"line":65,"column":37},"end":{"line":65,"column":66}},"70":{"start":{"line":67,"column":2},"end":{"line":67,"column":50}},"71":{"start":{"line":68,"column":2},"end":{"line":68,"column":67}},"72":{"start":{"line":71,"column":0},"end":{"line":181,"column":1}},"73":{"start":{"line":72,"column":2},"end":{"line":75,"column":3}},"74":{"start":{"line":73,"column":4},"end":{"line":73,"column":23}},"75":{"start":{"line":74,"column":4},"end":{"line":74,"column":19}},"76":{"start":{"line":76,"column":2},"end":{"line":76,"column":36}},"77":{"start":{"line":76,"column":23},"end":{"line":76,"column":36}},"78":{"start":{"line":77,"column":2},"end":{"line":77,"column":58}},"79":{"start":{"line":77,"column":33},"end":{"line":77,"column":58}},"80":{"start":{"line":78,"column":2},"end":{"line":78,"column":63}},"81":{"start":{"line":78,"column":35},"end":{"line":78,"column":63}},"82":{"start":{"line":79,"column":2},"end":{"line":79,"column":66}},"83":{"start":{"line":79,"column":37},"end":{"line":79,"column":66}},"84":{"start":{"line":80,"column":2},"end":{"line":80,"column":46}},"85":{"start":{"line":81,"column":2},"end":{"line":81,"column":51}},"86":{"start":{"line":81,"column":24},"end":{"line":81,"column":51}},"87":{"start":{"line":82,"column":2},"end":{"line":82,"column":100}},"88":{"start":{"line":82,"column":37},"end":{"line":82,"column":100}},"89":{"start":{"line":83,"column":2},"end":{"line":85,"column":3}},"90":{"start":{"line":84,"column":4},"end":{"line":84,"column":142}},"91":{"start":{"line":88,"column":2},"end":{"line":88,"column":15}},"92":{"start":{"line":96,"column":2},"end":{"line":96,"column":35}},"93":{"start":{"line":97,"column":2},"end":{"line":97,"column":31}},"94":{"start":{"line":98,"column":2},"end":{"line":98,"column":81}},"95":{"start":{"line":99,"column":2},"end":{"line":99,"column":38}},"96":{"start":{"line":100,"column":2},"end":{"line":100,"column":50}},"97":{"start":{"line":101,"column":2},"end":{"line":180,"column":5}},"98":{"start":{"line":102,"column":4},"end":{"line":102,"column":34}},"99":{"start":{"line":102,"column":13},"end":{"line":102,"column":34}},"100":{"start":{"line":103,"column":4},"end":{"line":178,"column":5}},"101":{"start":{"line":104,"column":6},"end":{"line":104,"column":58}},"102":{"start":{"line":104,"column":49},"end":{"line":104,"column":58}},"103":{"start":{"line":106,"column":6},"end":{"line":106,"column":40}},"104":{"start":{"line":110,"column":6},"end":{"line":110,"column":51}},"105":{"start":{"line":111,"column":6},"end":{"line":113,"column":7}},"106":{"start":{"line":112,"column":8},"end":{"line":112,"column":111}},"107":{"start":{"line":117,"column":6},"end":{"line":117,"column":52}},"108":{"start":{"line":120,"column":6},"end":{"line":120,"column":64}},"109":{"start":{"line":122,"column":6},"end":{"line":122,"column":55}},"110":{"start":{"line":123,"column":6},"end":{"line":123,"column":79}},"111":{"start":{"line":124,"column":6},"end":{"line":126,"column":7}},"112":{"start":{"line":125,"column":8},"end":{"line":125,"column":127}},"113":{"start":{"line":129,"column":6},"end":{"line":130,"column":58}},"114":{"start":{"line":132,"column":6},"end":{"line":134,"column":7}},"115":{"start":{"line":133,"column":8},"end":{"line":133,"column":162}},"116":{"start":{"line":139,"column":6},"end":{"line":139,"column":44}},"117":{"start":{"line":140,"column":6},"end":{"line":140,"column":75}},"118":{"start":{"line":141,"column":6},"end":{"line":176,"column":9}},"119":{"start":{"line":142,"column":8},"end":{"line":142,"column":38}},"120":{"start":{"line":142,"column":17},"end":{"line":142,"column":38}},"121":{"start":{"line":145,"column":8},"end":{"line":147,"column":9}},"122":{"start":{"line":146,"column":10},"end":{"line":146,"column":97}},"123":{"start":{"line":150,"column":8},"end":{"line":150,"column":65}},"124":{"start":{"line":154,"column":8},"end":{"line":154,"column":46}},"125":{"start":{"line":155,"column":8},"end":{"line":175,"column":11}},"126":{"start":{"line":156,"column":10},"end":{"line":156,"column":40}},"127":{"start":{"line":156,"column":19},"end":{"line":156,"column":40}},"128":{"start":{"line":159,"column":10},"end":{"line":161,"column":11}},"129":{"start":{"line":160,"column":12},"end":{"line":160,"column":98}},"130":{"start":{"line":169,"column":10},"end":{"line":169,"column":58}},"131":{"start":{"line":172,"column":10},"end":{"line":172,"column":70}},"132":{"start":{"line":174,"column":10},"end":{"line":174,"column":164}},"133":{"start":{"line":177,"column":6},"end":{"line":177,"column":13}},"134":{"start":{"line":179,"column":4},"end":{"line":179,"column":79}},"135":{"start":{"line":183,"column":0},"end":{"line":183,"column":37}},"136":{"start":{"line":184,"column":0},"end":{"line":208,"column":1}},"137":{"start":{"line":185,"column":2},"end":{"line":185,"column":18}},"138":{"start":{"line":186,"column":2},"end":{"line":186,"column":26}},"139":{"start":{"line":187,"column":2},"end":{"line":187,"column":23}},"140":{"start":{"line":189,"column":2},"end":{"line":192,"column":5}},"141":{"start":{"line":191,"column":4},"end":{"line":191,"column":25}},"142":{"start":{"line":193,"column":2},"end":{"line":195,"column":5}},"143":{"start":{"line":194,"column":4},"end":{"line":194,"column":23}},"144":{"start":{"line":196,"column":2},"end":{"line":196,"column":48}},"145":{"start":{"line":197,"column":2},"end":{"line":197,"column":27}},"146":{"start":{"line":198,"column":2},"end":{"line":198,"column":31}},"147":{"start":{"line":199,"column":2},"end":{"line":199,"column":25}},"148":{"start":{"line":200,"column":2},"end":{"line":200,"column":23}},"149":{"start":{"line":201,"column":2},"end":{"line":201,"column":31}},"150":{"start":{"line":202,"column":2},"end":{"line":202,"column":35}},"151":{"start":{"line":203,"column":2},"end":{"line":203,"column":39}},"152":{"start":{"line":204,"column":2},"end":{"line":204,"column":21}},"153":{"start":{"line":205,"column":2},"end":{"line":205,"column":28}},"154":{"start":{"line":207,"column":2},"end":{"line":207,"column":42}},"155":{"start":{"line":207,"column":25},"end":{"line":207,"column":42}},"156":{"start":{"line":209,"column":0},"end":{"line":213,"column":2}},"157":{"start":{"line":210,"column":2},"end":{"line":210,"column":27}},"158":{"start":{"line":210,"column":20},"end":{"line":210,"column":27}},"159":{"start":{"line":211,"column":2},"end":{"line":211,"column":22}},"160":{"start":{"line":212,"column":2},"end":{"line":212,"column":22}},"161":{"start":{"line":215,"column":0},"end":{"line":218,"column":1}},"162":{"start":{"line":216,"column":2},"end":{"line":216,"column":35}},"163":{"start":{"line":216,"column":22},"end":{"line":216,"column":35}},"164":{"start":{"line":217,"column":2},"end":{"line":217,"column":23}},"165":{"start":{"line":219,"column":0},"end":{"line":223,"column":1}},"166":{"start":{"line":220,"column":2},"end":{"line":220,"column":32}},"167":{"start":{"line":220,"column":25},"end":{"line":220,"column":32}},"168":{"start":{"line":221,"column":2},"end":{"line":221,"column":27}},"169":{"start":{"line":222,"column":2},"end":{"line":222,"column":26}},"170":{"start":{"line":225,"column":0},"end":{"line":408,"column":2}},"171":{"start":{"line":226,"column":2},"end":{"line":226,"column":18}},"172":{"start":{"line":227,"column":2},"end":{"line":235,"column":3}},"173":{"start":{"line":229,"column":4},"end":{"line":233,"column":7}},"174":{"start":{"line":230,"column":6},"end":{"line":230,"column":39}},"175":{"start":{"line":230,"column":26},"end":{"line":230,"column":39}},"176":{"start":{"line":231,"column":6},"end":{"line":231,"column":36}},"177":{"start":{"line":231,"column":29},"end":{"line":231,"column":36}},"178":{"start":{"line":232,"column":6},"end":{"line":232,"column":23}},"179":{"start":{"line":234,"column":4},"end":{"line":234,"column":11}},"180":{"start":{"line":236,"column":2},"end":{"line":236,"column":32}},"181":{"start":{"line":236,"column":25},"end":{"line":236,"column":32}},"182":{"start":{"line":237,"column":2},"end":{"line":237,"column":30}},"183":{"start":{"line":238,"column":2},"end":{"line":407,"column":5}},"184":{"start":{"line":239,"column":4},"end":{"line":239,"column":53}},"185":{"start":{"line":239,"column":13},"end":{"line":239,"column":53}},"186":{"start":{"line":240,"column":4},"end":{"line":240,"column":34}},"187":{"start":{"line":240,"column":27},"end":{"line":240,"column":34}},"188":{"start":{"line":241,"column":4},"end":{"line":241,"column":28}},"189":{"start":{"line":243,"column":4},"end":{"line":243,"column":43}},"190":{"start":{"line":244,"column":4},"end":{"line":244,"column":160}},"191":{"start":{"line":244,"column":34},"end":{"line":244,"column":160}},"192":{"start":{"line":246,"column":4},"end":{"line":246,"column":49}},"193":{"start":{"line":248,"column":4},"end":{"line":248,"column":58}},"194":{"start":{"line":250,"column":4},"end":{"line":250,"column":57}},"195":{"start":{"line":252,"column":4},"end":{"line":252,"column":54}},"196":{"start":{"line":254,"column":4},"end":{"line":254,"column":52}},"197":{"start":{"line":256,"column":4},"end":{"line":256,"column":52}},"198":{"start":{"line":258,"column":4},"end":{"line":258,"column":42}},"199":{"start":{"line":260,"column":4},"end":{"line":260,"column":51}},"200":{"start":{"line":262,"column":4},"end":{"line":262,"column":53}},"201":{"start":{"line":264,"column":4},"end":{"line":264,"column":51}},"202":{"start":{"line":266,"column":4},"end":{"line":266,"column":53}},"203":{"start":{"line":268,"column":4},"end":{"line":268,"column":54}},"204":{"start":{"line":271,"column":4},"end":{"line":271,"column":59}},"205":{"start":{"line":273,"column":4},"end":{"line":273,"column":59}},"206":{"start":{"line":275,"column":4},"end":{"line":275,"column":64}},"207":{"start":{"line":277,"column":4},"end":{"line":277,"column":31}},"208":{"start":{"line":279,"column":4},"end":{"line":279,"column":97}},"209":{"start":{"line":280,"column":4},"end":{"line":406,"column":7}},"210":{"start":{"line":281,"column":6},"end":{"line":281,"column":55}},"211":{"start":{"line":281,"column":15},"end":{"line":281,"column":55}},"212":{"start":{"line":282,"column":6},"end":{"line":282,"column":36}},"213":{"start":{"line":282,"column":29},"end":{"line":282,"column":36}},"214":{"start":{"line":284,"column":6},"end":{"line":284,"column":63}},"215":{"start":{"line":285,"column":6},"end":{"line":286,"column":82}},"216":{"start":{"line":289,"column":6},"end":{"line":289,"column":75}},"217":{"start":{"line":290,"column":6},"end":{"line":290,"column":82}},"218":{"start":{"line":291,"column":6},"end":{"line":291,"column":29}},"219":{"start":{"line":292,"column":6},"end":{"line":292,"column":16}},"220":{"start":{"line":293,"column":6},"end":{"line":306,"column":7}},"221":{"start":{"line":294,"column":8},"end":{"line":294,"column":60}},"222":{"start":{"line":295,"column":8},"end":{"line":295,"column":60}},"223":{"start":{"line":296,"column":8},"end":{"line":296,"column":30}},"224":{"start":{"line":297,"column":8},"end":{"line":297,"column":43}},"225":{"start":{"line":298,"column":8},"end":{"line":298,"column":147}},"226":{"start":{"line":298,"column":47},"end":{"line":298,"column":147}},"227":{"start":{"line":299,"column":8},"end":{"line":299,"column":46}},"228":{"start":{"line":300,"column":8},"end":{"line":300,"column":65}},"229":{"start":{"line":301,"column":8},"end":{"line":304,"column":11}},"230":{"start":{"line":305,"column":8},"end":{"line":305,"column":20}},"231":{"start":{"line":309,"column":6},"end":{"line":310,"column":122}},"232":{"start":{"line":312,"column":6},"end":{"line":312,"column":40}},"233":{"start":{"line":314,"column":6},"end":{"line":314,"column":44}},"234":{"start":{"line":315,"column":6},"end":{"line":315,"column":28}},"235":{"start":{"line":317,"column":6},"end":{"line":359,"column":7}},"236":{"start":{"line":322,"column":8},"end":{"line":322,"column":35}},"237":{"start":{"line":323,"column":8},"end":{"line":329,"column":9}},"238":{"start":{"line":324,"column":10},"end":{"line":324,"column":48}},"239":{"start":{"line":325,"column":10},"end":{"line":328,"column":11}},"240":{"start":{"line":326,"column":12},"end":{"line":326,"column":46}},"241":{"start":{"line":327,"column":12},"end":{"line":327,"column":18}},"242":{"start":{"line":330,"column":8},"end":{"line":332,"column":9}},"243":{"start":{"line":331,"column":10},"end":{"line":331,"column":107}},"244":{"start":{"line":333,"column":8},"end":{"line":333,"column":22}},"245":{"start":{"line":335,"column":8},"end":{"line":341,"column":9}},"246":{"start":{"line":336,"column":10},"end":{"line":338,"column":11}},"247":{"start":{"line":337,"column":12},"end":{"line":337,"column":135}},"248":{"start":{"line":339,"column":10},"end":{"line":339,"column":72}},"249":{"start":{"line":340,"column":10},"end":{"line":340,"column":21}},"250":{"start":{"line":343,"column":8},"end":{"line":349,"column":9}},"251":{"start":{"line":344,"column":10},"end":{"line":346,"column":11}},"252":{"start":{"line":345,"column":12},"end":{"line":345,"column":133}},"253":{"start":{"line":347,"column":10},"end":{"line":347,"column":70}},"254":{"start":{"line":348,"column":10},"end":{"line":348,"column":21}},"255":{"start":{"line":351,"column":8},"end":{"line":357,"column":9}},"256":{"start":{"line":352,"column":10},"end":{"line":354,"column":11}},"257":{"start":{"line":353,"column":12},"end":{"line":353,"column":140}},"258":{"start":{"line":355,"column":10},"end":{"line":355,"column":83}},"259":{"start":{"line":356,"column":10},"end":{"line":356,"column":21}},"260":{"start":{"line":363,"column":6},"end":{"line":389,"column":7}},"261":{"start":{"line":364,"column":8},"end":{"line":388,"column":9}},"262":{"start":{"line":365,"column":10},"end":{"line":365,"column":48}},"263":{"start":{"line":366,"column":10},"end":{"line":387,"column":11}},"264":{"start":{"line":367,"column":12},"end":{"line":370,"column":13}},"265":{"start":{"line":369,"column":14},"end":{"line":369,"column":23}},"266":{"start":{"line":372,"column":12},"end":{"line":376,"column":13}},"267":{"start":{"line":375,"column":14},"end":{"line":375,"column":23}},"268":{"start":{"line":378,"column":12},"end":{"line":3
[...]
ndAssertNoEof(self.reader, buffer, 0, buffer.length, self.readEntryCursor, function(err) {","      if (err) return emitErrorAndAutoClose(self, err);","      if (self.emittedError) return;","      // 46 - File name","      var isUtf8 = (entry.generalPurposeBitFlag & 0x800) !== 0;","      entry.fileName = self.decodeStrings ? decodeBuffer(buffer, 0, entry.fileNameLength, isUtf8)","                                          : buffer.slice(0, entry.fileNameLength);","","      // 46+n - Extra field","      var fileCommentStart = entry.fileNameLength + entry.extraFieldLength;","      var extraFieldBuffer = buffer.slice(entry.fileNameLength, fileCommentStart);","      entry.extraFields = [];","      var i = 0;","      while (i < extraFieldBuffer.length - 3) {","        var headerId = extraFieldBuffer.readUInt16LE(i + 0);","        var dataSize = extraFieldBuffer.readUInt16LE(i + 2);","        var dataStart = i + 4;","        var dataEnd = dataStart + dataSize;","        if (dataEnd > extraFieldBuffer.length) return emitErrorAndAutoClose(self, new Error(\"extra field length exceeds extra field buffer size\"));","        var dataBuffer = new Buffer(dataSize);","        extraFieldBuffer.copy(dataBuffer, 0, dataStart, dataEnd);","        entry.extraFields.push({","          id: headerId,","          data: dataBuffer,","        });","        i = dataEnd;","      }","","      // 46+n+m - File comment","      entry.fileComment = self.decodeStrings ? decodeBuffer(buffer, fileCommentStart, fileCommentStart + entry.fileCommentLength, isUtf8)","                                             : buffer.slice(fileCommentStart, fileCommentStart + entry.fileCommentLength);","      // compatibility hack for https://github.com/thejoshwolfe/yauzl/issues/47","      entry.comment = entry.fileComment;","","      self.readEntryCursor += buffer.length;","      self.entriesRead += 1;","","      if (entry.uncompressedSize            === 0xffffffff ||","          entry.compressedSize              === 0xffffffff ||","          entry.relativeOffsetOfLocalHeader === 0xffffffff) {","        // ZIP64 format","        // find the Zip64 Extended Information Extra Field","        var zip64EiefBuffer = null;","        for (var i = 0; i < entry.extraFields.length; i++) {","          var extraField = entry.extraFields[i];","          if (extraField.id === 0x0001) {","            zip64EiefBuffer = extraField.data;","            break;","          }","        }","        if (zip64EiefBuffer == null) {","          return emitErrorAndAutoClose(self, new Error(\"expected zip64 extended information extra field\"));","        }","        var index = 0;","        // 0 - Original Size          8 bytes","        if (entry.uncompressedSize === 0xffffffff) {","          if (index + 8 > zip64EiefBuffer.length) {","            return emitErrorAndAutoClose(self, new Error(\"zip64 extended information extra field does not include uncompressed size\"));","          }","          entry.uncompressedSize = readUInt64LE(zip64EiefBuffer, index);","          index += 8;","        }","        // 8 - Compressed Size        8 bytes","        if (entry.compressedSize === 0xffffffff) {","          if (index + 8 > zip64EiefBuffer.length) {","            return emitErrorAndAutoClose(self, new Error(\"zip64 extended information extra field does not include compressed size\"));","          }","          entry.compressedSize = readUInt64LE(zip64EiefBuffer, index);","          index += 8;","        }","        // 16 - Relative Header Offset 8 bytes","        if (entry.relativeOffsetOfLocalHeader === 0xffffffff) {","          if (index + 8 > zip64EiefBuffer.length) {","            return emitErrorAndAutoClose(self, new Error(\"zip64 extended information extra field does not include relative header offset\"));","          }","          entry.relativeOffsetOfLocalHeader = readUInt64LE(zip64EiefBuffer, index);","          index += 8;","        }","        // 24 - Disk Start Number      4 bytes","      }","","      // check for Info-ZIP Unicode Path Extra Field (0x7075)","      // see https://github.com/thejoshwolfe/yauzl/issues/33","      if (self.decodeStrings) {","        for (var i = 0; i < entry.extraFields.length; i++) {","          var extraField = entry.extraFields[i];","          if (extraField.id === 0x7075) {","            if (extraField.data.length < 6) {","              // too short to be meaningful","              continue;","            }","            // Version       1 byte      version of this extra field, currently 1","            if (extraField.data.readUInt8(0) !== 1) {","              // > Changes may not be backward compatible so this extra","              // > field should not be used if the version is not recognized.","              continue;","            }","            // NameCRC32     4 bytes     File Name Field CRC32 Checksum","            var oldNameCrc32 = extraField.data.readUInt32LE(1);","            if (crc32.unsigned(buffer.slice(0, entry.fileNameLength)) !== oldNameCrc32) {","              // > If the CRC check fails, this UTF-8 Path Extra Field should be","              // > ignored and the File Name field in the header should be used instead.","              continue;","            }","            // UnicodeName   Variable    UTF-8 version of the entry File Name","            entry.fileName = decodeBuffer(extraField.data, 5, extraField.data.length, true);","            break;","          }","        }","      }","","      // validate file size","      if (entry.compressionMethod === 0) {","        if (entry.compressedSize !== entry.uncompressedSize) {","          var msg = \"compressed/uncompressed size mismatch for stored file: \" + entry.compressedSize + \" != \" + entry.uncompressedSize;","          return emitErrorAndAutoClose(self, new Error(msg));","        }","      }","","      if (self.decodeStrings) {","        var errorMessage = validateFileName(entry.fileName);","        if (errorMessage != null) return emitErrorAndAutoClose(self, new Error(errorMessage));","      }","      self.emit(\"entry\", entry);","","      if (!self.lazyEntries) self.readEntry();","    });","  });","};","","ZipFile.prototype.openReadStream = function(entry, callback) {","  var self = this;","  if (!self.isOpen) return callback(new Error(\"closed\"));","  // make sure we don't lose the fd before we open the actual read stream","  self.reader.ref();","  var buffer = new Buffer(30);","  readAndAssertNoEof(self.reader, buffer, 0, buffer.length, entry.relativeOffsetOfLocalHeader, function(err) {","    try {","      if (err) return callback(err);","      // 0 - Local file header signature = 0x04034b50","      var signature = buffer.readUInt32LE(0);","      if (signature !== 0x04034b50) {","        return callback(new Error(\"invalid local file header signature: 0x\" + signature.toString(16)));","      }","      // all this should be redundant","      // 4 - Version needed to extract (minimum)","      // 6 - General purpose bit flag","      // 8 - Compression method","      // 10 - File last modification time","      // 12 - File last modification date","      // 14 - CRC-32","      // 18 - Compressed size","      // 22 - Uncompressed size","      // 26 - File name length (n)","      var fileNameLength = buffer.readUInt16LE(26);","      // 28 - Extra field length (m)","      var extraFieldLength = buffer.readUInt16LE(28);","      // 30 - File name","      // 30+n - Extra field","      var localFileHeaderEnd = entry.relativeOffsetOfLocalHeader + buffer.length + fileNameLength + extraFieldLength;","      var compressed;","      if (entry.compressionMethod === 0) {","        // 0 - The file is stored (no compression)","        compressed = false;","      } else if (entry.compressionMethod === 8) {","        // 8 - The file is Deflated","        compressed = true;","      } else {","        return callback(new Error(\"unsupported compression method: \" + entry.compressionMethod));","      }","      var fileDataStart = localFileHeaderEnd;","      var fileDataEnd = fileDataStart + entry.compressedSize;","      if (entry.compressedSize !== 0) {","        // bounds check now, because the read streams will probably not complain loud enough.","        // since we're dealing with an unsigned offset plus an unsigned size,","        // we only have 1 thing to check for.","        if (fileDataEnd > self.fileSize) {","          return callback(new Error(\"file data overflows file bounds: \" +","              fileDataStart + \" + \" + entry.compressedSize + \" > \" + self.fileSize));","        }","      }","      var readStream = self.reader.createReadStream({start: fileDataStart, end: fileDataEnd});","      var endpointStream = readStream;","      if (compressed) {","        var destroyed = false;","        var inflateFilter = zlib.createInflateRaw();","        readStream.on(\"error\", function(err) {","          // setImmediate here because errors can be emitted during the first call to pipe()","          setImmediate(function() {","            if (!destroyed) inflateFilter.emit(\"error\", err);","          });","        });","","        var checkerStream = new AssertByteCountStream(entry.uncompressedSize);","        inflateFilter.on(\"error\", function(err) {","          // forward zlib errors to the client-visible stream","          setImmediate(function() {","            if (!destroyed) checkerStream.emit(\"error\", err);","          });","        });","        checkerStream.destroy = function() {","          destroyed = true;","          inflateFilter.unpipe(checkerStream);","          readStream.unpipe(inflateFilter);","          // TODO: the inflateFilter now causes a memory leak. see Issue #27.","          readStream.destroy();","        };","        endpointStream = readStream.pipe(inflateFilter).pipe(checkerStream);","      }","      callback(null, endpointStream);","    } finally {","      self.reader.unref();","    }","  });","};","","function Entry() {","}","Entry.prototype.getLastModDate = function() {","  return dosDateTimeToDate(this.lastModFileDate, this.lastModFileTime);","};","","function dosDateTimeToDate(date, time) {","  var day = date & 0x1f; // 1-31","  var month = (date >> 5 & 0xf) - 1; // 1-12, 0-11","  var year = (date >> 9 & 0x7f) + 1980; // 0-128, 1980-2108","","  var millisecond = 0;","  var second = (time & 0x1f) * 2; // 0-29, 0-58 (even numbers)","  var minute = time >> 5 & 0x3f; // 0-59","  var hour = time >> 11 & 0x1f; // 0-23","","  return new Date(year, month, day, hour, minute, second, millisecond);","}","","function validateFileName(fileName) {","  if (fileName.indexOf(\"\\\\\") !== -1) {","    return \"invalid characters in fileName: \" + fileName;","  }","  if (/^[a-zA-Z]:/.test(fileName) || /^\\//.test(fileName)) {","    return \"absolute path: \" + fileName;","  }","  if (fileName.split(\"/\").indexOf(\"..\") !== -1) {","    return \"invalid relative path: \" + fileName;","  }","  // all good","  return null;","};","","function readAndAssertNoEof(reader, buffer, offset, length, position, callback) {","  if (length === 0) {","    // fs.read will throw an out-of-bounds error if you try to read 0 bytes from a 0 byte file","    return setImmediate(function() { callback(null, new Buffer(0)); });","  }","  reader.read(buffer, offset, length, position, function(err, bytesRead) {","    if (err) return callback(err);","    if (bytesRead < length) {","      return callback(new Error(\"unexpected EOF\"));","    }","    callback();","  });","}","","util.inherits(AssertByteCountStream, Transform);","function AssertByteCountStream(byteCount) {","  Transform.call(this);","  this.actualByteCount = 0;","  this.expectedByteCount = byteCount;","}","AssertByteCountStream.prototype._transform = function(chunk, encoding, cb) {","  this.actualByteCount += chunk.length;","  if (this.actualByteCount > this.expectedByteCount) {","    var msg = \"too many bytes in the stream. expected \" + this.expectedByteCount + \". got at least \" + this.actualByteCount;","    return cb(new Error(msg));","  }","  cb(null, chunk);","};","AssertByteCountStream.prototype._flush = function(cb) {","  if (this.actualByteCount < this.expectedByteCount) {","    var msg = \"not enough bytes in the stream. expected \" + this.expectedByteCount + \". got only \" + this.actualByteCount;","    return cb(new Error(msg));","  }","  cb();","};","","util.inherits(RandomAccessReader, EventEmitter);","function RandomAccessReader() {","  EventEmitter.call(this);","  this.refCount = 0;","}","RandomAccessReader.prototype.ref = function() {","  this.refCount += 1;","};","RandomAccessReader.prototype.unref = function() {","  var self = this;","  self.refCount -= 1;","","  if (self.refCount > 0) return;","  if (self.refCount < 0) throw new Error(\"invalid unref\");","","  self.close(onCloseDone);","","  function onCloseDone(err) {","    if (err) return self.emit('error', err);","    self.emit('close');","  }","};","RandomAccessReader.prototype.createReadStream = function(options) {","  var start = options.start;","  var end = options.end;","  if (start === end) {","    var emptyStream = new PassThrough();","    setImmediate(function() {","      emptyStream.end();","    });","    return emptyStream;","  }","  var stream = this._readStreamForRange(start, end);","","  var destroyed = false;","  var refUnrefFilter = new RefUnrefFilter(this);","  stream.on(\"error\", function(err) {","    setImmediate(function() {","      if (!destroyed) refUnrefFilter.emit(\"error\", err);","    });","  });","  refUnrefFilter.destroy = function() {","    stream.unpipe(refUnrefFilter);","    refUnrefFilter.unref();","    stream.destroy();","  };","","  var byteCounter = new AssertByteCountStream(end - start);","  refUnrefFilter.on(\"error\", function(err) {","    setImmediate(function() {","      if (!destroyed) byteCounter.emit(\"error\", err);","    });","  });","  byteCounter.destroy = function() {","    destroyed = true;","    refUnrefFilter.unpipe(byteCounter);","    refUnrefFilter.destroy();","  };","","  return stream.pipe(refUnrefFilter).pipe(byteCounter);","};","RandomAccessReader.prototype._readStreamForRange = function(start, end) {","  throw new Error(\"not implemented\");","};","RandomAccessReader.prototype.read = function(buffer, offset, length, position, callback) {","  var readStream = this.createReadStream({start: position, end: position + length});","  var writeStream = new Writable();","  var written = 0;","  writeStream._write = function(chunk, encoding, cb) {","    chunk.copy(buffer, offset + written, 0, chunk.length);","    written += chunk.length;","    cb();","  };","  writeStream.on(\"finish\", callback);","  readStream.on(\"error\", function(error) {","    callback(error);","  });","  readStream.pipe(writeStream);","};","RandomAccessReader.prototype.close = function(callback) {","  setImmediate(callback);","};","","util.inherits(RefUnrefFilter, PassThrough);","function RefUnrefFilter(context) {","  PassThrough.call(this);","  this.context = context;","  this.context.ref();","  this.unreffedYet = false;","}","RefUnrefFilter.prototype._flush = function(cb) {","  this.unref();","  cb();","};","RefUnrefFilter.prototype.unref = function(cb) {","  if (this.unreffedYet) return;","  this.unreffedYet = true;","  this.context.unref();","};","","var cp437 = '\\u0000☺☻♥♦♣♠•◘○◙♂♀♪♫☼►◄↕‼¶§▬↨↑↓→←∟↔▲▼ !\"#$%&\\'()*+,-./0123456789:;<=>?@ABCDEFGHIJKLMNOPQRSTUVWXYZ[\\\\]^_`abcdefghijklmnopqrstuvwxyz{|}~⌂ÇüéâäàåçêëèïîìÄÅÉæÆôöòûùÿÖÜ¢£¥₧ƒáíóúñÑªº¿⌐¬½¼¡«»░▒▓│┤╡╢╖╕╣║╗╝╜╛┐└┴┬├─┼╞╟╚╔╩╦╠═╬╧╨╤╥╙╘╒╓╫╪┘┌█▄▌▐▀αßΓπΣσµτΦΘΩδ∞φε∩≡±≥≤⌠⌡÷≈°∙·√ⁿ²■ ';","function decodeBuffer(buffer, start, end, isUtf8) {","  if (isUtf8) {","    return buffer.toString(\"utf8\", start, end);","  } else {","    var result = \"\";","    for (var i = start; i < end; i++) {","      result += cp437[buffer[i]];","    }","    return result;","  }","}","","function readUInt64LE(buffer, offset) {","  // there is no native function for this, because we can't actually store 64-bit integers precisely.","  // after 53 bits, JavaScript's Number type (IEEE 754 double) can't store individual integers anymore.","  // but since 53 bits is a whole lot more than 32 bits, we do our best anyway.","  var lower32 = buffer.readUInt32LE(offset);","  var upper32 = buffer.readUInt32LE(offset + 4);","  // we can't use bitshifting here, because JavaScript bitshifting only works on 32-bit integers.","  return upper32 * 0x100000000 + lower32;","  // as long as we're bounds checking the result of this function against the total file size,","  // we'll catch any overflow errors, because we already made sure the total file size was within reason.","}","","function defaultCallback(err) {","  if (err) throw err;","}",""],"l":{"1":1,"2":1,"3":1,"4":1,"5":1,"6":1,"7":1,"8":1,"9":1,"11":1,"12":1,"13":1,"14":1,"15":1,"16":1,"17":1,"18":1,"19":1,"21":1,"22":0,"23":0,"24":0,"26":0,"27":0,"28":0,"29":0,"30":0,"31":0,"32":0,"33":0,"34":0,"35":0,"40":1,"41":0,"42":0,"43":0,"45":0,"46":0,"47":0,"48":0,"49":0,"50":0,"51":0,"52":0,"53":0,"57":1,"58":0,"59":0,"60":0,"62":0,"63":0,"64":0,"65":0,"67":0,"68":0,"71":1,"72":0,"73":0,"74":0,"76":0,"77":0,"78":0,"79":0,"80":0,"81":0,"82":0,"83":0,"84":0,"88":0,"96":0,"97":0,"98":0,"99":0,"100":0,"101":0,"102":0,"103":0,"104":0,"106":0,"110":0,"111":0,"112":0,"117":0,"120":0,"122":0,"123":0,"124":0,"125":0,"129":0,"132":0,"133":0,"139":0,"140":0,"141":0,"142":0,"145":0,"146":0,"150":0,"154":0,"155":0,"156":0,"159":0,"160":0,"169":0,"172":0,"174":0,"177":0,"179":0,"183":1,"184":1,"185":0,"186":0,"187":0,"189":0,"191":0,"193":0,"194":0,"196":0,"197":0,"198":0,"199":0,"200":0,"201":0,"202":0,"203":0,"204":0,"205":0,"207":0,"209":1,"210":0,"211":0,"212":0,"215":1,"216":0,"217":0,"219":1,"220":0,"221":0,"222":0,"225":1,"226":0,"227":0,"229":0,"230":0,"231":0,"232":0,"234":0,"236":0,"237":0,"238":0,"239":0,"240":0,"241":0,"243":0,"244":0,"246":0,"248":0,"250":0,"252":0,"254":0,"256":0,"258":0,"260":0,"262":0,"264":0,"266":0,"268":0,"271":0,"273":0,"275":0,"277":0,"279":0,"280":0,"281":0,"282":0,"284":0,"285":0,"289":0,"290":0,"291":0,"292":0,"293":0,"294":0,"295":0,"296":0,"297":0,"298":0,"299":0,"300":0,"301":0,"305":0,"309":0,"312":0,"314":0,"315":0,"317":0,"322":0,"323":0,"324":0,"325":0,"326":0,"327":0,"330":0,"331":0,"333":0,"335":0,"336":0,"337":0,"339":0,"340":0,"343":0,"344":0,"345":0,"347":0,"348":0,"351":0,"352":0,"353":0,"355":0,"356":0,"363":0,"364":0,"365":0,"366":0,"367":0,"369":0,"372":0,"375":0,"378":0,"379":0,"382":0,"385":0,"386":0,"392":0,"393":0,"394":0,"395":0,"399":0,"400":0,"401":0,"403":0,"405":0,"410":1,"411":0,"412":0,"414":0,"415":0,"416":0,"417":0,"418":0,"420":0,"421":0,"422":0,"434":0,"436":0,"439":0,"440":0,"441":0,"443":0,"444":0,"446":0,"448":0,"450":0,"451":0,"452":0,"456":0,"457":0,"461":0,"462":0,"463":0,"464":0,"465":0,"466":0,"468":0,"469":0,"473":0,"474":0,"476":0,"477":0,"480":0,"481":0,"482":0,"483":0,"485":0,"487":0,"489":0,"491":0,"496":1,"498":1,"499":0,"502":1,"503":0,"504":0,"505":0,"507":0,"508":0,"509":0,"510":0,"512":0,"515":1,"516":0,"517":0,"519":0,"520":0,"522":0,"523":0,"526":0,"529":1,"530":0,"532":0,"534":0,"535":0,"536":0,"537":0,"539":0,"543":1,"544":1,"545":0,"546":0,"547":0,"549":1,"550":0,"551":0,"552":0,"553":0,"555":0,"557":1,"558":0,"559":0,"560":0,"562":0,"565":1,"566":1,"567":0,"568":0,"570":1,"571":0,"573":1,"574":0,"575":0,"577":0,"578":0,"580":0,"582":1,"583":0,"584":0,"587":1,"588":0,"589":0,"590":0,"591":0,"592":0,"593":0,"595":0,"597":0,"599":0,"600":0,"601":0,"602":0,"603":0,"606":0,"607":0,"608":0,"609":0,"612":0,"613":0,"614":0,"615":0,"618":0,"619":0,"620":0,"621":0,"624":0,"626":1,"627":0,"629":1,"630":0,"631":0,"632":0,"633":0,"634":0,"635":0,"636":0,"638":0,"639":0,"640":0,"642":0,"644":1,"645":0,"648":1,"649":1,"650":0,"651":0,"652":0,"653":0,"655":1,"656":0,"657":0,"659":1,"660":0,"661":0,"662":0,"665":1,"666":1,"667":0,"668":0,"670":0,"671":0,"672":0,"674":0,"678":1,"682":0,"683":0,"685":0,"690":1,"691":0}}}